0 1e-06 0 -0.002 0
0.0314159265358979 9.75325988997281e-07 -1.55141740386946e-06 -0.002 0
0.0628318530717959 9.02521569627047e-07 -3.02627542755317e-06 -0.002 0
0.0942477796076938 7.85179495978474e-07 -4.35179274484351e-06 -0.002 0
0.125663706143592 6.29090367284133e-07 -5.46255769799822e-06 -0.002 0
0.15707963267949 4.41956873301642e-07 -6.30375623366615e-06 -0.002 0
0.188495559215388 2.33013681810004e-07 -6.83387686799818e-06 -0.002 0
0.219911485751285 1.25717260208358e-08 -7.02675919626573e-06 -0.002 0
0.251327412287183 -2.08490619580655e-07 -6.87288485708899e-06 -0.002 0
0.282743338823081 -4.19264365499151e-07 -6.37984724474373e-06 -0.002 0
0.314159265358979 -6.09348244282895e-07 -5.5719767901735e-06 -0.002 0
0.345575191894877 -7.69361992498788e-07 -4.48914030234799e-06 -0.002 0
0.376991118430775 -8.91409248178701e-07 -3.18477362009674e-06 -0.002 0
0.408407044966673 -9.69467220663638e-07 -1.72324465915865e-06 -0.002 0
0.439822971502571 -9.99683903409714e-07 -1.76676982859668e-07 -0.002 0
0.471238898038469 -9.80568162891845e-07 1.37860935307733e-06 -0.002 0
0.502654824574367 -9.13063323093756e-07 2.86586404432177e-06 -0.002 0
0.534070751110265 -8.00500614335277e-07 4.21169401364247e-06 -0.002 0
0.565486677646163 -6.4843478364521e-07 5.34968521409779e-06 -0.002 0
0.596902604182061 -4.64369978982725e-07 6.22368003088566e-06 -0.002 0
0.628318530717959 -2.57389434378732e-07 6.79054854855455e-06 -0.002 0
0.659734457253857 -3.77072303030488e-08 7.02231692702033e-06 -0.002 0
0.691150383789755 1.83835751003394e-07 6.9075478552423e-06 -0.002 0
0.722566310325653 3.96306801623934e-07 6.4519049599001e-06 -0.002 0
0.753982236861551 5.89220895477028e-07 5.67787331661972e-06 -0.002 0
0.785398163397449 7.53058103614054e-07 4.6236498559667e-06 -0.002 0
0.816814089933347 8.79733383882558e-07 3.34125842047602e-06 -0.002 0
0.848230016469245 9.62995561764304e-07 1.89398249092586e-06 -0.002 0
0.879645943005143 9.98735813472965e-07 3.53242271735607e-07 -0.002 0
0.911061869541041 9.85190428280743e-07 -1.2049297548535e-06 -0.002 0
0.942477796076938 9.23027844154175e-07 -2.70364088138511e-06 -0.002 0
0.973893722612836 8.15315661662653e-07 -4.06893267820736e-06 -0.002 0
1.00530964914873 6.67369263958022e-07 -5.23343069568681e-06 -0.002 0
1.03672557568463 4.86489513129833e-07 -6.13966926003158e-06 -0.002 0
1.06814150222053 2.81602467102296e-07 -6.74292729062619e-06 -0.002 0
1.09955742875643 6.28188963314062e-08 -7.01343519690186e-06 -0.002 0
1.13097335529233 -1.59064662718003e-07 -6.93784394874704e-06 -0.002 0
1.16238928182822 -3.73098695291316e-07 -6.51988382473911e-06 -0.002 0
1.19380520836412 -5.6872104523919e-07 -5.78018033027502e-06 -0.002 0
1.22522113490002 -7.36278136531641e-07 -4.75523636967711e-06 -0.002 0
1.25663706143592 -8.67501358140402e-07 -3.49563090006734e-06 -0.002 0
1.28805298797182 -9.55915103637901e-07 -2.06352295987819e-06 -0.002 0
1.31946891450771 -9.97156329565746e-07 -5.29584243256264e-07 -0.002 0
1.35088484104361 -9.89189862999317e-07 1.03048840825559e-06 -0.002 0
1.38230076757951 -9.32408833306041e-07 2.53970849512052e-06 -0.002 0
1.41371669411541 -8.29615271988713e-07 3.92359899128087e-06 -0.002 0
1.44513262065131 -6.85881837973235e-07 5.11386763807901e-06 -0.002 0
1.4765485471872 -5.08301491924321e-07 6.05177703214034e-06 -0.002 0
1.5079644737231 -3.05637472666524e-07 6.69104320004759e-06 -0.002 0
1.539380400259 -8.78908486818915e-08 7.00011962087951e-06 -0.002 0
1.5707963267949 1.34193014837573e-07 6.96375398461952e-06 -0.002 0
1.6022122533308 3.49654718507855e-07 6.58374086348601e-06 -0.002 0
1.63362817986669 5.47861653434904e-07 5.87883315334305e-06 -0.002 0
1.66504410640259 7.19032699432308e-07 4.88381665538261e-06 -0.002 0
1.69646003293849 8.54720903955494e-07 3.64779346564185e-06 -0.002 0
1.72787595947439 9.48230322501774e-07 2.23175888368733e-06 -0.002 0
1.75929188601029 9.94946450227011e-07 7.05591415229797e-07 -0.002 0
1.79070781254618 9.92563938632213e-07 -8.55395593913329e-07 -0.002 0
1.82212373908208 9.41200359951987e-07 -2.37417052246468e-06 -0.002 0
1.85353966561798 8.43390405197323e-07 -3.77578483182881e-06 -0.002 0
1.88495559215388 7.03960802167804e-07 -4.99107162822408e-06 -0.002 0
1.91637151868978 5.29792125981939e-07 -5.96005891207905e-06 -0.002 0
1.94778744522567 3.29479256304806e-07 -6.63492907758702e-06 -0.002 0
1.97920337176157 1.12907237037206e-07 -6.98237861696967e-06 -0.002 0
2.01061929829747 -1.09236531048281e-07 -6.98526158271174e-06 -0.002 0
2.04203522483337 -3.25989692395799e-07 -6.64343570615636e-06 -0.002 0
2.07345115136927 -5.2665590722942e-07 -5.97376941818182e-06 -0.002 0
2.10486707790516 -7.01332694763786e-07 -5.00930942550342e-06 -0.002 0
2.13628300444106 -8.41400101043813e-07 -3.79764992106324e-06 -0.002 0
2.16769893097696 -9.39946076622149e-07 -2.39858390474952e-06 -0.002 0
2.19911485751286 -9.92107572527409e-07 -8.81152517122352e-07 -0.002 0
2.23053078404875 -9.95310522111824e-07 6.79762004309901e-07 -0.002 0
2.26194671058465 -9.4939686614882e-07 2.20713161539502e-06 -0.002 0
2.29336263712055 -8.56632352743208e-07 3.62558364695475e-06 -0.002 0
2.32477856365645 -7.21594727143853e-07 4.86512029692204e-06 -0.002 0
2.35619449019234 -5.50947829070391e-07 5.86457288341773e-06 -0.002 0
2.38761041672824 -3.53112745404112e-07 6.57462039821002e-06 -0.002 0
2.41902634326414 -1.37852246207227e-07 6.960223400914e-06 -0.002 0
2.45044226980004 8.42109886689917e-08 7.00235314606686e-06 -0.002 0
2.48185819633594 3.02118577823273e-07 6.69893061407771e-06 -0.002 0
2.51327412287183 5.05117212750877e-07 6.0649291067321e-06 -0.002 0
2.54469004940773 6.83189312348322e-07 5.13163534436604e-06 -0.002 0
2.57610597594363 8.27547370726119e-07 3.94510552810234e-06 -0.002 0
2.60752190247953 9.31067603242778e-07 2.5638925574241e-06 -0.002 0
2.63893782901542 9.88641491186061e-07 1.05615656040254e-06 -0.002 0
2.67035375555132 9.97427877066804e-07 -5.03698673802935e-07 -0.002 0
2.70176968208722 9.56993170121216e-07 -2.03869737476948e-06 -0.002 0
2.73318560862312 8.69332743157432e-07 -3.4730903928235e-06 -0.002 0
2.76460153515902 7.38772464854265e-07 -4.73609326974562e-06 -0.002 0
2.79601746169491 5.71755226698454e-07 -5.76537931177254e-06 -0.002 0
2.82743338823081 3.76522999033801e-07 -6.51015528865242e-06 -0.002 0
2.85884931476671 1.62710106127271e-07 -6.93366797908902e-06 -0.002 0
2.89026524130261 -5.91322086769361e-08 -7.01501786951508e-06 -0.002 0
2.9216811678385 -2.78056465946123e-07 -6.75019050374771e-06 -0.002 0
2.9530970943744 -4.83259186615044e-07 -6.15225458846046e-06 -0.002 0
2.9845130209103 -6.64614022308552e-07 -5.25071707835878e-06 -0.002 0
3.0159289474462 -8.13171470604052e-07 -4.09006706632994e-06 -0.002 0
3.0473448739821 -9.21600515273986e-07 -2.72758033470816e-06 -0.002 0
3.07876080051799 -9.84550397435955e-07 -1.23049290870762e-06 -0.002 0
3.11017672705389 -9.98914664919791e-07 3.27316908429328e-07 -0.002 0
3.14159265358979 -9.63984469537609e-07 1.86897428356636e-06 -0.002 0
3.17300858012569 -8.81483547339784e-07 3.31840147463039e-06 -0.002 0
3.20442450666158 -7.55483155650401e-07 4.60407211670151e-06 -0.002 0
3.23584043319748 -5.92201164571242e-07 5.66254090664305e-06 -0.002 0
3.26725635973338 -3.99695217391172e-07 6.44157450331687e-06 -0.002 0
3.29867228626928 -1.8746510182781e-07 6.9027291396513e-06 -0.002 0
3.33008821280518 3.40160457058031e-08 7.0232477465046e-06 -0.002 0
3.36150413934107 2.53818568667388e-07 6.79718296901368e-06 -0.002 0
3.39292006587697 4.61095647316984e-07 6.23569065679285e-06 -0.002 0
3.42433599241287 6.45618567816167e-07 5.36647934482147e-06 -0.002 0
3.45575191894877 7.98281489023634e-07 4.23244289205012e-06 -0.002 0
3.48716784548466 9.11550797744227e-07 2.88954375430515e-06 -0.002 0
3.51858377202056 9.79836877638661e-07 1.40405134778708e-06 -0.002 0
3.54999969855646 9.99769945733642e-07 -1.50728215538328e-07 -0.002 0
3.58141562509236 9.70366344546183e-07 -1.69806963956651e-06 -0.002 0
3.61283155162825 8.93077083634721e-07 -3.16161468565463e-06 -0.002 0
3.64424747816415 7.71716235147499e-07 -4.46914030066237e-06 -0.002 0
3.67566340470005 6.12272716906261e-07 -5.55612268176767e-06 -0.002 0
3.70707933123595 4.22614751157801e-07 -6.36892139850818e-06 -0.002 0
3.73849525777185 2.12101583369379e-07 -6.86742644192417e-06 -0.002 0
3.76991118430774 -8.87837802254478e-09 -7.02703757416332e-06 -0.002 0
3.80132711084364 -2.29420209020439e-07 -6.83987830155955e-06 -0.002 0
3.83274303737954 -4.38640606495099e-07 -6.31518456401586e-06 -0.002 0
3.86415896391544 -6.26214957667957e-07 -5.47884895963868e-06 -0.002 0
3.89557489045133 -7.82886839329679e-07 -4.37214299623679e-06 -0.002 0
3.92699081698723 -9.00924804016389e-07 -3.04968042404571e-06 -0.002 0
3.95840674352313 -9.74503911649251e-07 -1.5767221551793e-06 -0.002 0
3.98982267005903 -9.9999317880566e-07 -2.59557667026565e-08 -0.002 0
4.02123859659493 -9.76134760569078e-07 1.52609148752039e-06 -0.002 0
4.05265452313082 -9.0410602268766e-07 3.002829145435e-06 -0.002 0
4.08407044966672 -7.874614409034e-07 4.33138312460214e-06 -0.002 0
4.11548637620262 -6.31957194605002e-07 5.44619191402245e-06 -0.002 0
4.14690230273852 -4.45267110760739e-07 6.29224190502375e-06 -0.002 0
4.17831822927441 -2.36603975736353e-07 6.82778220403238e-06 -0.002 0
4.20973415581031 -1.62649025107539e-08 7.02638495658803e-06 -0.002 0
4.24115008234621 2.04876811481863e-07 6.87824950968723e-06 -0.002 0
4.27256600888211 4.15908260073066e-07 6.39068605462345e-06 -0.002 0
4.30398193541801 6.06415458693938e-07 5.58775488350623e-06 -0.002 0
4.3353978619539 7.6699725391474e-07 4.50907906143676e-06 -0.002 0
4.3668137884898 8.89729251771244e-07 3.20788910661926e-06 -0.002 0
4.3982297150257 9.68554870932456e-07 1.74839616957735e-06 -0.002 0
4.4296456415616 9.99584223009418e-07 2.02623339884933e-07 -0.002 0
4.46106156809749 9.81286070853023e-07 -1.35314855084294e-06 -0.002 0
4.49247749463339 9.14563392078541e-07 -2.8421452371072e-06 -0.002 0
4.52389342116929 8.02708818906398e-07 -4.19088767766808e-06 -0.002 0
4.55530934770519 6.51242153274901e-07 -5.33281810088911e-06 -0.002 0
4.58672527424109 4.67637975532721e-07 -6.21158449911646e-06 -0.002 0
4.61814120077698 2.6095678868337e-07 -6.78382148879276e-06 -0.002 0
4.64955712731288 4.13979004836024e-08 -7.02129030635911e-06 -0.002 0
4.68097305384878 -1.8020389222021e-07 -6.91227233538061e-06 -0.002 0
4.71238898038468 -3.92912979285272e-07 -6.46214739708813e-06 -0.002 0
4.74380490692057 -5.86232588002339e-07 -5.69312826684172e-06 -0.002 0
4.77522083345647 -7.50622778066358e-07 -4.64316451760342e-06 -0.002 0
4.80663675999237 -8.77971218760573e-07 -3.36406978357558e-06 -0.002 0
4.83805268652827 -9.61993516431248e-07 -1.91896485984006e-06 -0.002 0
4.86946861306417 -9.98543336883983e-07 -3.79162815973511e-07 -0.002 0
4.90088453960006 -9.85817018774784e-07 1.17935016287934e-06 -0.002 0
4.93230046613596 -9.2444258072975e-07 2.67966454394231e-06 -0.002 0
4.96371639267186 -8.17448729868099e-07 4.04774278012366e-06 -0.002 0
4.99513231920776 -6.70115401096598e-07 5.21607291651915e-06 -0.002 0
5.02654824574365 -4.89713202765595e-07 6.12700017184828e-06 -0.002 0
5.05796417227955 -2.85144626528158e-07 6.73557208786971e-06 -0.002 0
5.08938009881545 -6.65047269860754e-08 7.01175684427969e-06 -0.002 0
5.12079602535135 1.55417049286782e-07 6.94192526964131e-06 -0.002 0
5.15221195188724 3.69669301591415e-07 6.52952341403652e-06 -0.002 0
5.18362787842314 5.65679105066376e-07 5.79490249331079e-06 -0.002 0
5.21504380495904 7.33773763616501e-07 4.77431459682579e-06 -0.002 0
5.24645973149494 8.65658138332664e-07 3.51812371855576e-06 -0.002 0
5.27787565803084 9.54823996189197e-07 2.08832039360462e-06 -0.002 0
5.30929158456673 9.96871178470464e-07 5.55462587915506e-07 -0.002 0
5.34070751110263 9.89724739899984e-07 -1.00480619778526e-06 -0.002 0
5.37212343763853 9.33737343085591e-07 -2.51548978512652e-06 -0.002 0
5.40353936417443 8.3167185531731e-07 -3.90203892719694e-06 -0.002 0
5.43495529071032 6.88565006531525e-07 -5.096030166422e-06 -0.002 0
5.46637121724622 5.11478836651244e-07 -6.0385423968541e-06 -0.002 0
5.49778714378212 3.09152197884578e-07 -6.68306450420546e-06 -0.002 0
5.52920307031802 9.15695096536719e-08 -6.99779059733949e-06 -0.002 0
5.56061899685392 -1.30531952754652e-07 -6.9671895660865e-06 -0.002 0
5.59203492338981 -3.46191921486025e-07 -6.59277151081017e-06 -0.002 0
5.62345084992571 -5.44768003657798e-07 -5.89301322194151e-06 -0.002 0
5.65486677646161 -7.16460862397204e-07 -4.90244638691813e-06 -0.002 0
5.68628270299751 -8.52797794732994e-07 -3.66995351971266e-06 -0.002 0
5.7176986295334 -9.4705084272811e-07 -2.2563557054575e-06 -0.002 0
5.7491145560693 -9.94568804896008e-07 -7.31411200197354e-07 -0.002 0
5.7805304826052 -9.93006763793976e-07 8.29627001065142e-07 -0.002 0
5.8119464091411 -9.42441803060688e-07 2.34972475082278e-06 -0.002 0
5.843362335677 -8.45369203491116e-07 3.75386823187012e-06 -0.002 0
5.87477826221289 -7.06579305864943e-07 4.97276574080565e-06 -0.002 0
5.90619418874879 -5.32921117104355e-07 5.94626709653604e-06 -0.002 0
5.93761011528469 -3.32964325329736e-07 6.62633193273633e-06 -0.002 0
5.96902604182059 -1.16576402701717e-07 6.97940039490458e-06 -0.002 0
6.00044196835648 1.05564334812143e-07 6.98804925280026e-06 -0.002 0
6.03185789489238 3.22495681208702e-07 6.65185170239361e-06 -0.002 0
6.06327382142828 5.23512503632313e-07 5.98739842780029e-06 -0.002 0
6.09468974796418 6.98695019506552e-07 5.02747888383655e-06 -0.002 0
6.12610567450008 8.39398318183088e-07 3.81946320128138e-06 -0.002 0
6.15752160103597 9.38678970182594e-07 2.42296456462044e-06 -0.002 0
6.18893752757187 9.91637671705487e-07 9.06897419306246e-07 -0.002 0
6.22035345410777 9.95661015583635e-07 -6.53923319812534e-07 -0.002 0
6.25176938064367 9.50550457754805e-07 -2.18247423655535e-06 -0.002 0
6.28318530717956 8.5853211501941e-07 -3.60332436664635e-06 -0.002 0
6.31460123371546 7.24146910579659e-07 -4.84635756659939e-06 -0.002 0
6.34601716025136 5.54026488461451e-07 -5.85023260670968e-06 -0.002 0
6.37743308678726 3.56565954999048e-07 -6.56541023940712e-06 -0.002 0
6.40884901332316 1.41509596942959e-07 -6.95659786313554e-06 -0.002 0
6.44026493985905 -8.05299798170536e-08 -7.0044911424309e-06 -0.002 0
6.47168086639495 -2.98595561360955e-07 -6.70672663869263e-06 -0.002 0
6.50309679293085 -5.01926042572089e-07 -6.07799844120366e-06 -0.002 0
6.53451271946675 -6.80487466389268e-07 -5.14933304288914e-06 -0.002 0
6.56592864600264 -8.25468179740642e-07 -3.9665582442608e-06 -0.002 0
6.59734457253854 -9.29713671193384e-07 -2.58804164210886e-06 -0.002 0
6.62876049907444 -9.88079631941316e-07 -1.08181030405117e-06 -0.002 0
6.66017642561034 -9.97685817269082e-07 4.77806232696525e-07 -0.002 0
6.69159235214623 -9.5805818093174e-07 2.01384397695879e-06 -0.002 0
6.72300827868213 -8.71152268399286e-07 3.4505025043306e-06 -0.002 0
6.75442420521803 -7.41256714555776e-07 4.71688555818891e-06 -0.002 0
6.78584013175393 -5.74781608050685e-07 5.7504996397246e-06 -0.002 0
6.81725605828983 -3.79942166103184e-07 6.5003379384969e-06 -0.002 0
6.84867198482572 -1.66353329782027e-07 6.92939741763744e-06 -0.002 0
6.88008791136162 5.54447143178928e-08 7.01650484052792e-06 -0.002 0
6.91150383789752 2.74506671435568e-07 6.75736162814671e-06 -0.002 0
6.94291976443342 4.80022267290598e-07 6.16475598544098e-06 -0.002 0
6.97433569096931 6.61849713736269e-07 5.26793182870752e-06 -0.002 0
7.00575161750521 8.11016185944186e-07 4.11114565616787e-06 -0.002 0
7.03716754404111 9.2016061356136e-07 2.75148257732011e-06 -0.002 0
7.06858347057701 9.8389693497197e-07 1.25603927569921e-06 -0.002 0
7.09999939711291 9.99079888784498e-07 -3.01387079738569e-07 -0.002 0
7.1314153236488 9.64960226260098e-07 -1.84394057893326e-06 -0.002 0
7.1628312501847 8.83221685255841e-07 -3.29549925786206e-06 -0.002 0
7.1942471767206 7.57897901091897e-07 -4.584431566895e-06 -0.002 0
7.2256631032565 5.95173354626992e-07 -5.64713124608241e-06 -0.002 0
7.25707902979239 4.03078180360899e-07 -6.43115616827055e-06 -0.002 0
7.28849495632829 1.91091895180443e-07 -6.89781625434643e-06 -0.002 0
7.31991088286419 -3.03243970484412e-08 -7.02408275211331e-06 -0.002 0
7.35132680940009 -2.50244240264477e-07 -6.80372465966082e-06 -0.002 0
7.38274273593599 -4.57815025205204e-07 -6.2476162129844e-06 -0.002 0
7.41415866247188 -6.42793544207682e-07 -5.38320026394808e-06 -0.002 0
7.44557458900778 -7.96051473245643e-07 -4.25313402982677e-06 -0.002 0
7.47699051554368 -9.10025836664413e-07 -2.91318404400951e-06 -0.002 0
7.50840644207958 -9.79092225069949e-07 -1.42947418788262e-06 -0.002 0
7.53982236861547 -9.99842348807378e-07 1.24777391924092e-07 -0.002 0
7.57123829515137 -9.71252230313892e-07 1.67287145424835e-06 -0.002 0
7.60265422168727 -8.94732735386044e-07 3.13841261923612e-06 -0.002 0
7.63407014822317 -7.74059949743378e-07 4.44907932922771e-06 -0.002 0
7.66548607475907 -6.15188836667245e-07 5.54019277457666e-06 -0.002 0
7.69690200129496 -4.25959371341753e-07 6.35790866497143e-06 -0.002 0
7.72831792783086 -2.15709653585862e-07 6.8618743386586e-06 -0.002 0
7.75973385436676 5.18490890197073e-09 7.02722008648304e-06 -0.002 0
7.79114978090266 2.25823606391213e-07 6.84578642284261e-06 -0.002 0
7.82256570743855 4.35318355582912e-07 6.32652674016315e-06 -0.002 0
7.85398163397445 6.23331004983932e-07 5.49506547669211e-06 -0.002 0
7.88539756051035 7.80583502234329e-07 4.39243360115595e-06 -0.002 0
7.91681348704625 8.99315747639382e-07 3.07304381561255e-06 -0.002 0
7.94822941358214 9.73668539740088e-07 1.60200539623265e-06 -0.002 0
7.97964534011804 9.99972715315696e-07 5.19111793066516e-08 -0.002 0
8.01106126665394 9.76930215331067e-07 -1.5007447516381e-06 -0.002 0
8.04247719318984 9.05678141582502e-07 -2.97934189755448e-06 -0.002 0
8.07389311972574 7.89732642973278e-07 -4.31091441394866e-06 -0.002 0
8.10530904626163 6.34815400520193e-07 -5.42975183097976e-06 -0.002 0
8.13672497279753 4.48571273712843e-07 -6.28064173517161e-06 -0.002 0
8.16814089933343 2.40191041819301e-07 -6.82159439280792e-06 -0.002 0
8.19955682586933 1.99578571085495e-08 -7.02591486023572e-06 -0.002 0
8.23097275240523 -2.01260208373977e-07 -6.88352032653221e-06 -0.002 0
8.26238867894112 -4.12546480664843e-07 -6.40143768028007e-06 -0.002 0
8.29380460547702 -6.03474400149591e-07 -5.60345674651499e-06 -0.002 0
8.32522053201292 -7.64622051656036e-07 -4.52895630591637e-06 -0.002 0
8.35663645854882 -8.88037117331512e-07 -3.23096082987175e-06 -0.002 0
8.38805238508471 -9.67629307799265e-07 -1.77352382769594e-06 -0.002 0
8.41946831162061 -9.99470905892632e-07 -2.28566932643842e-07 -0.002 0
8.45088423815651 -9.81990591728214e-07 1.32766928843007e-06 -0.002 0
8.48230016469241 -9.16050984234058e-07 2.81838765624262e-06 -0.002 0
8.51371609122831 -8.04906072611815e-07 4.17002416797507e-06 -0.002 0
8.5451320177642 -6.5404063840601e-07 5.31587823530312e-06 -0.002 0
8.5765479443001 -4.70899592383692e-07 6.1994042264972e-06 -0.002 0
8.607963870836 -2.64520582914068e-07 6.77700188150147e-06 -0.002 0
8.6393797973719 -4.50880058979069e-08 7.02016789852647e-06 -0.002 0
8.67079572390779 1.76569575025486e-07 6.91690251561306e-06 -0.002 0
8.70221165044369 3.89513796675028e-07 6.47230167514965e-06 -0.002 0
8.73362757697959 5.83236282914827e-07 5.70830554919509e-06 -0.002 0
8.76504350351549 7.48177212230971e-07 4.66261583538508e-06 -0.002 0
8.79645943005139 8.76197076013971e-07 3.38683525272761e-06 -0.002 0
8.82787535658728 9.60978347208731e-07 1.94392104948977e-06 -0.002 0
8.85929128312318 9.98337237778684e-07 4.05078187524907e-07 -0.002 0
8.89070720965908 9.86430160369885e-07 -1.15375448175186e-06 -0.002 0
8.92212313619498 9.25844705700325e-07 -2.65565164947427e-06 -0.002 0
8.95353906273087 8.19570646120245e-07 -4.02649766115968e-06 -0.002 0
8.98495498926677 6.7285239626041e-07 -5.19864397765737e-06 -0.002 0
9.01637091580267 4.92930211543501e-07 -6.11424749674719e-06 -0.002 0
9.04778684233857 2.88682895900195e-07 -6.72812499582083e-06 -0.002 0
9.07920276887446 7.01896503574098e-08 -7.00998283454531e-06 -0.002 0
9.11061869541036 -1.51767315595767e-07 -6.94591188609286e-06 -0.002 0
9.14203462194626 -3.66234864719217e-07 -6.5390739250376e-06 -0.002 0
9.17345054848216 -5.62629447679341e-07 -5.80954560003437e-06 -0.002 0
9.20486647501806 -7.31259380274475e-07 -4.79332769091904e-06 -0.002 0
9.23628240155395 -8.63803108880137e-07 -3.54056854143298e-06 -0.002 0
9.26769832808985 -9.53719862660414e-07 -2.11308933765256e-06 -0.002 0
9.29911425462575 -9.96572427671101e-07 -5.81333354738223e-07 -0.002 0
9.33053018116165 -9.9024611459106e-07 9.79110279358217e-07 -0.002 0
9.36194610769754 -9.3505311445738e-07 2.49123675784315e-06 -0.002 0
9.39336203423344 -8.33717092655202e-07 3.88042562998132e-06 -0.002 0
9.42477796076934 -6.91238781418363e-07 5.07812317274073e-06 -0.002 0
9.45619388730524 -5.14649203585075e-07 6.02522538142542e-06 -0.002 0
9.48760981384114 -3.12662705528186e-07 6.67499463539979e-06 -0.002 0
9.51902574037703 -9.52469213986102e-08 6.99536610722023e-06 -0.002 0
9.55044166691293 1.26869109904096e-07 6.97053009844541e-06 -0.002 0
9.58185759344883 3.42724401579443e-07 6.60171221698289e-06 -0.002 0
9.61327351998473 5.41666921943844e-07 5.90711289576309e-06 -0.002 0
9.64468944652062 7.13879251124539e-07 4.92100923737455e-06 -0.002 0
9.67610537305652 8.50863051311512e-07 3.69206350685111e-06 -0.002 0
9.70752129959242 9.45858442918748e-07 2.28092174514613e-06 -0.002 0
9.73893722612832 9.94177591270798e-07 7.57221006969035e-07 -0.002 0
9.77035315266422 9.93436041971504e-07 -8.03847090122942e-07 -0.002 0
9.80176907920011 9.43670389012003e-07 -2.32524692332254e-06 -0.002 0
9.83318500573601 8.47336468929657e-07 -3.73190042018196e-06 -0.002 0
9.86460093227191 7.09188170132557e-07 -4.95439201298417e-06 -0.002 0
9.89601685880781 5.36042837909756e-07 -5.93239415970609e-06 -0.002 0
9.9274327853437 3.36444851925924e-07 -6.61764438888989e-06 -0.002 0
9.9588487118796 1.20243977985632e-07 -6.97632695714655e-06 -0.002 0
9.9902646384155 -1.01890698426317e-07 -6.99074158920476e-06 -0.002 0
10.0216805649514 -3.18997270410174e-07 -6.6601769514845e-06 -0.002 0
10.0530964914873 -5.20361958074153e-07 -6.00094575500223e-06 -0.002 0
10.0845124180232 -6.96047812380292e-07 -5.04557975534866e-06 -0.002 0
10.1159283445591 -8.37385083924248e-07 -3.84122437489797e-06 -0.002 0
10.147344271095 -9.37399057919682e-07 -2.44731216946701e-06 -0.002 0
10.1787601976309 -9.91154242577017e-07 -9.32629949243055e-07 -0.002 0
10.2101761241668 -9.95997925860878e-07 6.28075714239068e-07 -0.002 0
10.2415920507027 -9.51691081581984e-07 2.15778708355385e-06 -0.002 0
10.2730079772386 -8.60420164866803e-07 3.58101592838639e-06 -0.002 0
10.3044239037745 -7.2668921492185e-07 4.82752872038313e-06 -0.002 0
10.3358398303104 -5.57097589607816e-07 5.83581251885454e-06 -0.002 0
10.3672557568463 -3.60014300182635e-07 6.55611051272589e-06 -0.002 0
10.3986716833822 -1.45165017149766e-07 6.95287742074513e-06 -0.002 0
10.4300876099181 7.684787234383e-08 7.00653358080427e-06 -0.002 0
10.461503536454 2.95068471341931e-07 6.71443116753598e-06 -0.002 0
10.4929194629899 4.98728024923138e-07 6.09098485725809e-06 -0.002 0
10.5243353895258 6.77776336955705e-07 5.16696049220941e-06 -0.002 0
10.5557513160617 8.23377727397413e-07 3.98795684708997e-06 -0.002 0
10.5871672425976 9.28347055628724e-07 2.61215541972363e-06 -0.002 0
10.6185831691335 9.87504292930184e-07 1.10744928922317e-06 -0.002 0
10.6499990956694 9.97930146653659e-07 -4.5190727317177e-07 -0.002 0
10.6814150222053 9.59110121540179e-07 -1.98896310550582e-06 -0.002 0
10.7128309487411 8.72959909043295e-07 -3.42786754274138e-06 -0.002 0
10.744246875277 7.43730851745075e-07 -4.69761349704605e-06 -0.002 0
10.7756628018129 5.77800148008812e-07 -5.73554151712547e-06 -0.002 0
10.8070787283488 3.83356149853862e-07 -6.49043190820467e-06 -0.002 0
10.8384946548847 1.69994283980001e-07 -6.92503232265296e-06 -0.002 0
10.8699105814206 -5.17564635605058e-08 -7.01789608965455e-06 -0.002 0
10.9013265079565 -2.70953131998304e-07 -6.76444056599193e-06 -0.002 0
10.9327424344924 -4.76778799315806e-07 -6.17717328042421e-06 -0.002 0
10.9641583610283 -6.59076375952942e-07 -5.2850747118827e-06 -0.002 0
10.9955742875642 -8.08849837086284e-07 -4.13216816015883e-06 -0.002 0
11.0269902141001 -9.18708158659995e-07 -2.7753472831373e-06 -0.002 0
11.058406140636 -9.83230049803575e-07 -1.2815685073148e-06 -0.002 0
11.0898220671719 -9.99231482813039e-07 2.75453139408122e-07 -0.002 0
11.1212379937078 -9.65922818620118e-07 1.81888171854607e-06 -0.002 0
11.1526539202437 -8.84947773918377e-07 3.27255208261194e-06 -0.002 0
11.1840698467796 -7.60302306995645e-07 4.56472847449117e-06 -0.002 0
11.2154857733155 -5.98137425096504e-07 5.63164454516238e-06 -0.002 0
11.2469016998514 -4.06455644381422e-07 6.42065009689211e-06 -0.002 0
11.2783176263873 -1.94716081583167e-07 6.89280926635117e-06 -0.002 0
11.3097335529232 2.66323346938677e-08 7.02482193245498e-06 -0.002 0
11.3411494794591 2.46666497932373e-07 6.81017353125167e-06 -0.002 0
11.372565405995 4.54528157402906e-07 6.25945653676725e-06 -0.002 0
11.4039813325309 6.39959751359825e-07 5.39984774336433e-06 -0.002 0
11.4353972590668 7.93810597424042e-07 4.27376714469586e-06 -0.002 0
11.4668131856027 9.08488460658424e-07 2.93678459092485e-06 -0.002 0
11.4982291121386 9.78334215344546e-07 1.45487752653568e-06 -0.002 0
11.5296450386745 9.99901111643172e-07 -9.8824866048171e-08 -0.002 0
11.5610609652104 9.72124865881167e-07 -1.64765044696759e-06 -0.002 0
11.5924768917463 8.96376180845625e-07 -3.11516773737281e-06 -0.002 0
11.6238928182822 7.7639310431256e-07 -4.42895766172356e-06 -0.002 0
11.6553087448181 6.18096563783006e-07 -5.52418728592244e-06 -0.002 0
11.686724671354 4.29298180422398e-07 -6.34680919437346e-06 -0.002 0
11.7181405978899 2.19314781007409e-07 -6.8562286230362e-06 -0.002 0
11.7495565244258 -1.49136904685355e-09 -7.02730673073499e-06 -0.002 0
11.7809724509617 -2.22223922988574e-07 -6.85160115124644e-06 -0.002 0
11.8123883774976 -4.31990165888517e-07 -6.33778260737365e-06 -0.002 0
11.8438043040335 -6.20438548576058e-07 -5.51120702792648e-06 -0.002 0
11.8752202305694 -7.78269516115443e-07 -4.41266428278867e-06 -0.002 0
11.9066361571053 -8.97694422447397e-07 -3.09636528352121e-06 -0.002 0
11.9380520836412 -9.72819884666257e-07 -1.62726678210571e-06 -0.002 0
11.9694680101771 -9.99938609809278e-07 -7.78658837181644e-08 -0.002 0
12.000883936713 -9.77712342431342e-07 1.47537754201258e-06 -0.002 0
12.0322998632489 -9.07237904864116e-07 2.95581400433378e-06 -0.002 0
12.0637157897848 -7.91993071203486e-07 4.29038689212516e-06 -0.002 0
12.0951317163206 -6.37664946036948e-07 5.41323767315214e-06 -0.002 0
12.1265476428565 -4.5186931708128e-07 6.26895588236374e-06 -0.002 0
12.1579635693924 -2.43774831122699e-07 6.81531351874132e-06 -0.002 0
12.1893794959283 -2.36505394335016e-08 7.02534891362204e-06 -0.002 0
12.2207954224642 1.97640859596101e-07 6.8886972357174e-06 -0.002 0
12.2522113490001 4.0917907313718e-07 6.41210197503573e-06 -0.002 0
12.283627275536 6.00525108772918e-07 5.61908216498885e-06 -0.002 0
12.3150432020719 7.62236418126108e-07 4.54877176461374e-06 -0.002 0
12.3464591286078 8.86332867944262e-07 3.25398847510078e-06 -0.002 0
12.3778750551437 9.66690543890957e-07 1.79862729071313e-06 -0.002 0
12.4092909816796 9.99343953605272e-07 2.54507407203814e-07 -0.002 0
12.4407069082155 9.82681715906071e-07 -1.30217191343674e-06 -0.002 0
12.4721228347514 9.17526079265995e-07 -2.79459162583817e-06 -0.002 0
12.5035387612873 8.07092345475736e-07 -4.14910376919156e-06 -0.002 0
12.5349546878232 6.56830200860517e-07 -5.29886584844006e-06 -0.002 0
12.5663706143591 4.74154785039394e-07 -6.18713937919589e-06 -0.002 0
12.597786540895 2.68080768452159e-07 -6.77008981971642e-06 -0.002 0
12.6292024674309 4.87774962041101e-08 -7.01894971883476e-06 -0.002 0
12.6606183939668 -1.7293284899999e-07 -6.92143833277291e-06 -0.002 0
12.6920343205027 -3.86109300166173e-07 -6.48236765555605e-06 -0.002 0
12.7234502470386 -5.80232021091249e-07 -5.72340495662544e-06 -0.002 0
12.7548661735745 -7.45721439471251e-07 -4.68200354394924e-06 -0.002 0
12.7862821001104 -8.74410979846296e-07 -3.40955451735672e-06 -0.002 0
12.8176980266463 -9.59950067946087e-07 -1.96885071941297e-06 -0.002 0
12.8491139531822 -9.98117518968751e-07 -4.30988032842225e-07 -0.002 0
12.8805298797181 -9.87029844701332e-07 1.12814306065729e-06 -0.002 0
12.911945806254 -9.27234199937566e-07 2.63160252557422e-06 -0.002 0
12.9433617327899 -8.21681381471085e-07 4.00519761114958e-06 -0.002 0
12.9747776593258 -6.75580212110308e-07 5.18114411687383e-06 -0.002 0
13.0061935858617 -4.96140495575869e-07 6.10141140870525e-06 -0.002 0
13.0376095123976 -2.92217226947961e-07 6.72058611607565e-06 -0.002 0
13.0690254389335 -7.38736161742532e-08 7.00811319190045e-06 -0.002 0
13.1004413654694 1.48115511436043e-07 6.9498037437147e-06 -0.002 0
13.1318572920053 3.62795431528646e-07 6.54853522745058e-06 -0.002 0
13.1632732185412 5.59572114682697e-07 5.82410945067881e-06 -0.002 0
13.1946891450771 7.28735020807754e-07 4.81227539257285e-06 -0.002 0
13.226105071613 8.61936295089854e-07 3.562965062498e-06 -0.002 0
13.2575209981489 9.52602718114571e-07 2.13782945411443e-06 -0.002 0
13.2889369246848 9.96260081243329e-07 6.07196190785365e-07 -0.002 0
13.3203528512207 9.90753979959751e-07 -9.53401003528182e-07 -0.002 0
13.3517687777566 9.36356129471143e-07 -2.46694974413963e-06 -0.002 0
13.3831847042925 8.35750956100465e-07 -3.85875939449099e-06 -0.002 0
13.4146006308284 6.93903126157073e-07 -5.06014690132935e-06 -0.002 0
13.4460165573643 5.17812549474437e-07 -6.01182616753018e-06 -0.002 0
13.4774324839002 3.1616894770564e-07 -6.66683370372284e-06 -0.002 0
13.508848410436 9.89230337480264e-08 -6.99284618359755e-06 -0.002 0
13.5402643369719 -1.2320453625583e-07 -6.97377553612339e-06 -0.002 0
13.5716802635078 -3.39252206093363e-07 -6.61056286003158e-06 -0.002 0
13.6030961900437 -5.38558450599205e-07 -5.92113198245455e-06 -0.002 0
13.6345121165796 -7.11287900833659e-07 -4.93950495351024e-06 -0.002 0
13.6659280431155 -8.48916700085568e-07 -3.71412312542416e-06 -0.002 0
13.6973439696514 -9.44653139340869e-07 -2.30545666761377e-06 -0.002 0
13.7287598961873 -9.93772814688469e-07 -7.83020483437421e-07 -0.002 0
13.7601758227232 -9.93851767308416e-07 7.78056212786296e-07 -0.002 0
13.7915917492591 -9.44886101045083e-07 2.30073737389998e-06 -0.002 0
13.823007675795 -8.49292174674743e-07 3.70988169645774e-06 -0.002 0
13.8544236023309 -7.11787359379505e-07 4.93595069542116e-06 -0.002 0
13.8858395288668 -5.39157245810412e-07 5.9184402908492e-06 -0.002 0
13.9172554554027 -3.39920788610671e-07 6.60886656456654e-06 -0.002 0
13.9486713819386 -1.23909912854463e-07 6.9731583456246e-06 -0.002 0
13.9800873084745 9.82156720079805e-08 6.99333855519532e-06 -0.002 0
14.0115032350104 3.15494507726894e-07 6.66841133985272e-06 -0.002 0
14.0429191615463 5.17204313535904e-07 6.01441121496972e-06 -0.002 0
14.0743350880822 6.93391109499233e-07 5.06361179310063e-06 -0.002 0
14.1057510146181 8.35360425732616e-07 3.86293314503863e-06 -0.002 0
14.137166941154 9.3610635729447e-07 2.47162638712975e-06 -0.002 0
14.1685828676899 9.90657291737126e-07 9.58349755879603e-07 -0.002 0
14.1999987942258 9.96321248347289e-07 -6.02219540212583e-07 -0.002 0
14.2314147207617 9.52818722069524e-07 -2.13307049318226e-06 -0.002 0
14.2628306472976 8.62296476527878e-07 -3.55865863651526e-06 -0.002 0
14.2942465738335 7.2922160548732e-07 -4.80863401514369e-06 -0.002 0
14.3256625003694 5.60161090612329e-07 -5.82131281657673e-06 -0.002 0
14.3570784269053 3.63457733911208e-07 -6.5467213450368e-06 -0.002 0
14.3884943534412 1.48818456958987e-07 -6.94906212449849e-06 -0.002 0
14.4199102799771 -7.31647164820621e-08 -7.00848043332321e-06 -0.002 0
14.451326206513 -2.91537355884133e-07 -6.72204409549956e-06 -0.002 0
14.4827421330489 -4.95523203432623e-07 -6.10388817772963e-06 -0.002 0
14.5141580595848 -6.75055961033913e-07 -5.18451745184635e-06 -0.002 0
14.5455739861207 -8.21276042215195e-07 -4.00930104466179e-06 -0.002 0
14.5769899126566 -9.269677751927e-07 -2.63623356129886e-06 -0.002 0
14.6084058391925 -9.86915482001662e-07 -1.13307316614151e-06 -0.002 0
14.6398217657284 -9.98160861887298e-07 4.26002148552343e-07 -0.002 0
14.6712376922643 -9.60148977595552e-07 1.96405509984508e-06 -0.002 0
14.7026536188002 -8.7475564042892e-07 3.40518581685079e-06 -0.002 0
14.7340695453361 -7.4619484266902e-07 4.67827734923398e-06 -0.002 0
14.765485471872 -5.8081080539274e-07 5.72050514803965e-06 -0.002 0
14.7969013984079 -3.86764903710941e-07 6.48043733291763e-06 -0.002 0
14.8283173249438 -1.73632919049879e-07 6.9205727536859e-06 -0.002 0
14.8597332514797 4.80675067213254e-08 7.01919159791499e-06 -0.002 0
14.8911491780155 2.67395896113099e-07 6.77142722070972e-06 -0.002 0
14.9225651045514 4.73528826939318e-07 6.18950630400861e-06 -0.002 0
14.9539810310873 6.56294046793522e-07 5.30214549401446e-06 -0.002 0
14.9853969576232 8.06672453584519e-07 4.15313429150566e-06 -0.002 0
15.0168128841591 9.17243170384843e-07 2.79917412658812e-06 -0.002 0
15.048228810695 9.82549751028676e-07 1.3070802552747e-06 -0.002 0
15.0796447372309 9.99369444937308e-07 -2.49515441238878e-07 -0.002 0
15.1110606637668 9.66872233485611e-07 -1.79379804426751e-06 -0.002 0
15.1424765903027 8.86661789779417e-07 -3.24956026193433e-06 -0.002 0
15.1738925168386 7.62696340559806e-07 -4.54496310828726e-06 -0.002 0
15.2053084433745 6.01093335542779e-07 -5.61608101515854e-06 -0.002 0
15.2367243699104 4.09827563376062e-07 -6.41005643250946e-06 -0.002 0
15.2681402964463 1.98337611593425e-07 -6.88770824397278e-06 -0.002 0
15.2995562229822 -2.29399090106325e-08 -7.02546527744543e-06 -0.002 0
15.3309721495181 -2.4308539048003e-07 -6.81652949580821e-06 -0.002 0
15.362388076054 -4.51235088750817e-07 -6.27121146661108e-06 -0.002 0
15.3938040025899 -6.37117227932299e-07 -5.41642155595885e-06 -0.002 0
15.4252199291258 -7.91558892129731e-07 -4.29434195517244e-06 -0.002 0
15.4566358556617 -9.06938690699742e-07 -2.96034507308333e-06 -0.002 0
15.4880517821976 -9.77562858803518e-07 -1.48026101718404e-06 -0.002 0
15.5194677087335 -9.99946233439357e-07 7.28709919650158e-08 -0.002 0
15.5508836352694 -9.72984239343176e-07 1.62240696179903e-06 -0.002 0
15.5822995618053 -8.98007397592942e-07 3.09188035718042e-06 -0.002 0
15.6137154883412 -7.78715667025244e-07 4.40877557265753e-06 -0.002 0
15.6451314148771 -6.20995858585201e-07 5.50810643415812e-06 -0.002 0
15.676547341413 -4.32631132850407e-07 6.33562313813759e-06 -0.002 0
15.7079632679489 -2.2291691645147e-07 6.85048937207805e-06 -0.002 0
15.7393791944848 -2.20219115410001e-09 7.02729750573713e-06 -0.002 0
15.7707951210207 2.18621207920803e-07 6.85732240744429e-06 -0.002 0
15.8022110475566 4.28656082816373e-07 6.34895201209044e-06 -0.002 0
15.8336269740925 6.17537627904353e-07 5.52727339313246e-06 -0.002 0
15.8650429006284 7.75944912541319e-07 4.43283476514012e-06 -0.002 0
15.8964588271643 8.96060850559185e-07 3.11964450961119e-06 -0.002 0
15.9278747537002 9.71957958005443e-07 1.65250596817285e-06 -0.002 0
15.9592906802361 9.99890862751687e-07 1.03819525853028e-07 -0.002 0
15.990706606772 9.78481131199824e-07 -1.44999020471318e-06 -0.002 0
16.0221225333079 9.08785291253605e-07 -2.93224578674956e-06 -0.002 0
16.0535384598438 7.94242694756384e-07 -4.2698008391761e-06 -0.002 0
16.0849543863797 6.40505792280662e-07 -5.39664966583216e-06 -0.002 0
16.1163703129156 4.55161195872861e-07 -6.2571845060231e-06 -0.002 0
16.1477862394515 2.47355294755101e-07 -6.80893966751871e-06 -0.002 0
16.1792021659874 2.73428991086026e-08 -7.02468712446786e-06 -0.002 0
16.2106180925233 -1.940188145248e-07 -6.89378016661739e-06 -0.002 0
16.2420340190592 -4.05806083429562e-07 -6.42267879340398e-06 -0.002 0
16.2734499455951 -5.97567624799298e-07 -5.63463092575979e-06 -0.002 0
16.304865872131 -7.59840385870698e-07 -4.56852516719867e-06 -0.002 0
16.3362817986669 -8.84616526859527e-07 -3.27697172815426e-06 -0.002 0
16.3676977252028 -9.65738592014516e-07 -1.82370621615773e-06 -0.002 0
16.3991136517387 -9.9920336787927e-07 -2.80444409674818e-07 -0.002 0
16.4305295782746 -9.8335943395801e-07 1.27665677370803e-06 -0.002 0
16.4619455048105 -9.18988657050534e-07 2.77075747052855e-06 -0.002 0
16.4933614313464 -8.09267607672179e-07 4.12812676672174e-06 -0.002 0
16.5247773578823 -6.59610802582126e-07 5.28178117238952e-06 -0.002 0
16.5561932844182 -4.77403509091223e-07 6.17479012453434e-06 -0.002 0
16.5876092109541 -2.71637296728209e-07 6.76308539773465e-06 -0.002 0
16.61902513749 -5.24663210687515e-08 7.01763578390285e-06 -0.002 0
16.6504410640259 1.69293763757352e-07 6.9258797249808e-06 -0.002 0
16.6818569905618 3.82699536204172e-07 6.49234520098333e-06 -0.002 0
16.7132729170977 5.77219843516915e-07 5.7384262831408e-06 -0.002 0
16.7446888436336 7.43255493289807e-07 4.70132737880125e-06 -0.002 0
16.7761047701695 8.72612954624167e-07 3.43222726751787e-06 -0.002 0
16.8075206967054 9.58908692671501e-07 1.99375352950939e-06 -0.002 0
16.8389366232413 9.97884183451675e-07 4.56891998453282e-07 -0.002 0
16.8703525497772 9.87616063587997e-07 -1.1025162489966e-06 -0.002 0
16.9017684763131 9.28611044485453e-07 -2.60751750032966e-06 -0.002 0
16.933184402849 8.23780907125147e-07 -3.98384292067692e-06 -0.002 0
16.9646003293849 6.78298811432367e-07 -5.16357357290843e-06 -0.002 0
16.9960162559208 4.99344011066756e-07 -6.08849208283737e-06 -0.002 0
17.0274321824567 2.95747571454736e-07 -6.71295555148251e-06 -0.002 0
17.0588481089926 7.75565741785111e-08 -7.00614794185151e-06 -0.002 0
17.0902640355285 -1.44461686626943e-07 -6.95360078941261e-06 -0.002 0
17.1216799620644 -3.59351048941786e-07 -6.55790719220069e-06 -0.002 0
17.1530958886003 -5.5650714778577e-07 -5.8385938465584e-06 -0.002 0
17.1845118151362 -7.26200719654635e-07 -4.83115744329532e-06 -0.002 0
17.2159277416721 -8.60057722429615e-07 -3.58531297620879e-06 -0.002 0
17.247343668208 -9.51472577792188e-07 -2.16254040547595e-06 -0.002 0
17.2787595947438 -9.95934143448301e-07 -6.33050743226065e-07 -0.002 0
17.3101755212797 -9.9124832907756e-07 9.2767872103109e-07 -0.002 0
17.3415914478156 -9.37646370350645e-07 2.44262907534884e-06 -0.002 0
17.3730073743515 -8.37773417906345e-07 3.83704051630518e-06 -0.002 0
17.4044233008874 -6.9655800439963e-07 5.04210159742717e-06 -0.002 0
17.4358392274233 -5.20968831163734e-07 5.99834493796568e-06 -0.002 0
17.4672551539592 -3.1967087658342e-07 6.65858182050924e-06 -0.002 0
17.4986710804951 -1.02597796550967e-07 6.99023086084926e-06 -0.002 0
17.530087007031 1.19538281803394e-07 6.97692583484494e-06 -0.002 0
17.5615029335669 3.35775382396827e-07 6.61932331921233e-06 -0.002 0
17.5929188601028 5.35442632030855e-07 5.93507029076208e-06 -0.002 0
17.6243347866387 7.08686846876771e-07 4.95793328299947e-06 -0.002 0
17.6557507131746 8.46958767608045e-07 3.73613207448593e-06 -0.002 0
17.6871666397105 9.43434948437695e-07 2.32996013814546e-06 -0.002 0
17.7185825662464 9.93354480671141e-07 8.08809277636026e-07 -0.002 0
17.7499984927823 9.94253934133227e-07 -7.52254720904382e-07 -0.002 0
17.7814144193182 9.46088922574712e-07 -2.27619643692392e-06 -0.002 0
17.8128303458541 8.51236294045878e-07 -3.68781236108546e-06 -0.002 0
17.84424627239 7.14376838146638e-07 -4.91744203970026e-06 -0.002 0
17.8756621989259 5.42264298318359e-07 -5.90440568032948e-06 -0.002 0
17.9070781254618 3.43392087963899e-07 -6.59999857951676e-06 -0.002 0
17.9384940519977 1.27574157296101e-07 -6.96989460356615e-06 -0.002 0
17.9699099785336 -9.45393056932721e-08 -6.99584011534312e-06 -0.002 0
18.0013259050695 -3.11987440944914e-07 -6.67655475516155e-06 -0.002 0
18.0327418316054 -5.14039613095383e-07 -6.02779462400172e-06 -0.002 0
18.0641577581413 -6.90724947107151e-07 -5.08157475109238e-06 -0.002 0
18.0955736846772 -8.33324371229367e-07 -3.88458921554386e-06 -0.002 0
18.1269896112131 -9.34800885942486e-07 -2.49590688590463e-06 -0.002 0
18.158405537749 -9.9014682596541e-07 -9.84056488336282e-07 -0.002 0
18.1898214642849 -9.96630978631978e-07 5.76355150473065e-07 -0.002 0
18.2212373908208 -9.53933363833714e-07 2.10832480263393e-06 -0.002 0
18.2526533173567 -8.6416102440526e-07 3.53625279603983e-06 -0.002 0
18.2840692438926 -7.31744047728212e-07 4.78967370864999e-06 -0.002 0
18.3154851704285 -5.63216949681521e-07 5.80673369768685e-06 -0.002 0
18.3469010969644 -3.66896209208106e-07 6.53724286443053e-06 -0.002 0
18.3783170235003 -1.52469866528975e-07 6.94515202644537e-06 -0.002 0
18.4097329500362 6.94805624787948e-08 7.01033167342801e-06 -0.002 0
18.4411488765721 2.88002263160411e-07 6.72956531872485e-06 -0.002 0
18.472564803108 4.92311621821968e-07 6.11670822658619e-06 -0.002 0
18.5039807296439 6.72326375736319e-07 5.20200368228108e-06 -0.002 0
18.5353966561798 8.19163152865994e-07 4.03059054579041e-06 -0.002 0
18.5668125827157 9.25575848701991e-07 2.66027573835119e-06 -0.002 0
18.5982285092516 9.86313207188539e-07 1.15868158523532e-06 -0.002 0
18.6296444357875 9.98377959822492e-07 -4.00091212246029e-07 -0.002 0
18.6610603623234 9.6117473492538e-07 -1.93912029978128e-06 -0.002 0
18.6924762888593 8.76539438058098e-07 -3.38245763609176e-06 -0.002 0
18.7238922153952 7.48648653712888e-07 -4.65887737854396e-06 -0.002 0
18.7553081419311 5.8381353912991e-07 -5.70539073759915e-06 -0.002 0
18.786724068467 3.90168381170874e-07 -6.47035434898567e-06 -0.002 0
18.8181399950029 1.77269185351988e-07 -6.91601877157543e-06 -0.002 0
18.8495559215388 -4.4377894126536e-08 -7.02039134763542e-06 -0.002 0
