0 1e-06 0 -0.002 0
0.020943951023932 9.8903377288768e-07 -1.04145564810748e-06 -0.002 0
0.0418879020478639 9.56375607824879e-07 -2.06006961788586e-06 -0.002 0
0.0628318530717959 9.02741778521897e-07 -3.0335012050704e-06 -0.002 0
0.0837758040957278 8.29308606484813e-07 -3.94040066593437e-06 -0.002 0
0.10471975511966 7.376866613979e-07 -4.760877469566e-06 -0.002 0
0.125663706143592 6.2988543737775e-07 -5.47693654602727e-06 -0.002 0
0.146607657167524 5.08269279835544e-07 -6.07287296240154e-06 -0.002 0
0.167551608191456 3.75505529579553e-07 -6.53561637051589e-06 -0.002 0
0.188495559215388 2.34506021484959e-07 -6.85501767175408e-06 -0.002 0
0.20943951023932 8.8363220808742e-08 -7.02407161169741e-06 -0.002 0
0.230383461263251 -5.97176021630043e-08 -7.03907042254658e-06 -0.002 0
0.251327412287183 -2.06488671558905e-07 -6.8996851435692e-06 -0.002 0
0.272271363311115 -3.48730937617933e-07 -6.60897283601605e-06 -0.002 0
0.293215314335047 -4.83324678350939e-07 -6.17330953426507e-06 -0.002 0
0.314159265358979 -6.07317922700372e-07 -5.60225040373929e-06 -0.002 0
0.335103216382911 -7.17991194510376e-07 -4.90832017267853e-06 -0.002 0
0.356047167406843 -8.12917157313085e-07 -4.10673843411064e-06 -0.002 0
0.376991118430775 -8.900138517746e-07 -3.21508584282406e-06 -0.002 0
0.397935069454707 -9.47590358172773e-07 -2.25291852846147e-06 -0.002 0
0.418879020478639 -9.84383882416612e-07 -1.24133918160157e-06 -0.002 0
0.439822971502571 -9.99587452219875e-07 -2.02534219963955e-07 -0.002 0
0.460766922526503 -9.92867615983803e-07 8.40712814181943e-07 -0.002 0
0.481710873550435 -9.64371756209038e-07 1.86552095301473e-06 -0.002 0
0.502654824574367 -9.14724857035684e-07 2.84941363894044e-06 -0.002 0
0.523598775598299 -8.45015796807254e-07 3.77081169066303e-06 -0.002 0
0.544542726622231 -7.56773466296251e-07 4.60950658759043e-06 -0.002 0
0.565486677646163 -6.51933236377282e-07 5.34710369228735e-06 -0.002 0
0.586430628670095 -5.32794510593947e-07 5.96742569001878e-06 -0.002 0
0.607374579694027 -4.01970293595869e-07 6.45686739696493e-06 -0.002 0
0.628318530717959 -2.62329881533834e-07 6.80469415529257e-06 -0.002 0
0.64926248174189 -1.16935931353302e-07 7.00327727054657e-06 -0.002 0
0.670206432765822 3.10227107888528e-08 7.04826132764182e-06 -0.002 0
0.691150383789754 1.78300948746706e-07 6.93865971580525e-06 -0.002 0
0.712094334813686 3.21668609307962e-07 6.6768762673714e-06 -0.002 0
0.733038285837618 4.57981287820067e-07 6.26865253583984e-06 -0.002 0
0.75398223686155 5.84249312701315e-07 5.72294186951579e-06 -0.002 0
0.774926187885482 6.97703316275963e-07 5.05171304260831e-06 -0.002 0
0.795870138909414 7.95854973804009e-07 4.26968775063783e-06 -0.002 0
0.816814089933346 8.76551578549645e-07 3.39401772752298e-06 -0.002 0
0.837758040957278 9.38023255923205e-07 2.44390856596164e-06 -0.002 0
0.85870199198121 9.78921781174582e-07 1.44019849164816e-06 -0.002 0
0.879645943005142 9.98350149270845e-07 4.0490132984222e-07 -0.002 0
0.900589894029074 9.95882248418063e-07 -6.39276311845979e-07 -0.002 0
0.921533845053006 9.71572205738721e-07 -1.66943305508772e-06 -0.002 0
0.942477796076938 9.25953200131082e-07 -2.66297503426767e-06 -0.002 0
0.96342174710087 8.6002576834741e-07 -3.5981114354072e-06 -0.002 0
0.984365698124802 7.75235860767447e-07 -4.45433242219452e-06 -0.002 0
1.00530964914873 6.73443128157901e-07 -5.21285896703074e-06 -0.002 0
1.02625360017267 5.56880134967134e-07 -5.85705472119307e-06 -0.002 0
1.0471975511966 4.28103393707587e-07 -6.37279089079163e-06 -0.002 0
1.06814150222053 2.89937294362135e-07 -6.74875611589469e-06 -0.002 0
1.08908545324446 1.45412158580068e-07 -6.97670455641261e-06 -0.002 0
1.11002940426839 -2.30222271376262e-09 -7.05163674360816e-06 -0.002 0
1.13097335529233 -1.49966110613309e-07 -6.97190923071571e-06 -0.002 0
1.15191730631626 -2.9434087365658e-07 -6.73927063776223e-06 -0.002 0
1.17286125734019 -4.32260018961938e-07 -6.35882330003855e-06 -0.002 0
1.19380520836412 -5.6069864118827e-07 -5.83891136136419e-06 -0.002 0
1.21474915938805 -6.76839766132921e-07 -5.19093776653499e-06 -0.002 0
1.23569311041199 -7.78136133889445e-07 -4.42911416675832e-06 -0.002 0
1.25663706143592 -8.623660665089e-07 -3.57014922326352e-06 -0.002 0
1.27758101245985 -9.27682194849765e-07 -2.63288214535439e-06 -0.002 0
1.29852496348378 -9.72651975917075e-07 -1.63786950031341e-06 -0.002 0
1.31946891450771 -9.96289112046077e-07 -6.06934357430891e-07 -0.002 0
1.34041286553165 -9.98075182830623e-07 4.3731234546334e-07 -0.002 0
1.36135681655558 -9.77971015354987e-07 1.47196771535883e-06 -0.002 0
1.38230076757951 -9.36417543352054e-07 2.47433922071708e-06 -0.002 0
1.40324471860344 -8.74326136444402e-07 3.42244239438073e-06 -0.002 0
1.42418866962737 -7.93058611571777e-07 4.29548300689318e-06 -0.002 0
1.44513262065131 -6.94397365003397e-07 5.07431313498424e-06 -0.002 0
1.46607657167524 -5.80506280013368e-07 5.74185112252078e-06 -0.002 0
1.48702052269917 -4.53883267609829e-07 6.28345622314794e-06 -0.002 0
1.5079644737231 -3.17305481216107e-07 6.68724970778837e-06 -0.002 0
1.52890842474703 -1.73768406880383e-07 6.94437539432399e-06 -0.002 0
1.54985237577097 -2.64201649150672e-08 7.04919388540486e-06 -0.002 0
1.5707963267949 1.21507536107856e-07 6.99940625427345e-06 -0.002 0
1.59174027781883 2.66770278657145e-07 6.79610446587051e-06 -0.002 0
1.61268422884276 4.06182094281291e-07 6.44374742736399e-06 -0.002 0
1.63362817986669 5.36685339715743e-07 5.95006319337165e-06 -0.002 0
1.65457213089063 6.55417758503843e-07 5.32587947075698e-06 -0.002 0
1.67551608191456 7.5977525730554e-07 4.58488614044398e-06 -0.002 0
1.69646003293849 8.47469020055369e-07 3.74333500473053e-06 -0.002 0
1.71740398396242 9.16575707316033e-07 2.81968334537835e-06 -0.002 0
1.73834793498635 9.65579639832571e-07 1.83418911012569e-06 -0.002 0
1.75929188601029 9.93406041098236e-07 8.08466606175886e-07 -0.002 0
1.78023583703422 9.99444609841035e-07 -2.34987554606017e-07 -0.002 0
1.80117978805815 9.83562905428432e-07 -1.27328786160317e-06 -0.002 0
1.82212373908208 9.46109252615467e-07 -2.28366184086092e-06 -0.002 0
1.84306769010601 8.87905101928006e-07 -3.24394951132945e-06 -0.002 0
1.86401164112995 8.10227013236683e-07 -4.13308940763373e-06 -0.002 0
1.88495559215388 7.1477865766598e-07 -4.93158050969874e-06 -0.002 0
1.90589954317781 6.03653451905267e-07 -5.62190994797968e-06 -0.002 0
1.92684349420174 4.79288644443096e-07 -6.18893710367151e-06 -0.002 0
1.94778744522567 3.44411860726285e-07 -6.62022567963789e-06 -0.002 0
1.96873139624961 2.01981279639671e-07 -6.90631645892881e-06 -0.002 0
1.98967534727354 5.51207533831247e-08 -7.04093476862337e-06 -0.002 0
2.01061929829747 -9.29487062738245e-08 -7.02112809880641e-06 -0.002 0
2.0315632493214 -2.38979572685183e-07 -6.84733085835703e-06 -0.002 0
2.05250720034533 -3.79769030558e-07 -6.52335484729575e-06 -0.002 0
2.07345115136927 -5.12229221552166e-07 -6.05630565465506e-06 -0.002 0
2.0943951023932 -6.33454968592115e-07 -5.45642681547322e-06 -0.002 0
2.11533905341713 -7.40787493530046e-07 -4.73687514493092e-06 -0.002 0
2.13628300444106 -8.31872730675942e-07 -3.9134321771046e-06 -0.002 0
2.15722695546499 -9.04712957235562e-07 -3.00415803719272e-06 -0.002 0
2.17817090648892 -9.57710608274174e-07 -2.02899533864655e-06 -0.002 0
2.19911485751286 -9.89703315236361e-07 -1.00933179271352e-06 -0.002 0
2.22005880853679 -9.99989399541153e-07 3.24688765606749e-08 -0.002 0
2.24100275956072 -9.88343262115384e-07 1.07355742368597e-06 -0.002 0
2.26194671058465 -9.55020331335038e-07 2.09110022175876e-06 -0.002 0
2.28289066160858 -9.00751460854086e-07 3.06278005993871e-06 -0.002 0
2.30383461263252 -8.26726900190174e-07 3.96728561465393e-06 -0.002 0
2.32477856365645 -7.34570189631563e-07 4.78477885922969e-06 -0.002 0
2.34572251468038 -6.26302552014071e-07 5.49733016050039e-06 -0.002 0
2.36666646570431 -5.04298562343754e-07 6.08931151966819e-06 -0.002 0
2.38761041672824 -3.71234067539281e-07 6.54773933267129e-06 -0.002 0
2.40855436775218 -2.30027498541874e-07 6.86255915248569e-06 -0.002 0
2.42949831877611 -8.37758619622882e-08 7.0268662078243e-06 -0.002 0
2.45044226980004 6.43131848749153e-08 7.03705684171711e-06 -0.002 0
2.47138622082397 2.10991685728809e-07 6.89290754855276e-06 -0.002 0
2.4923301718479 3.53042621093675e-07 6.59757987610507e-06 -0.002 0
2.51327412287184 4.87350465332056e-07 6.1575510850313e-06 -0.002 0
2.53421807389577 6.10969517798184e-07 5.58247208664919e-06 -0.002 0
2.5551620249197 7.21188509282552e-07 4.88495577476632e-06 -0.002 0
2.57610597594363 8.15590066799743e-07 4.08030039396402e-06 -0.002 0
2.59704992696756 8.92103732510777e-07 3.18615401154833e-06 -0.002 0
2.6179938779915 9.49051373944888e-07 2.22212745212173e-06 -0.002 0
2.63893782901543 9.85183989563121e-07 1.20936418407016e-06 -0.002 0
2.65988178003936 9.99709102427414e-07 1.70076591410564e-07 -0.002 0
2.68082573106329 9.92308141164762e-07 -8.72941198304825e-07 -0.002 0
2.70176968208722 9.63143427019276e-07 -1.8968132451476e-06 -0.002 0
2.72271363311116 9.12854613748928e-07 -2.87908352231849e-06 -0.002 0
2.74365758413509 8.4254465844878e-07 -3.79820843192724e-06 -0.002 0
2.76460153515902 7.53755630994989e-07 -4.63402930896712e-06 -0.002 0
2.78554548618295 6.48434892667835e-07 -5.36821455031245e-06 -0.002 0
2.80648943720688 5.28892385739584e-07 -5.98466167176502e-06 -0.002 0
2.82743338823082 3.97749970771337e-07 -6.46985047505164e-06 -0.002 0
2.84837733925475 2.57883922776295e-07 -6.81313957895392e-06 -0.002 0
2.86932129027868 1.12361847449691e-07 -7.00699981091469e-06 -0.002 0
2.89026524130261 -3.56245989527005e-08 -7.0471793402705e-06 -0.002 0
2.91120919232654 -1.8282971046929e-07 -6.93279693133297e-06 -0.002 0
2.93215314335048 -3.26024917730107e-07 -6.66636127105024e-06 -0.002 0
2.95309709437441 -4.62069598406716e-07 -6.25371594734528e-06 -0.002 0
2.97404104539834 -5.87979958767671e-07 -5.70391128489126e-06 -0.002 0
2.99498499642227 -7.00994475597947e-07 -5.02900584927996e-06 -0.002 0
3.0159289474462 -7.98634463180444e-07 -4.24380197308389e-06 -0.002 0
3.03687289847014 -8.78758436957016e-07 -3.36552110437474e-06 -0.002 0
3.05781684949407 -9.39609081540512e-07 -2.41342609810185e-06 -0.002 0
3.078760800518 -9.79851792954065e-07 -1.4083987344078e-06 -0.002 0
3.09970475154193 -9.98603949771722e-07 -3.72481729941328e-07 -0.002 0
3.12064870256586 -9.95454271172466e-07 6.71604713016598e-07 -0.002 0
3.1415926535898 -9.70471837337999e-07 1.70096121634924e-06 -0.002 0
3.16253660461373 -9.24204574354814e-07 2.69301146566643e-06 -0.002 0
3.18348055563766 -8.57667236850389e-07 3.62599736428647e-06 -0.002 0
3.20442450666159 -7.72319151933769e-07 4.47945624169565e-06 -0.002 0
3.22536845768552 -6.70032212570549e-07 5.23466965013258e-06 -0.002 0
3.24631240870946 -5.5304982237609e-07 5.87507390608688e-06 -0.002 0
3.26725635973339 -4.23937692268421e-07 6.38662337252955e-06 -0.002 0
3.28820031075732 -2.85527568130974e-07 6.75809851420419e-06 -0.002 0
3.30914426178125 -1.40855123675621e-07 6.98135196957043e-06 -0.002 0
3.33008821280518 6.90661933205393e-09 7.05148724243794e-06 -0.002 0
3.35103216382912 1.54516883227382e-07 6.96696609414503e-06 -0.002 0
3.37197611485305 2.9873821265439e-07 6.72964228090765e-06 -0.002 0
3.39292006587698 4.36407479907205e-07 6.34472089639605e-06 -0.002 0
3.41386401690091 5.64505260083663e-07 5.82064421125611e-06 -0.002 0
3.43480796792484 6.80222054483767e-07 5.16890651339489e-06 -0.002 0
3.45575191894878 7.81019909811314e-07 4.4038020100372e-06 -0.002 0
3.47669586997271 8.64688081718391e-07 3.54211132068001e-06 -0.002 0
3.49763982099664 9.29391521854588e-07 2.60273343692344e-06 -0.002 0
3.51858377202057 9.73711124980941e-07 1.60627122120263e-06 -0.002 0
3.5395277230445 9.96674853430626e-07 5.74579535450444e-07 -0.002 0
3.56047167406844 9.97779056280596e-07 -4.69714089661419e-07 -0.002 0
3.58141562509237 9.76999515652387e-07 -1.50370573200312e-06 -0.002 0
3.6023595761163 9.34791977869638e-07 -2.50471741721034e-06 -0.002 0
3.62330352714023 8.72082157822702e-07 -3.45079450231896e-06 -0.002 0
3.64424747816416 7.90245435769194e-07 -4.32118719496684e-06 -0.002 0
3.6651914291881 6.91076691869447e-07 -5.09680564726502e-06 -0.002 0
3.68613538021203 5.76750940059557e-07 -5.7606386430127e-06 -0.002 0
3.70707933123596 4.49775624657792e-07 -6.2981266954178e-06 -0.002 0
3.72802328225989 3.12935625956859e-07 -6.69748137237467e-06 -0.002 0
3.74896723328382 1.69232180964368e-07 -6.94994384571154e-06 -0.002 0
3.76991118430776 2.18170589095397e-08 -7.0499769937885e-06 -0.002 0
3.79085513533169 -1.26076564791139e-07 -6.99538684416441e-06 -0.002 0
3.81179908635562 -2.71205020005735e-07 -6.78737069279702e-06 -0.002 0
3.83274303737955 -4.10385283533562e-07 -6.43049084440418e-06 -0.002 0
3.85368698840348 -5.40564790615823e-07 -5.93257454992447e-06 -0.002 0
3.87463093942742 -6.58888385172449e-07 -5.30454233569428e-06 -0.002 0
3.89557489045135 -7.62760940382132e-07 -4.56016848950382e-06 -0.002 0
3.91651884147528 -8.4990427618254e-07 -3.71577895666068e-06 -0.002 0
3.93746279249921 -9.18407125350249e-07 -2.78989327194172e-06 -0.002 0
3.95840674352314 -9.6676705228163e-07 -1.80281838074429e-06 -0.002 0
3.97935069454708 -9.93923405092954e-07 -7.76203257935849e-07 -0.002 0
4.00029464557101 -9.99280578319279e-07 2.67435907296275e-07 -0.002 0
4.02123859659494 -9.82721076004046e-07 1.3052095467336e-06 -0.002 0
4.04218254761887 -9.44608088673766e-07 2.31435673753364e-06 -0.002 0
4.0631264986428 -8.85777527678423e-07 3.27274440512825e-06 -0.002 0
4.08407044966673 -8.07519691604059e-07 4.15935275586845e-06 -0.002 0
4.10501440069067 -7.11550966858092e-07 4.95473629268646e-06 -0.002 0
4.1259583517146 -5.99976183103012e-07 5.64145030256997e-06 -0.002 0
4.14690230273853 -4.75242449176149e-07 6.20443346193179e-06 -0.002 0
4.16784625376246 -3.40085481987124e-07 6.63133816839996e-06 -0.002 0
4.18879020478639 -1.97469605531951e-07 6.91280135404158e-06 -0.002 0
4.20973415581032 -5.05227359926893e-08 7.04264984042164e-06 -0.002 0
4.23067810683425 9.75322211410353e-08 7.01803573155646e-06 -0.002 0
4.25162205785819 2.43448057299156e-07 6.83949887526201e-06 -0.002 0
4.27256600888212 3.84024480084486e-07 6.51095502296638e-06 -0.002 0
4.29350995990605 5.1617830353922e-07 6.03960994767084e-06 -0.002 0
4.31445391092998 6.37011069979826e-07 5.43580140366334e-06 -0.002 0
4.33539786195391 7.43872620287511e-07 4.71277239419576e-06 -0.002 0
4.35634181297784 8.34419218401775e-07 3.88638071992135e-06 -0.002 0
4.37728576400178 9.06664955204283e-07 2.97475117840775e-06 -0.002 0
4.39822971502571 9.59025304379687e-07 1.99787804284406e-06 -0.002 0
4.41917366604964 9.90351874966513e-07 9.77186538559281e-07 -0.002 0
4.44011761707357 9.9995759838935e-07 -6.49370647513716e-08 -0.002 0
4.4610615680975 9.87631797558932e-07 -1.10563643886188e-06 -0.002 0
4.48200551912143 9.53644807537754e-07 -2.12208649238797e-06 -0.002 0
4.50294947014536 8.98742046428689e-07 -3.09199398105905e-06 -0.002 0
4.5238934211693 8.24127666526568e-07 -3.9940864532777e-06 -0.002 0
4.54483737219323 7.31438144303093e-07 -4.8085788071906e-06 -0.002 0
4.56578132321716 6.22706388461534e-07 -5.51760722652924e-06 -0.002 0
4.58672527424109 5.0031715325965e-07 -6.10562097794248e-06 -0.002 0
4.60766922526502 3.66954734996096e-07 -6.559723476744e-06 -0.002 0
4.62861317628895 2.25544098804724e-07 -6.86995514066552e-06 -0.002 0
4.64955712731289 7.91867269906795e-08 -7.02951182793905e-06 -0.002 0
4.67050107833682 -6.89074040882876e-08 -7.03489406882473e-06 -0.002 0
4.69144502936075 -2.15490226681349e-07 -6.88598381757069e-06 -0.002 0
4.71238898038468 -3.57346819741864e-07 -6.58604704144615e-06 -0.002 0
4.73333293140861 -4.9136592003607e-07 -6.14166209006376e-06 -0.002 0
4.75427688243254 -6.14608159781534e-07 -5.56257541602784e-06 -0.002 0
4.77522083345647 -7.243705341965e-07 -4.86148781130879e-06 -0.002 0
4.79616478448041 -8.18245685028521e-07 -4.05377584770457e-06 -0.002 0
4.81710873550434 -8.94174699829145e-07 -3.15715463088364e-06 -0.002 0
4.83805268652827 -9.50492268956935e-07 -2.19128926464076e-06 -0.002 0
4.8589966375522 -9.85963209904953e-07 -1.17736354690822e-06 -0.002 0
4.87994058857613 -9.99809557884552e-07 -1.37615357077358e-07 -0.002 0
4.90088453960006 -9.91727628502491e-07 9.05151075273207e-07 -0.002 0
4.921828490624 -9.61894678304989e-07 1.92806532309896e-06 -0.002 0
4.94277244164793 -9.10965017106638e-07 2.90869236648375e-06 -0.002 0
4.96371639267186 -8.40055657370348e-07 3.82552464768709e-06 -0.002 0
4.98466034369579 -7.50721815382633e-07 4.65845378466982e-06 -0.002 0
5.00560429471972 -6.44922801543598e-07 5.38921159726269e-06 -0.002 0
5.02654824574365 -5.24979047881281e-07 6.00177077319171e-06 -0.002 0
5.04749219676758 -3.93521215282411e-07 6.48269638637091e-06 -0.002 0
5.06843614779152 -2.53432496642934e-07 6.82144055780379e-06 -0.002 0
5.08938009881545 -1.077853813718e-07 7.01057379645652e-06 -0.002 0
5.11032404983938 4.02257318423577e-08 7.04594794622999e-06 -0.002 0
5.13126800086331 1.8735459603423e-07 6.92678716520355e-06 -0.002 0
5.15221195188724 3.30374314124805e-07 6.65570494175244e-06 -0.002 0
5.17315590291117 4.6614811269384e-07 6.23864677433362e-06 -0.002 0
5.19409985393511 5.91698139119314e-07 5.68475977211303e-06 -0.002 0
5.21504380495904 7.04270773193748e-07 5.0061920364125e-06 -0.002 0
5.23598775598297 8.01397020773357e-07 4.21782622303361e-06 -0.002 0
5.2569317070069 8.80946664879091e-07 3.33695312909056e-06 -0.002 0
5.27787565803083 9.41174986583016e-07 2.38289246339399e-06 -0.002 0
5.29881960905476 9.80761030976332e-07 1.3765691178218e-06 -0.002 0
5.31976356007869 9.98836578952449e-07 3.40054233085937e-07 -0.002 0
5.34070751110263 9.95005189382797e-07 -7.03918875550972e-07 -0.002 0
5.36165146212656 9.69350894043728e-07 -1.73245331567201e-06 -0.002 0
5.38259541315049 9.22436354593431e-07 -2.72299080275075e-06 -0.002 0
5.40353936417442 8.5529052202087e-07 -3.65380641869406e-06 -0.002 0
5.42448331519835 7.69386069225318e-07 -4.50448509261369e-06 -0.002 0
5.44542726622228 6.66607091685405e-07 -5.25636935343401e-06 -0.002 0
5.46637121724622 5.4920778462128e-07 -5.89296853402235e-06 -0.002 0
5.48731516827015 4.19763002961133e-07 -6.400320451991e-06 -0.002 0
5.50825911929408 2.81111788453342e-07 -6.76729763462332e-06 -0.002 0
5.52920307031801 1.3629510251329e-07 -6.98585137165974e-06 -0.002 0
5.55014702134194 -1.15108695236773e-08 -7.05118824326707e-06 -0.002 0
5.57109097236587 -1.59064379941731e-07 -6.96187525149961e-06 -0.002 0
5.5920349233898 -3.03129218127941e-07 -6.71987124946096e-06 -0.002 0
5.61297887441374 -4.40545688613408e-07 -6.33048397884802e-06 -0.002 0
5.63392282543767 -5.68299910949499e-07 -5.80225365814918e-06 -0.002 0
5.6548667764616 -6.83589921502821e-07 -5.14676567469323e-06 -0.002 0
5.67581072748553 -7.83887127394357e-07 -4.37839648867213e-06 -0.002 0
5.69675467850946 -8.6699176474703e-07 -3.51399832208592e-06 -0.002 0
5.71769862953339 -9.3108114490625e-07 -2.57252954815512e-06 -0.002 0
5.73864258055733 -9.74749630475387e-07 -1.57463888766789e-06 -0.002 0
5.75958653158126 -9.9703946439364e-07 -5.42212531856557e-07 -0.002 0
5.78053048260519 -9.97461775898919e-07 5.02105875489743e-07 -0.002 0
5.80147443362912 -9.76007302663468e-07 1.53541186870594e-06 -0.002 0
5.82241838465305 -9.33146593939437e-07 2.53504251139579e-06 -0.002 0
5.84336233567698 -8.6981969025895e-07 3.47907345024696e-06 -0.002 0
5.86430628670091 -7.87415506038169e-07 4.34679976990644e-06 -0.002 0
5.88525023772485 -6.87741367275432e-07 5.11919010258878e-06 -0.002 0
5.90619418874878 -5.72983372456536e-07 5.77930403267888e-06 -0.002 0
5.92713813977271 -4.45658446049755e-07 6.31266364162197e-06 -0.002 0
5.94808209079664 -3.08559136175162e-07 6.70757104420964e-06 -0.002 0
5.96902604182057 -1.64692367170813e-07 6.95536495191164e-06 -0.002 0
5.9899699928445 -1.7213490362342e-08 7.05061063619016e-06 -0.002 0
6.01091394386844 1.30642920535548e-07 6.99121912543466e-06 -0.002 0
6.03185789489237 2.75634011559018e-07 6.77849302123611e-06 -0.002 0
6.0528018459163 4.14579772241215e-07 6.41709792913725e-06 -0.002 0
6.07374579694023 5.44432781046269e-07 5.91496013045254e-06 -0.002 0
6.09468974796416 6.62345042802631e-07 5.28309273946612e-06 -0.002 0
6.11563369898809 7.65730452226807e-07 4.53535415880684e-06 -0.002 0
6.13657765001202 8.52321513559104e-07 3.688144130667e-06 -0.002 0
6.15752160103596 9.2021907231059e-07 2.76004405020746e-06 -0.002 0
6.17846555205989 9.67933968381984e-07 1.77140942995877e-06 -0.002 0
6.19940950308382 9.94419696999366e-07 7.4392345347443e-07 -0.002 0
6.22035345410775 9.99095361132229e-07 -2.99878590099873e-07 -0.002 0
6.24129740513168 9.81858411991011e-07 -1.33710356022386e-06 -0.002 0
6.26224135615561 9.43086898173722e-07 -2.34500256771965e-06 -0.002 0
6.28318530717955 8.83631174132381e-07 -3.30146991374228e-06 -0.002 0
6.30412925820348 8.04795249812916e-07 -4.18552792200774e-06 -0.002 0
6.32507320922741 7.08308190516721e-07 -4.97778703071784e-06 -0.002 0
6.34601716025134 5.9628619425508e-07 -5.66087105323672e-06 -0.002 0
6.36696111127527 4.71186178333153e-07 -6.2197982805089e-06 -0.002 0
6.3879050622992 3.35751893123651e-07 -6.64231006670732e-06 -0.002 0
6.40884901332313 1.92953744887377e-07 -6.91913969142181e-06 -0.002 0
6.42979296434707 4.59236474738866e-08 -7.04421560158028e-06 -0.002 0
6.450736915371 -1.02113668235653e-07 -7.01479457550858e-06 -0.002 0
6.47168086639493 -2.47911380590904e-07 -6.83152188851426e-06 -0.002 0
6.49262481741886 -3.88271787939577e-07 -6.49841716041546e-06 -0.002 0
6.51356876844279 -5.20116442072545e-07 -6.02278619541323e-06 -0.002 0
6.53451271946672 -6.40553666148273e-07 -5.4150607478753e-06 -0.002 0
6.55545667049066 -7.46941976262778e-07 -4.68856972836095e-06 -0.002 0
6.57640062151459 -8.36948015674437e-07 -3.85924686790032e-06 -0.002 0
6.59734457253852 -9.08597731043912e-07 -2.94528125216789e-06 -0.002 0
6.61828852356245 -9.60319668268655e-07 -1.96671839019361e-06 -0.002 0
6.63923247458638 -9.90979438328075e-07 -9.45020567153673e-07 -0.002 0
6.66017642561031 -9.99904597218805e-07 9.74038762167011e-08 -0.002 0
6.68112037663424 -9.86899394302027e-07 1.13769201353065e-06 -0.002 0
6.70206432765818 -9.52249065595396e-07 2.15302777283611e-06 -0.002 0
6.72300827868211 -8.96713577847138e-07 3.12114234906948e-06 -0.002 0
6.74395222970604 -8.21510960600134e-07 4.02080261360331e-06 -0.002 0
6.76489618072997 -7.28290591814727e-07 4.83227680886799e-06 -0.002 0
6.7858401317539 -6.19097022962107e-07 5.5377673142214e-06 -0.002 0
6.80678408277783 -4.96325136992759e-07 6.12180099144895e-06 -0.002 0
6.82772803380177 -3.62667622675778e-07 6.57156854865918e-06 -0.002 0
6.8486719848257 -2.210559173257e-07 6.87720547949185e-06 -0.002 0
6.86961593584963 -7.45959131877902e-08 7.03200841595211e-06 -0.002 0
6.89055988687356 7.35001624014565e-08 7.0325821497222e-06 -0.002 0
6.91150383789749 2.19984199043329e-07 6.87891409741246e-06 -0.002 0
6.93244778892142 3.6164344230954e-07 6.57437457654598e-06 -0.002 0
6.95339173994535 4.95370957331654e-07 6.12564288622375e-06 -0.002 0
6.97433569096929 6.18233771507874e-07 5.54256081370293e-06 -0.002 0
6.99527964199322 7.27537201790371e-07 4.83791677984829e-06 -0.002 0
7.01622359301715 8.20883955697877e-07 4.02716535767702e-06 -0.002 0
7.03716754404108 8.96226709823297e-07 3.12808831564347e-06 -0.002 0
7.05811149506501 9.51913012660618e-07 2.16040461981645e-06 -0.002 0
7.07905544608894 9.86721526921921e-07 1.14533794855862e-06 -0.002 0
7.09999939711288 9.99888816461543e-07 1.05151205172292e-07 -0.002 0
7.12094334813681 9.91126090304393e-07 -9.37341762208141e-07 -0.002 0
7.14188729916074 9.60625536540796e-07 -1.95927652429611e-06 -0.002 0
7.16283125018467 9.09056107169998e-07 -2.93823954370155e-06 -0.002 0
7.1837752012086 8.37548846341065e-07 -3.85275975881375e-06 -0.002 0
7.20471915223253 7.47672083778856e-07 -4.68277949687725e-06 -0.002 0
7.22566310325646 6.41397037464125e-07 -5.41009438798142e-06 -0.002 0
7.2466070542804 5.21054579985392e-07 -6.01875263157022e-06 -0.002 0
7.26755100530433 3.89284116782589e-07 -6.49540485857766e-06 -0.002 0
7.28849495632826 2.48975697508072e-07 -6.82959691585385e-06 -0.002 0
7.30943890735219 1.0320663014491e-07 -7.0139991514003e-06 -0.002 0
7.33038285837612 -4.48260119095849e-08 -7.04456717162699e-06 -0.002 0
7.35132680940005 -1.91875509509799e-07 -6.92063054482955e-06 -0.002 0
7.37227076042399 -3.3471670628086e-07 -6.64490750540197e-06 -0.002 0
7.39321471144792 -4.70216744213193e-07 -6.22344533628518e-06 -0.002 0
7.41415866247185 -5.95403774927409e-07 -5.66548773721076e-06 -0.002 0
7.43510261349578 -7.07532139602851e-07 -4.98327208767972e-06 -0.002 0
7.45604656451971 -8.04142588013992e-07 -4.19176105119672e-06 -0.002 0
7.47699051554364 -8.83116215923431e-07 -3.30831440733775e-06 -0.002 0
7.49793446656757 -9.42720937852092e-07 -2.35230830917913e-06 -0.002 0
7.51887841759151 -9.81649475964703e-07 -1.34471031670722e-06 -0.002 0
7.53982236861544 -9.99048031881076e-07 -3.0761952676874e-07 -0.002 0
7.56076631963937 -9.94535012570002e-07 7.36218114359201e-07 -0.002 0
7.5817102706633 -9.68209399620935e-07 1.76390868539461e-06 -0.002 0
7.60265422168723 -9.20648578334816e-07 2.75291240993118e-06 -0.002 0
7.62359817271116 -8.52895674247389e-07 3.6815380090525e-06 -0.002 0
7.6445421237351 -7.66436674826137e-07 4.52941844431402e-06 -0.002 0
7.66548607475903 -6.63167838118175e-07 5.2779576168814e-06 -0.002 0
7.68643002578296 -5.45354103157432e-07 5.91073822561695e-06 -0.002 0
7.70737397680689 -4.15579414292968e-07 6.41388183878532e-06 -0.002 0
7.72831792783082 -2.76690048947819e-07 6.77635328212228e-06 -0.002 0
7.74926187885475 -1.31732191769708e-07 6.99020266728909e-06 -0.002 0
7.77020582987868 1.61148756743033e-08 7.05073975243461e-06 -0.002 0
7.79114978090262 1.63608504345253e-07 6.95663681070998e-06 -0.002 0
7.81209373192655 3.07513796983887e-07 6.70995775057699e-06 -0.002 0
7.83303768295048 4.44674557346727e-07 6.31611284923019e-06 -0.002 0
7.85398163397441 5.72082513335696e-07 5.78374009193999e-06 -0.002 0
7.87492558499834 6.86943295788212e-07 5.1245157198361e-06 -0.002 0
7.89586953602227 7.86737725850929e-07 4.35289814128346e-06 -0.002 0
7.91681348704621 8.69277066754623e-07 3.48581082350262e-06 -0.002 0
7.93775743807014 9.32751028183191e-07 2.54227111939958e-06 -0.002 0
7.95870138909407 9.75767470383146e-07 1.54297317034369e-06 -0.002 0
7.979645340118 9.97382937205029e-07 5.09834032859406e-07 -0.002 0
8.00058929114193 9.97123348412228e-07 -5.34487016212728e-07 -0.002 0
8.02153324216586 9.74994397424055e-07 -1.56708545326812e-06 -0.002 0
8.0424771931898 9.314814264451e-07 -2.56531386035361e-06 -0.002 0
8.06342114421373 8.67538781719536e-07 -3.50727863862509e-06 -0.002 0
8.08436509523766 7.84568882375807e-07 -4.37232018870187e-06 -0.002 0
8.10530904626159 6.84391461933294e-07 -5.1414660263845e-06 -0.002 0
8.12625299728553 5.69203657080193e-07 -5.79784689579593e-06 -0.002 0
8.14719694830946 4.41531819073682e-07 -6.32706675356384e-06 -0.002 0
8.16814089933339 3.04176104656615e-07 -6.71751850938296e-06 -0.002 0
8.18908485035732 1.60149061747936e-07 -6.96063859799186e-06 -0.002 0
8.21002880138126 1.26095568733513e-08 -7.05109479917602e-06 -0.002 0
8.23097275240519 -1.35206506530151e-07 -6.98690318644363e-06 -0.002 0
8.25191670342912 -2.80057159418308e-07 -6.76947163940256e-06 -0.002 0
8.27286065445305 -4.18765471477238e-07 -6.40356896550528e-06 -0.002 0
8.29380460547699 -5.48289229002134e-07 -5.89722030839772e-06 -0.002 0
8.31474855650092 -6.65787658110076e-07 -5.26153113682361e-06 -0.002 0
8.33569250752485 -7.68683729883187e-07 -4.51044367443961e-06 -0.002 0
8.35663645854878 -8.54720680937409e-07 -3.66043111263316e-06 -0.002 0
8.37758040957272 -9.22011509782119e-07 -2.73013631300646e-06 -0.002 0
8.39852436059665 -9.6908036339394e-07 -1.73996292366773e-06 -0.002 0
8.41946831162058 -9.94894906295627e-07 -7.11627877153096e-07 -0.002 0
8.44041226264451 -9.98888962206658e-07 3.32314915202167e-07 -0.002 0
8.46135621366845 -9.80974931678595e-07 1.3689692258916e-06 -0.002 0
8.48230016469238 -9.41545713365971e-07 2.37559868169923e-06 -0.002 0
8.50324411571631 -8.81466086794543e-07 3.33012542816439e-06 -0.002 0
8.52418806674024 -8.0205374562392e-07 4.21161435111405e-06 -0.002 0
8.54513201776417 -7.050503973917e-07 5.00073223509607e-06 -0.002 0
8.56607596878811 -5.9258356359262e-07 5.68017178824219e-06 -0.002 0
8.58701991981204 -4.67119917910771e-07 6.23503123365459e-06 -0.002 0
8.60796387083597 -3.31411186011925e-07 6.65314114194566e-06 -0.002 0
8.6289078218599 -1.88433793446338e-07 6.92533133669092e-06 -0.002 0
8.64985177288384 -4.1323585331613e-08 7.04563201890373e-06 -0.002 0
8.67079572390777 1.06692950426795e-07 7.01140469937826e-06 -0.002 0
8.6917396749317 2.52369447933876e-07 6.82340006723322e-06 -0.002 0
8.71268362595563 3.92510864076449e-07 6.48574152545717e-06 -0.002 0
8.73362757697957 5.2404355365999e-07 6.00583475456118e-06 -0.002 0
8.7545715280035 6.44082681991164e-07 5.39420528783002e-06 -0.002 0
8.77551547902743 7.49995496382683e-07 4.66426766054523e-06 -0.002 0
8.79645943005136 8.39459068881102e-07 3.83203119630407e-06 -0.002 0
8.8174033810753 9.10511243777827e-07 2.9157488832626e-06 -0.002 0
8.83834733209923 9.61593672499374e-07 1.93551704130845e-06 -0.002 0
8.85929128312316 9.91585992016126e-07 9.12834560444799e-07 -0.002 0
8.88023523414709 9.99830397153191e-07 -1.29868622630469e-07 -0.002 0
8.90117918517103 9.86146067872291e-07 -1.16972346808468e-06 -0.002 0
8.92212313619496 9.50833135098973e-07 -2.18392340711964e-06 -0.002 0
8.94306708721889 8.94666098114826e-07 -3.15022454599785e-06 -0.002 0
8.96401103824282 8.18876837887438e-07 -4.04743352922364e-06 -0.002 0
8.98495498926676 7.25127598897466e-07 -4.85587236184247e-06 -0.002 0
9.00589894029069 6.15474532037651e-07 -5.55780999616452e-06 -0.002 0
9.02684289131462 4.92322598177488e-07 -6.13785121715644e-06 -0.002 0
9.04778684233855 3.5837282146904e-07 -6.58327429729043e-06 -0.002 0
9.06873079336249 2.16563049258366e-07 -6.88431001525084e-06 -0.002 0
9.08967474438642 7.00035178830843e-08 -7.03435591893351e-06 -0.002 0
9.11061869541035 -7.80913624437323e-08 -7.03012113342432e-06 -0.002 0
9.13156264643428 -2.24473507538412e-07 -6.87169853796262e-06 -0.002 0
9.15250659745822 -3.6593239770436e-07 -6.5625627288715e-06 -0.002 0
9.17345054848215 -4.99365492308344e-07 -6.10949381313307e-06 -0.002 0
9.19439449950608 -6.21846276110909e-07 -5.52242870400238e-06 -0.002 0
9.21533845053001 -7.30688444927908e-07 -4.81424318011232e-06 -0.002 0
9.23628240155394 -8.23504822874051e-07 -4.00046948804818e-06 -0.002 0
9.25722635257788 -8.98259718988738e-07 -3.09895568206037e-06 -0.002 0
9.27817030360181 -9.53313574934867e-07 -2.1294741724316e-06 -0.002 0
9.29911425462574 -9.87458924537009e-07 -1.11328806799344e-06 -0.002 0
9.32005820564967 -9.99946876478032e-07 -7.26848239651763e-08 -0.002 0
9.34100215667361 -9.90503539323629e-07 9.69512576637526e-07 -0.002 0
9.36194610769754 -9.59336028633667e-07 1.99044618703292e-06 -0.002 0
9.38289005872147 -9.0712792440965e-07 2.96772442754462e-06 -0.002 0
9.4038340097454 -8.35024278507625e-07 3.87991318789787e-06 -0.002 0
9.42477796076934 -7.44606500840768e-07 4.70700592986199e-06 -0.002 0
9.44572191179327 -6.37857675178851e-07 5.43086247973431e-06 -0.002 0
9.4666658628172 -5.17119065254238e-07 6.03560688686956e-06 -0.002 0
9.48760981384113 -3.85038765102247e-07 6.50797562224061e-06 -0.002 0
9.50855376486507 -2.44513619859937e-07 6.83760848018179e-06 -0.002 0
9.529497715889 -9.86256908427481e-08 7.01727580312536e-06 -0.002 0
9.55044166691293 4.94253416242234e-08 7.04303704573519e-06 -0.002 0
9.57138561793686 1.96392355048484e-07 6.91432720073697e-06 -0.002 0
9.5923295689608 3.39052002135575e-07 6.63396919091438e-06 -0.002 0
9.61327351998473 4.74275406706053e-07 6.20811195548438e-06 -0.002 0
9.63421747100866 5.99096787629077e-07 5.64609558876928e-06 -0.002 0
9.65516142203259 7.10778505681297e-07 4.96024648900555e-06 -0.002 0
9.67610537305653 8.06871106693802e-07 4.16560701017879e-06 -0.002 0
9.69704932408046 8.85267044093561e-07 3.27960554628347e-06 -0.002 0
9.71799327510439 9.44246902572155e-07 2.32167428386942e-06 -0.002 0
9.73893722612832 9.82517109083328e-07 1.3128230064999e-06 -0.002 0
9.75988117715226 9.99238304074605e-07 2.75178298635272e-07 -0.002 0
9.78082512817619 9.9404375070226e-07 -7.68501744667783e-07 -0.002 0
9.80176907920012 9.67047378270348e-07 -1.79532665863436e-06 -0.002 0
9.82271303022405 9.18841283481465e-07 -2.78277565284218e-06 -0.002 0
9.84365698124799 8.50482744302915e-07 -3.70919154742661e-06 -0.002 0
9.86460093227192 7.63471031266094e-07 -4.5542557681867e-06 -0.002 0
9.88554488329585 6.59714524784191e-07 -5.29943398278375e-06 -0.002 0
9.90648883431978 5.41488859686127e-07 -5.9283826041369e-06 -0.002 0
9.92743278534371 4.11387014959844e-07 -6.42730724539867e-06 -0.002 0
9.94837673636765 2.72262443359342e-07 -6.78526526471303e-06 -0.002 0
9.96932068739158 1.27166488182771e-07 -6.99440576420702e-06 -0.002 0
9.99026463841551 -2.07185401747765e-08 -7.05014177944896e-06 -0.002 0
10.0112085894394 -1.6814916009834e-07 -6.95125088283589e-06 -0.002 0
10.0321525404634 -3.11891856265134e-07 -6.69990199443101e-06 -0.002 0
10.0530964914873 -4.48793998571354e-07 -6.30160781222369e-06 -0.002 0
10.0740404425112 -5.75852987047614e-07 -5.76510390513314e-06 -0.002 0
10.0949843935352 -6.90282106245328e-07 -5.10215712054296e-06 -0.002 0
10.1159283445591 -7.89571644745728e-07 -4.32730750845956e-06 -0.002 0
10.136872295583 -8.71543939290669e-07 -3.45754942253095e-06 -0.002 0
10.157816246607 -9.34401136282353e-07 -2.51195879216327e-06 -0.002 0
10.1787601976309 -9.76764623125074e-07 -1.5112747405723e-06 -0.002 0
10.1997041486548 -9.97705264582857e-07 -4.77444724912887e-07 -0.002 0
10.2206480996788 -9.96763780995495e-07 5.66856825320473e-07 -0.002 0
10.2415920507027 -9.7396082140867e-07 1.59872581418057e-06 -0.002 0
10.2625360017266 -9.29796510689707e-07 2.59553082230341e-06 -0.002 0
10.2834799527506 -8.65239480561813e-07 3.53540946947746e-06 -0.002 0
10.3044239037745 -7.81705625133145e-07 4.39774791029685e-06 -0.002 0
10.3253678547984 -6.810270468641e-07 5.16363294638217e-06 -0.002 0
10.3463118058224 -5.65411874063966e-07 5.81626683923813e-06 -0.002 0
10.3672557568463 -4.37395831217854e-07 6.34133572588421e-06 -0.002 0
10.3881997078702 -2.99786624325508e-07 6.72732355699925e-06 -0.002 0
10.4091436588942 -1.55602361017982e-07 6.96576467214605e-06 -0.002 0
10.4300876099181 -8.00535605018361e-09 7.05142947248137e-06 -0.002 0
10.451031560942 1.39767226022738e-07 6.9824391186932e-06 -0.002 0
10.471975511966 2.8447436980881e-07 6.76030673855794e-06 -0.002 0
10.4929194629899 4.22942292500967e-07 6.38990424033471e-06 -0.002 0
10.5138634140138 5.52134052723181e-07 5.8793554598605e-06 -0.002 0
10.5348073650378 6.69216158108178e-07 5.23985798489252e-06 -0.002 0
10.5557513160617 7.71620710739076e-07 4.48543756452728e-06 -0.002 0
10.5766952670856 8.57101727452905e-07 3.63264049010057e-06 -0.002 0
10.5976392181096 9.23784399763514e-07 2.70017069441018e-06 -0.002 0
10.6185831691335 9.70206213012872e-07 1.70847952856595e-06 -0.002 0
10.6395271201574 9.95349022906865e-07 6.79317213667711e-07 -0.002 0
10.6604710711813 9.98661385918413e-07 -3.64744194923294e-07 -0.002 0
10.6814150222053 9.80070653797391e-07 -1.40080586815544e-06 -0.002 0
10.7023589732292 9.39984566925045e-07 -2.40614443080668e-06 -0.002 0
10.7233029242531 8.79282311566747e-07 -3.35871034087139e-06 -0.002 0
10.7442468752771 7.99295237159476e-07 -4.23761149013113e-06 -0.002 0
10.765190826301 7.01777656551232e-07 -5.02357141936178e-06 -0.002 0
10.7861347773249 5.88868369614802e-07 -5.69935209839307e-06 -0.002 0
10.8070787283489 4.63043754117455e-07 -6.25013199841626e-06 -0.002 0
10.8280226793728 3.27063452678921e-07 -6.66383116448623e-06 -0.002 0
10.8489666303967 1.83909847035953e-07 -6.93137615858035e-06 -0.002 0
10.8699105814207 3.67226470914084e-08 -7.04689906236264e-06 -0.002 0
10.8908545324446 -1.11269970629477e-07 -7.00786617503397e-06 -0.002 0
10.9117984834685 -2.56822164812953e-07 -6.81513358360896e-06 -0.002 0
10.9327424344925 -3.96741618622796e-07 -6.47292838682661e-06 -0.002 0
10.9536863855164 -5.27959555043184e-07 -5.98875598450081e-06 -0.002 0
10.9746303365403 -6.47598042690125e-07 -5.37323546568241e-06 -0.002 0
10.9955742875643 -7.53033115909798e-07 -4.63986670597473e-06 -0.002 0
11.0165182385882 -8.41952324785139e-07 -3.80473428212983e-06 -0.002 0
11.0374621896121 -9.12405452837802e-07 -2.88615469780523e-06 -0.002 0
11.0584061406361 -9.62847290061787e-07 -1.90427465768579e-06 -0.002 0
11.07935009166 -9.92171523171174e-07 -8.8062920080554e-07 -0.002 0
11.1002940426839 -9.99734999765618e-07 1.62330615710257e-07 -0.002 0
11.1212379937079 -9.85371834240933e-07 1.20173012342773e-06 -0.002 0
11.1421819447318 -9.4939704606751e-07 2.21477274022277e-06 -0.002 0
11.1631258957557 -8.92599650640203e-07 3.1792399552749e-06 -0.002 0
11.1840698467797 -8.162253542343e-07 4.07397863553884e-06 -0.002 0
11.2050137978036 -7.21949232609662e-07 4.87936496586668e-06 -0.002 0
11.2259577488275 -6.11838992488298e-07 5.57773484743534e-06 -0.002 0
11.2469016998515 -4.88309621671333e-07 6.15377131478546e-06 -0.002 0
11.2678456508754 -3.5407042242961e-07 6.59484047446514e-06 -0.002 0
11.2887896018993 -2.12065589855649e-07 6.8912685973198e-06 -0.002 0
11.3097335529233 -6.54096384395575e-08 7.03655428711403e-06 -0.002 0
11.3306775039472 8.26809068774602e-08 7.02751107210692e-06 -0.002 0
11.3516214549711 2.28958056989136e-07 6.86433729219764e-06 -0.002 0
11.3725654059951 3.70213594996535e-07 6.55061174884474e-06 -0.002 0
11.393509357019 5.03349440278331e-07 6.0932152131669e-06 -0.002 0
11.4144533080429 6.25445597002224e-07 5.5021795137454e-06 -0.002 0
11.4353972590668 7.33824196799862e-07 4.79046751400293e-06 -0.002 0
11.4563412100908 8.26108230992253e-07 3.97368880479498e-06 -0.002 0
11.4772851611147 9.00273684223808e-07 3.06975734777292e-06 -0.002 0
11.4982291121386 9.54693926086475e-07 2.09849857824009e-06 -0.002 0
11.5191730631626 9.8817538711671e-07 1.08121458469956e-06 -0.002 0
11.5401170141865 9.99983736703092e-07 4.02169017730942e-08 -0.002 0
11.5610609652104 9.8985998875885e-07 -1.00166283651056e-06 -0.002 0
11.5820049162344 9.58026181922352e-07 -2.02157365048394e-06 -0.002 0
11.6029488672583 9.05180509704836e-07 -2.99714639290635e-06 -0.002 0
11.6238928182822 8.32482007393182e-07 -3.90698435926182e-06 -0.002 0
11.6448367693062 7.41525131561541e-07 -4.73113257000141e-06 -0.002 0
11.6657807203301 6.34304789725505e-07 -5.45151543221875e-06 -0.002 0
11.686724671354 5.13172587124344e-07 -6.05233318176404e-06 -0.002 0
11.707668622378 3.80785250246736e-07 -6.52040841084803e-06 -0.002 0
11.7286125734019 2.40046358298673e-07 -6.84547508093512e-06 -0.002 0
11.7495565244258 9.40426605854327e-08 -7.02040368216367e-06 -0.002 0
11.7705004754498 -5.40236234762617e-08 -7.04135760099466e-06 -0.002 0
11.7914444264737 -2.00905036889014e-07 -6.90787726656249e-06 -0.002 0
11.8123883774976 -3.43380109776697e-07 -6.62289023019199e-06 -0.002 0
11.8333323285216 -4.7832401412505e-07 -6.19264695701297e-06 -0.002 0
11.8542762795455 -6.02777098929059e-07 -5.62658373791991e-06 -0.002 0
11.8752202305694 -7.14009802603143e-07 -4.93711572855382e-06 -0.002 0
11.8961641815934 -8.0958251896569e-07 -4.13936465446949e-06 -0.002 0
11.9171081326173 -8.87399103789951e-07 -3.25082715458193e-06 -0.002 0
11.9380520836412 -9.45752848391354e-07 -2.2909910369343e-06 -0.002 0
11.9589960346652 -9.83363911937589e-07 -1.28090786324007e-06 -0.002 0
11.9799399856891 -9.99407391499092e-07 -2.42731236469346e-07 -0.002 0
12.000883936713 -9.93531414194774e-07 8.00769082034126e-07 -0.002 0
12.021827887737 -9.65864854627889e-07 1.82670656930138e-06 -0.002 0
12.0427718387609 -9.17014508349688e-07 2.8125798983556e-06 -0.002 0
12.0637157897848 -8.48051783343778e-07 3.73676644753601e-06 -0.002 0
12.0846597408088 -7.60489201419556e-07 4.57899653765768e-06 -0.002 0
12.1056036918327 -6.56247224896865e-07 5.32079799582241e-06 -0.002 0
12.1265476428566 -5.37612136154076e-07 5.94590129550521e-06 -0.002 0
12.1474915938806 -4.07185893844476e-07 6.44059638720012e-06 -0.002 0
12.1684355449045 -2.67829065557211e-07 6.79403339345337e-06 -0.002 0
12.1893794959284 -1.22598088549585e-07 6.99846057330401e-06 -0.002 0
12.2103234469523 2.53217654231846e-08 7.0493943369877e-06 -0.002 0
12.2312673979763 1.72686250934923e-07 6.94571758206395e-06 -0.002 0
12.2522113490002 3.16263303152805e-07 6.68970419421428e-06 -0.002 0
12.2731553000241 4.52903924951355e-07 6.28696917534862e-06 -0.002 0
12.2940992510481 5.79611252147748e-07 5.74634549283289e-06 -0.002 0
12.315043202072 6.93606282088323e-07 5.07969035083664e-06 -0.002 0
12.3359871530959 7.92388823997073e-07 4.30162513274534e-06 -0.002 0
12.3569311041199 8.7379233429539e-07 3.42921471833855e-06 -0.002 0
12.3778750551438 9.36031434219931e-07 2.48159320909536e-06 -0.002 0
12.3988190061677 9.7774106756062e-07 1.47954427038952e-06 -0.002 0
12.4197629571917 9.98006439693486e-07 4.45045294700052e-07 -0.002 0
12.4407069082156 9.96383081271879e-07 -5.99214616543318e-07 -0.002 0
12.4616508592395 9.72906596530071e-07 -1.63033228063862e-06 -0.002 0
12.4825948102635 9.28091882395018e-07 -2.62569275661788e-06 -0.002 0
12.5035387612874 8.62921835533076e-07 -3.56346534640466e-06 -0.002 0
12.5244827123113 7.78825795013862e-07 -4.42308239560035e-06 -0.002 0
12.5454266633353 6.77648193396537e-07 -5.18569039262273e-06 -0.002 0
12.5663706143592 5.61608103797132e-07 -5.83456347248578e-06 -0.002 0
12.5873145653831 4.33250570169008e-07 -6.35547025606777e-06 -0.002 0
12.6082585164071 2.95390788242853e-07 -6.7369859791825e-06 -0.002 0
12.629202467431 1.51052361375179e-07 -6.97074306569674e-06 -0.002 0
12.6501464184549 3.40098550612093e-09 -7.05161464901085e-06 -0.002 0
12.6710903694789 -1.44324982321869e-07 -6.97782701682571e-06 -0.002 0
12.6920343205028 -2.88885549081613e-07 -6.75099851300656e-06 -0.002 0
12.7129782715267 -4.27110146759963e-07 -6.37610404333027e-06 -0.002 0
12.7339222225507 -5.5596717069562e-07 -5.86136596359208e-06 -0.002 0
12.7548661735746 -6.72630470109591e-07 -5.21807374316356e-06 -0.002 0
12.7758101245985 -7.74541332527785e-07 -4.46033635922231e-06 -0.002 0
12.7967540756225 -8.59464602625222e-07 -3.60477285225594e-06 -0.002 0
12.8176980266464 -9.25537704667881e-07 -2.67014782971726e-06 -0.002 0
12.8386419776703 -9.71311493369734e-07 -1.6769599121303e-06 -0.002 0
12.8595859286943 -9.95782037205389e-07 -6.46992148033992e-07 -0.002 0
12.8805298797182 -9.98412637092319e-07 3.97165741732764e-07 -0.002 0
12.9014738307421 -9.7914559751892e-07 1.43261281204937e-06 -0.002 0
12.9224177817661 -9.3840349194868e-07 2.43663916744409e-06 -0.002 0
12.94336173279 -8.77079894747034e-07 3.38722404583689e-06 -0.002 0
12.9643056838139 -7.96519782902495e-07 4.26351878789578e-06 -0.002 0
12.9852496348378 -6.98490037380428e-07 5.04630409930328e-06 -0.002 0
13.0061935858618 -5.85140691087146e-07 5.71841157704921e-06 -0.002 0
13.0271375368857 -4.58957773371619e-07 6.26510025464386e-06 -0.002 0
13.0480814879096 -3.22708785300577e-07 6.67437990769074e-06 -0.002 0
13.0690254389336 -1.79382001568039e-07 6.93727402893433e-06 -0.002 0
13.0899693899575 -3.21209302973851e-08 7.04801670509452e-06 -0.002 0
13.1109133409814 1.15844631806669e-07 7.0041790774957e-06 -0.002 0
13.1318572920054 2.61269436826453e-07 6.80672261289851e-06 -0.002 0
13.1528012430293 4.00963961882742e-07 6.45997801617408e-06 -0.002 0
13.1737451940532 5.31864363199306e-07 5.97155024731772e-06 -0.002 0
13.1946891450772 6.51099673716284e-07 5.35215172601194e-06 -0.002 0
13.2156330961011 7.560547704438e-07 4.61536738197207e-06 -0.002 0
13.236577047125 8.44427730527236e-07 3.77735670409723e-06 -0.002 0
13.257520998149 9.14280318064867e-07 2.85649932321965e-06 -0.002 0
13.2784649491729 9.6408049437805e-07 1.87299190169285e-06 -0.002 0
13.2994089001968 9.9273601937942e-07 8.48405171019074e-07 -0.002 0
13.3203528512208 9.99618407078599e-07 -1.94789167232024e-07 -0.002 0
13.3412968022447 9.8457670982242e-07 -1.23371130098935e-06 -0.002 0
13.3622407532686 9.47940828947414e-07 -2.24557511811132e-06 -0.002 0
13.3831847042926 8.90514279233853e-07 -3.20818796174733e-06 -0.002 0
13.4041286553165 8.13556565854606e-07 -4.1004373697683e-06 -0.002 0
13.4250726063404 7.18755560335598e-07 -4.90275412287583e-06 -0.002 0
13.4460165573644 6.08190481390822e-07 -5.59754144560874e-06 -0.002 0
13.4669605083883 4.8428629255308e-07 -6.16956094681532e-06 -0.002 0
13.4879044594122 3.49760516772296e-07 -6.60626683496974e-06 -0.002 0
13.5088484104362 2.07563634467815e-07 -6.89808107817042e-06 -0.002 0
13.5297923614601 6.08143722516695e-08 -7.03860347388625e-06 -0.002 0
13.550736312484 -8.72686984000866e-08 -7.02475202110567e-06 -0.002 0
13.571680263508 -2.33437752318939e-07 -6.85683051618271e-06 -0.002 0
13.5926242145319 -3.74486943420752e-07 -6.53852188983744e-06 -0.002 0
13.6135681655558 -5.07322716778263e-07 -6.0768074314465e-06 -0.002 0
13.6345121165798 -6.29031657872915e-07 -5.48181367223341e-06 -0.002 0
13.6554560676037 -7.36944390925418e-07 -4.76659028558606e-06 -0.002 0
13.6764000186276 -8.28694124857843e-07 -3.94682387569249e-06 -0.002 0
13.6973439696516 -9.02268562830595e-07 -3.0404939318126e-06 -0.002 0
13.7182879206755 -9.56054036850734e-07 -2.06747849395294e-06 -0.002 0
13.7392318716994 -9.88870899471361e-07 -1.04911817866426e-06 -0.002 0
13.7601758227233 -9.99999396355255e-07 -7.74812694578516e-09 -0.002 0
13.7811197737473 -9.89195452253921e-07 1.03379186021225e-06 -0.002 0
13.8020637247712 -9.56696024176805e-07 2.05265825471838e-06 -0.002 0
13.8230076757951 -9.03213904342538e-07 3.02650481601409e-06 -0.002 0
13.8439516268191 -8.29922086896219e-07 3.93397269897193e-06 -0.002 0
13.864895577843 -7.3842804126903e-07 4.75515890578861e-06 -0.002 0
13.8858395288669 -6.30738456428518e-07 5.4720528075732e-06 -0.002 0
13.9067834798909 -5.09215229264666e-07 6.06893116164088e-06 -0.002 0
13.9277274309148 -3.76523662394476e-07 6.53270296081339e-06 -0.002 0
13.9486713819387 -2.35574007534324e-07 6.85319655133467e-06 -0.002 0
13.9696153329627 -8.945763653741e-08 7.02338272220133e-06 -0.002 0
13.9905592839866 5.86207599779053e-08 7.03952887301117e-06 -0.002 0
14.0115032350105 2.05413459358392e-07 6.90128087905063e-06 -0.002 0
14.0324471860345 3.47700937444374e-07 6.61167085811891e-06 -0.002 0
14.0533911370584 4.82362480635993e-07 6.17705066874311e-06 -0.002 0
14.0743350880823 6.06444630801378e-07 5.60695259833181e-06 -0.002 0
14.0952790391063 7.17225961861932e-07 4.91388029671788e-06 -0.002 0
14.1162229901302 8.12276767345225e-07 4.11303454043083e-06 -0.002 0
14.1371669411541 8.8951234981098e-07 3.22197984236144e-06 -0.002 0
14.1581108921781 9.47238743382253e-07 2.26025921888676e-06 -0.002 0
14.179054843202 9.8418986657449e-07 1.24896556355805e-06 -0.002 0
14.1999987942259 9.99555290569728e-07 2.1027902817845e-07 -0.002 0
14.2209427452499 9.92998013909549e-07 -8.33019442361071e-07 -0.002 0
14.2418866962738 9.64661853764141e-07 -1.85804775211278e-06 -0.002 0
14.2628306472977 9.15168291668795e-07 -2.84232451459409e-06 -0.002 0
14.2837745983217 8.45602842908581e-07 -3.76426212476751e-06 -0.002 0
14.3047185493456 7.5749124850405e-07 -4.60364022819994e-06 -0.002 0
14.3256625003695 6.52766011966136e-07 -5.34204920306068e-06 -0.002 0
14.3466064513935 5.33724014751374e-07 -5.96329392830953e-06 -0.002 0
14.3675504024174 4.02976140014485e-07 -6.45374898244765e-06 -0.002 0
14.3884943534413 2.63390009533106e-07 -6.80265748245091e-06 -0.002 0
14.4094383044653 1.18027089724413e-07 -7.0023670086144e-06 -0.002 0
14.4303822554892 -2.99244538269281e-08 -7.04849744089731e-06 -0.002 0
14.4513262065131 -1.77219680664513e-07 -6.94003702570522e-06 -0.002 0
14.4722701575371 -3.20628044968217e-07 -6.67936456612953e-06 -0.002 0
14.493214108561 -4.5700424935252e-07 -6.27219724895751e-06 -0.002 0
14.5141580595849 -5.83357228957431e-07 -5.72746525273481e-06 -0.002 0
14.5351020106088 -6.96915752841619e-07 -5.05711588703329e-06 -0.002 0
14.5560459616328 -7.95189203878178e-07 -4.27585155863072e-06 -0.002 0
14.5769899126567 -8.76022204100749e-07 -3.40080731164715e-06 -0.002 0
14.5979338636806 -9.37641887432113e-07 -2.45117501397407e-06 -0.002 0
14.6188778147046 -9.78696782988267e-07 -1.44778243251044e-06 -0.002 0
14.6398217657285 -9.98286456151728e-07 -4.12636429118552e-07 -0.002 0
14.6607657167524 -9.95981257312565e-07 6.31559703866398e-07 -0.002 0
14.6817096677764 -9.71831745138795e-07 1.66190418255618e-06 -0.002 0
14.7026536188003 -9.26367577700717e-07 2.65579902383632e-06 -0.002 0
14.7235975698242 -8.60585895769527e-07 3.59144567459634e-06 -0.002 0
14.7445415208482 -7.75929453073001e-07 4.44832310749801e-06 -0.002 0
14.7654854718721 -6.74254973165401e-07 5.20763789746809e-06 -0.002 0
14.786429422896 -5.57792426923113e-07 5.85273640763346e-06 -0.002 0
14.80737337392 -4.29096123810483e-07 6.36947004444953e-06 -0.002 0
14.8283173249439 -2.90988689604408e-07 6.74650557108049e-06 -0.002 0
14.8492612759678 -1.46499159283695e-07 6.97557367309743e-06 -0.002 0
14.8702052269918 1.20345714195544e-09 7.05165032483854e-06 -0.002 0
14.8911491780157 1.48879678798929e-07 6.97306697862194e-06 -0.002 0
14.9120931290396 2.93290603715666e-07 6.74154716009135e-06 -0.002 0
14.9330370800636 4.31268945891891e-07 6.36216866706879e-06 -0.002 0
14.9539810310875 5.59788501653832e-07 5.84325220098629e-06 -0.002 0
14.9749249821114 6.7603052172777e-07 5.19617887348264e-06 -0.002 0
14.9958689331354 7.77445533329453e-07 4.4351405906933e-06 -0.002 0
15.0168128841593 8.61809256359236e-07 3.57682878991876e-06 -0.002 0
15.0377568351832 9.27271387323549e-07 2.64006835543996e-06 -0.002 0
15.0587007862072 9.7239618103157e-07 1.64540474260557e-06 -0.002 0
15.0796447372311 9.96193940010902e-07 6.14653365572993e-07 -0.002 0
15.100588688255 9.98142721002081e-07 -4.29578868264032e-07 -0.002 0
15.121532639279 9.78199782455226e-07 -1.46438938323699e-06 -0.002 0
15.1424765903029 9.36802521957119e-07 -2.46708224509506e-06 -0.002 0
15.1634205413268 8.7485888302866e-07 -3.41566593854418e-06 -0.002 0
15.1843644923508 7.93727441695155e-07 -4.28933569514953e-06 -0.002 0
15.2053084433747 6.9518760957983e-07 -5.06892979296692e-06 -0.002 0
15.2262523943986 5.81400607039858e-07 -5.73734982013215e-06 -0.002 0
15.2471963454226 4.54862062299805e-07 -6.2799356849966e-06 -0.002 0
15.2681402964465 3.18347276199835e-07 -6.68478714791617e-06 -0.002 0
15.2890842474704 1.74850353037073e-07 -6.9430248227126e-06 -0.002 0
15.3100281984943 2.75185325101622e-08 -7.04898492340432e-06 -0.002 0
15.3309721495183 -1.20416836971357e-07 -7.00034348493328e-06 -0.002 0
15.3519161005422 -2.65711169688125e-07 -6.79816733342217e-06 -0.002 0
15.3728600515661 -4.05177804338733e-07 -6.44689068805931e-06 -0.002 0
15.3938040025901 -5.3575789534284e-07 -5.95421790778933e-06 -0.002 0
15.414747953614 -6.54587500831849e-07 -5.33095451581323e-06 -0.002 0
15.4356919046379 -7.59060395922842e-07 -4.59077020794543e-06 -0.002 0
15.4566358556619 -8.46885233626519e-07 -3.74989904263603e-06 -0.002 0
15.4775798066858 -9.16135799710159e-07 -2.82678338822702e-06 -0.002 0
15.4985237577097 -9.65293259303102e-07 -1.84166943655276e-06 -0.002 0
15.5194677087337 -9.93279468673026e-07 -8.16163154264406e-07 -0.002 0
15.5404116597576 -9.99480621564005e-07 2.27243589044686e-07 -0.002 0
15.5613556107815 -9.83760711474117e-07 1.26566632273921e-06 -0.002 0
15.5822995618055 -9.46464514611824e-07 2.27632988774661e-06 -0.002 0
15.6032435128294 -8.88410028107562e-07 3.23706795169083e-06 -0.002 0
15.6241874638533 -8.10870529329119e-07 4.12680917096256e-06 -0.002 0
15.6451314148773 -7.15546649784056e-07 4.92603933699835e-06 -0.002 0
15.6660753659012 -6.04529076097008e-07 5.61722937076666e-06 -0.002 0
15.6870193169251 -4.80252696120997e-07 6.18521977849133e-06 -0.002 0
15.7079632679491 -3.45443195871052e-07 6.6175531365549e-06 -0.002 0
15.728907218973 -2.03057278540451e-07 6.90474731337185e-06 -0.002 0
15.7498511699969 -5.62178167432809e-08 7.04050343580554e-06 -0.002 0
15.7707951210209 9.18546397462207e-08 7.02184403891499e-06 -0.002 0
15.7917390720448 2.37912498554167e-07 6.84917836906835e-06 -0.002 0
15.8126830230687 3.78752352378104e-07 6.52629340816571e-06 -0.002 0
15.8336269740927 5.11285237571033e-07 6.0602708158319e-06 -0.002 0
15.8545709251166 6.32604382695199e-07 5.46133161124093e-06 -0.002 0
15.8755148761405 7.40048961153596e-07 4.74261200108085e-06 -0.002 0
15.8964588271645 8.31262449647498e-07 3.91987527030185e-06 -0.002 0
15.9174027781884 9.04244312515843e-07 3.01116605459067e-06 -0.002 0
15.9383467292123 9.57393878392044e-07 2.03641457722441e-06 -0.002 0
15.9592906802363 9.89545446855461e-07 1.0169995303608e-06 -0.002 0
15.9802346312602 9.99993855102521e-07 -2.47208121489239e-08 -0.002 0
16.0011785822841 9.88509943897624e-07 -1.06589896657779e-06 -0.002 0
16.022122533308 9.55345583597591e-07 -2.08369934071411e-06 -0.002 0
16.043066484332 9.01228150016592e-07 -3.05579907444232e-06 -0.002 0
16.0640104353559 8.27344571289398e-07 -3.96087763485064e-06 -0.002 0
16.0849543863798 7.35315295624393e-07 -4.77908442784322e-06 -0.002 0
16.1058983374038 6.27158750897429e-07 -5.49247417038645e-06 -0.002 0
16.1268422884277 5.05247075574823e-07 -6.08540047460767e-06 -0.002 0
16.1477862394516 3.72254091895038e-07 -6.54485901148095e-06 -0.002 0
16.1687301904756 2.3109666238483e-07 -6.8607727276782e-06 -0.002 0
16.1896741414995 8.48707159053981e-08 -7.02621286007996e-06 -0.002 0
16.2106180925234 -6.32166536656414e-08 -7.03755090055543e-06 -0.002 0
16.2315620435474 -2.09917526873924e-07 -6.89453817805087e-06 -0.002 0
16.2525059945713 -3.52014393533094e-07 -6.60031131255616e-06 -0.002 0
16.2734499455952 -4.86390720619684e-07 -6.16132342133042e-06 -0.002 0
16.2943938966191 -6.10099305490993e-07 -5.58720258620316e-06 -0.002 0
16.3153378476431 -7.20426915272134e-07 -4.8905406861102e-06 -0.002 0
16.336281798667 -8.1495379471187e-07 -4.08661722628541e-06 -0.002 0
16.3572257496909 -8.91606737353891e-07 -3.19306422121151e-06 -0.002 0
16.3781697007149 -9.48704556042517e-07 -2.22947948126956e-06 -0.002 0
16.3991136517388 -9.84994955483033e-07 -1.21699678465991e-06 -0.002 0
16.4200576027627 -9.99681998150916e-07 -1.77822361779188e-07 -0.002 0
16.4410015537867 -9.92443561155159e-07 8.65252141911377e-07 -0.002 0
16.4619455048106 -9.63438401183828e-07 1.88934954260671e-06 -0.002 0
16.4828894558345 -9.13302672580273e-07 2.87200887094448e-06 -0.002 0
16.5038334068585 -8.43135974917109e-07 3.79167799618752e-06 -0.002 0
16.5247773578824 -7.54477236078929e-07 4.62818631734463e-06 -0.002 0
16.5457213089063 -6.49270959796914e-07 5.36318715395348e-06 -0.002 0
16.5666652599302 -5.29824577909764e-07 5.98056013381007e-06 -0.002 0
16.5876092109542 -3.98757842720517e-07 6.46676475229418e-06 -0.002 0
16.6085531619781 -2.58945369399086e-07 6.81113734886706e-06 -0.002 0
16.629497113002 -1.13453588616626e-07 7.00612498731817e-06 -0.002 0
16.650441064026 3.45265078047889e-08 7.0474511101928e-06 -0.002 0
16.6713850150499 1.81749353174239e-07 6.93420933419271e-06 -0.002 0
16.6923289660738 3.24985989174837e-07 6.66888332938635e-06 -0.002 0
16.7132729170978 4.61094884844207e-07 6.25729234622875e-06 -0.002 0
16.7342168681217 5.87090838058515e-07 5.70846358511729e-06 -0.002 0
16.7551608191456 7.00210448341398e-07 5.03443420773223e-06 -0.002 0
16.7761047701696 7.97972725018418e-07 4.24998733253913e-06 -0.002 0
16.7970487211935 8.7823350143146e-07 3.37232780471984e-06 -0.002 0
16.8179926722174 9.39232461775811e-07 2.42070485169306e-06 -0.002 0
16.8389366232413 9.79631749145968e-07 1.41598990031517e-06 -0.002 0
16.8598805742653 9.98545308020977e-07 3.80218815266083e-07 -0.002 0
16.8808245252892 9.95558317636588e-07 -6.63891401544174e-07 -0.002 0
16.9017684763131 9.70736290022676e-07 -1.69344085057994e-06 -0.002 0
16.9227124273371 9.24623633163645e-07 -2.68584898567823e-06 -0.002 0
16.943656378361 8.58231710795231e-07 -3.61934986084386e-06 -0.002 0
16.9646003293849 7.73016660715667e-07 -4.47346951086359e-06 -0.002 0
16.9855442804089 6.70847458110072e-07 -5.22947499561099e-06 -0.002 0
17.0064882314328 5.5396492433776e-07 -5.87078525939827e-06 -0.002 0
17.0274321824567 4.24932580220354e-07 -6.38333479422111e-06 -0.002 0
17.0483761334807 2.86580421738705e-07 -6.75588213086913e-06 -0.002 0
17.0693200845046 1.41942851275593e-07 -6.98025639193479e-06 -0.002 0
17.0902640355285 -5.80787427563568e-09 -7.05153649920808e-06 -0.002 0
17.1112079865524 -1.53431218890172e-07 -6.96815910499907e-06 -0.002 0
17.1321519375764 -2.97689440319768e-07 -6.73195288018966e-06 -0.002 0
17.1530958886003 -4.35418601726391e-07 -6.34809840699303e-06 -0.002 0
17.1740398396242 -5.63597964582093e-07 -5.82501455607151e-06 -0.002 0
17.1949837906482 -6.79416240878496e-07 -5.1741738400411e-06 -0.002 0
17.2159277416721 -7.80333251572354e-07 -4.40985079311366e-06 -0.002 0
17.236871692696 -8.64135638946137e-07 -3.54880889552879e-06 -0.002 0
17.25781564372 -9.28985410974852e-07 -2.60993290929075e-06 -0.002 0
17.2787595947439 -9.73460253002004e-07 -1.61381468899032e-06 -0.002 0
17.2997035457678 -9.96584722590683e-07 -5.82301551896579e-07 -0.002 0
17.3206474967918 -9.97851643370167e-07 4.6198288732907e-07 -0.002 0
17.3415914478157 -9.77233228658454e-07 1.49613490802581e-06 -0.002 0
17.3625353988396 -9.35181690892392e-07 2.4974730183384e-06 -0.002 0
17.3834793498635 -8.72619323499112e-07 3.44403541599902e-06 -0.002 0
17.4044233008875 -7.90918272737651e-07 4.31506166455023e-06 -0.002 0
17.4253672519114 -6.91870443163939e-07 5.0914480206672e-06 -0.002 0
17.4463112029353 -5.77648196766152e-07 5.75616642613377e-06 -0.002 0
17.4672551539593 -4.50756707734845e-07 6.29463797494975e-06 -0.002 0
17.4881991049832 -3.13979017844692e-07 6.69505266451947e-06 -0.002 0
17.5091430560071 -1.70314997518163e-07 6.94862841799304e-06 -0.002 0
17.5300870070311 -2.29155513047966e-08 7.04980369676493e-06 -0.002 0
17.551030958055 1.24986489188595e-07 6.9963594786648e-06 -0.002 0
17.5719749090789 2.70147269229159e-07 6.78946792655971e-06 -0.002 0
17.5929188601028 4.09383056653442e-07 6.43366667994568e-06 -0.002 0
17.6138628111268 5.39640068927329e-07 5.93675933337713e-06 -0.002 0
17.6348067621507 6.58061450091685e-07 5.30964428448659e-06 -0.002 0
17.6557507131746 7.62049928624904e-07 4.56607570537744e-06 -0.002 0
17.6766946641986 8.49324781981666e-07 3.72236187987387e-06 -0.002 0
17.6976386152225 9.17971858435763e-07 2.79700752283244e-06 -0.002 0
17.7185825662464 9.6648555912521e-07 1.81030792633052e-06 -0.002 0
17.7395265172704 9.93801859530368e-07 7.83903834101879e-07 -0.002 0
17.7604704682943 9.99321646143014e-07 -2.5969319308472e-07 -0.002 0
17.7814144193182 9.82923856495938e-07 -1.29759451120154e-06 -0.002 0
17.8023583703422 9.44968134359958e-07 -2.3070363970993e-06 -0.002 0
17.8233023213661 8.86286941873386e-07 -3.26587931282311e-06 -0.002 0
17.84424627239 8.08167301604279e-07 -4.15309348001525e-06 -0.002 0
17.8651902234139 7.12322568986885e-07 -4.94922011456632e-06 -0.002 0
17.8861341744379 6.00854854232007e-07 -5.63679820550701e-06 -0.002 0
17.9070781254618 4.76208917891032e-07 -6.20074747783189e-06 -0.002 0
17.9280220764857 3.41118551257045e-07 -6.62869913994067e-06 -0.002 0
17.9489660275097 1.98546617612437e-07 -6.91126716159378e-06 -0.002 0
17.9699099785336 5.16200693655866e-08 -7.04225413259095e-06 -0.002 0
17.9908539295575 -9.64386336896975e-08 -7.01878718718677e-06 -0.002 0
18.0117978805815 -2.42382200826095e-07 -6.84138101308711e-06 -0.002 0
18.0327418316054 -3.83009731438006e-07 -6.51392656308458e-06 -0.002 0
18.0536857826293 -5.15236918647561e-07 -6.04360571691452e-06 -0.002 0
18.0746297336533 -6.36163695724032e-07 -5.44073376500646e-06 -0.002 0
18.0955736846772 -7.43137841664657e-07 -4.71853316884895e-06 -0.002 0
18.1165176357011 -8.33813150910374e-07 -3.89284355995823e-06 -0.002 0
18.137461586725 -9.06200891391845e-07 -2.98177433788505e-06 -0.002 0
18.158405537749 -9.58713422304537e-07 -2.00530748663803e-06 -0.002 0
18.1793494887729 -9.90199014967987e-07 -9.84859320733999e-07 -0.002 0
18.2002934397968 -9.99967113062369e-07 5.71892271397302e-08 -0.002 0
18.2212373908208 -9.87803478223365e-07 1.09798347490708e-06 -0.002 0
18.2421813418447 -9.53974888815288e-07 2.11469625037162e-06 -0.002 0
18.2631252928686 -8.99223288826814e-07 3.08502854712588e-06 -0.002 0
18.2840692438926 -8.24749515218415e-07 3.98769859648862e-06 -0.002 0
18.3050131949165 -7.32186960620694e-07 4.80290862892222e-06 -0.002 0
18.3259571459404 -6.23565749025281e-07 5.51277908770688e-06 -0.002 0
18.3469010969644 -5.01268210183316e-07 6.10174077149985e-06 -0.002 0
18.3678450479883 -3.67976629267237e-07 6.55687630513129e-06 -0.002 0
18.3887889990122 -2.26614417774017e-07 6.86820344934379e-06 -0.002 0
18.4097329500361 -8.02819959363234e-08 7.02889403579803e-06 -0.002 0
18.4306769010601 6.78112071023062e-08 7.03542372556227e-06 -0.002 0
18.451620852084 2.14417143945247e-07 6.88764930651465e-06 -0.002 0
18.4725648031079 3.56320386593629e-07 6.5888118343365e-06 -0.002 0
18.4935087541319 4.9040864867374e-07 6.14546554820699e-06 -0.002 0
18.5144527051558 6.13741045515446e-07 5.56733412025232e-06 -0.002 0
18.5353966561797 7.236125949706e-07 4.86709739155196e-06 -0.002 0
18.5563406072037 8.17613544310188e-07 4.06011327210452e-06 -0.002 0
18.5772845582276 8.93682222015747e-07 3.16408090416982e-06 -0.002 0
18.5982285092515 9.5015025529557e-07 2.19865247664137e-06 -0.002 0
18.6191724602755 9.85779161594594e-07 1.18500220431311e-06 -0.002 0
18.6401164112994 9.99787511556341e-07 1.45361925382666e-07 -0.002 0
18.6610603623233 9.91868067686512e-07 -8.9746649732224e-07 -0.002 0
18.6820043133472 9.62194522825267e-07 -1.92061127715649e-06 -0.002 0
18.7029482643712 9.11417690636958e-07 -2.90163233807118e-06 -0.002 0
18.7238922153951 8.40651231669227e-07 -3.81901348055441e-06 -0.002 0
18.744836166419 7.51447228044023e-07 -4.65263428469212e-06 -0.002 0
18.765780117443 6.4576214248751e-07 -5.38421140035684e-06 -0.002 0
18.7867240684669 5.25913908300884e-07 -5.99769954594746e-06 -0.002 0
18.8076680194908 3.94531091394346e-07 -6.47964342079344e-06 -0.002 0
18.8286119705148 2.54495239385602e-07 -6.81947281292087e-06 -0.002 0
18.8495559215387 1.08877682188645e-07 -7.00973442974272e-06 -0.002 0
