0 1e-06 0 -0.002 0
0.125663706143592 6.05215823956491e-07 -5.04293423996716e-06 -0.002 0
0.251327412287183 -2.67427612865381e-07 -6.10412720240013e-06 -0.002 0
0.376991118430775 -9.28918670094537e-07 -2.34569450870422e-06 -0.002 0
0.502654824574367 -8.56964943754269e-07 3.26482433272883e-06 -0.002 0
0.628318530717959 -1.08378818977569e-07 6.29754120591557e-06 -0.002 0
0.75398223686155 7.25779791300401e-07 4.35791884694717e-06 -0.002 0
0.879645943005142 9.86885647783209e-07 -1.02257831453434e-06 -0.002 0
1.00530964914873 4.68777829647497e-07 -5.59568000132906e-06 -0.002 0
1.13097335529233 -4.19462126937966e-07 -5.75060985066792e-06 -0.002 0
1.25663706143592 -9.76508063194058e-07 -1.36504015671933e-06 -0.002 0
1.38230076757951 -7.62534137194327e-07 4.09832204430273e-06 -0.002 0
1.5079644737231 5.3512610920067e-08 6.32577886248274e-06 -0.002 0
1.63362817986669 8.27307495014423e-07 3.55860088854506e-06 -0.002 0
1.75929188601028 9.47886563600968e-07 -2.01833572469656e-06 -0.002 0
1.88495559215388 3.20044400199659e-07 -6.00165832583118e-06 -0.002 0
2.01061929829747 -5.60494692862011e-07 -5.24626145284969e-06 -0.002 0
2.13628300444106 -9.98484914927053e-07 -3.4858256992388e-07 -0.002 0
2.26194671058465 -6.48103048129396e-07 4.82432607830298e-06 -0.002 0
2.38761041672824 2.14000474362411e-07 6.18809953495363e-06 -0.002 0
2.51327412287183 9.07135994966022e-07 2.66594543924022e-06 -0.002 0
2.63893782901543 8.84025642905473e-07 -2.96115480368798e-06 -0.002 0
2.76460153515902 1.62916620773359e-07 -6.25022092799371e-06 -0.002 0
2.89026524130261 -6.86826209150383e-07 -4.60431041400336e-06 -0.002 0
3.0159289474462 -9.94272800945036e-07 6.770178860688e-07 -0.002 0
3.14159265358979 -5.16673055772573e-07 5.42379428950419e-06 -0.002 0
3.26725635973339 3.68875382614055e-07 5.88811437371661e-06 -0.002 0
3.39292006587698 9.63171493024593e-07 1.70336569497349e-06 -0.002 0
3.51858377202057 7.96977874910502e-07 -3.82630662855139e-06 -0.002 0
3.64424747816416 1.51574945347483e-09 -6.33484833279128e-06 -0.002 0
3.76991118430775 -7.9514316380171e-07 -3.84159427818767e-06 -0.002 0
3.89557489045135 -9.63982199540682e-07 1.68486104003153e-06 -0.002 0
4.02123859659494 -3.71691398547091e-07 5.88100340337744e-06 -0.002 0
4.14690230273853 5.14075167482288e-07 5.43369160090024e-06 -0.002 0
4.27256600888212 9.9394425067377e-07 6.96108875351002e-07 -0.002 0
4.39822971502571 6.89026409794396e-07 -4.59109938778227e-06 -0.002 0
4.5238934211693 -1.5992487801082e-07 -6.25332087303649e-06 -0.002 0
4.6495571273129 -8.82604543427295e-07 -2.97811810149565e-06 -0.002 0
4.77522083345649 -9.08407593945341e-07 2.64851247176363e-06 -0.002 0
4.90088453960008 -2.16960757488611e-07 6.18396141721059e-06 -0.002 0
5.02654824574367 6.4579142672598e-07 4.83675013710061e-06 -0.002 0
5.15221195188726 9.98647138348566e-07 -3.29405978216662e-07 -0.002 0
5.27787565803086 5.63002674628858e-07 -5.2354735581458e-06 -0.002 0
5.40353936417445 -3.1717088311819e-07 -6.00777690837445e-06 -0.002 0
5.52920307031804 -9.46916349351588e-07 -2.0365297453512e-06 -0.002 0
5.65486677646163 -8.29006634063185e-07 3.54269685268518e-06 -0.002 0
5.78053048260522 -5.65395168482739e-08 6.32472213480304e-06 -0.002 0
5.90619418874882 7.60569413512333e-07 4.11294698353588e-06 -0.002 0
6.03185789489241 9.77156805398175e-07 -1.34628093974303e-06 -0.002 0
6.157521601036 4.2221210871516e-07 -5.74252803998288e-06 -0.002 0
6.28318530717959 -4.66097906877314e-07 -5.60465673887975e-06 -0.002 0
6.40884901332318 -9.86391766225412e-07 -1.04152585244574e-06 -0.002 0
6.53451271946678 -7.27861904202705e-07 4.34396088495986e-06 -0.002 0
6.66017642561037 1.05364682068295e-07 6.29959358489718e-06 -0.002 0
6.78584013175396 8.55398649950445e-07 3.28126655918898e-06 -0.002 0
6.91150383789755 9.30036915413732e-07 -2.32784469641631e-06 -0.002 0
7.03716754404114 2.7034746619369e-07 -6.09896345115768e-06 -0.002 0
7.16283125018473 -6.02799786399838e-07 -5.05453368432927e-06 -0.002 0
7.28849495632833 -9.99995405007189e-07 -1.92040857965473e-08 -0.002 0
7.41415866247192 -6.07626299588425e-07 5.03128845111189e-06 -0.002 0
7.53982236861551 2.64505301881155e-07 6.10923485680135e-06 -0.002 0
7.6654860747591 9.2779188802612e-07 2.36352276409333e-06 -0.002 0
7.79114978090269 8.58523362062582e-07 -3.24835210258e-06 -0.002 0
7.91681348704629 1.11391959887056e-07 -6.29543095262083e-06 -0.002 0
8.04247719318988 -7.2369100849225e-07 -4.37183675972293e-06 -0.002 0
8.16814089933347 -9.87370459876093e-07 1.00362137914292e-06 -0.002 0
8.29380460547706 -4.71453444356166e-07 5.58665183955961e-06 -0.002 0
8.41946831162065 4.16708290309856e-07 5.75863881333112e-06 -0.002 0
8.54513201776424 9.75850346894881e-07 1.38378682899622e-06 -0.002 0
8.67079572390783 7.64491853198564e-07 -4.08365944154892e-06 -0.002 0
8.79645943005142 -5.04852132117348e-08 -6.32677745634565e-06 -0.002 0
8.92212313619502 -8.25600753021676e-07 -3.57447222091394e-06 -0.002 0
9.04778684233861 -9.48848066786458e-07 2.00012315556563e-06 -0.002 0
9.1734505484822 -3.22914976077691e-07 5.99548458813418e-06 -0.002 0
9.29911425462579 5.57981560156995e-07 5.25700113448626e-06 -0.002 0
9.42477796076938 9.98313515443529e-07 3.67755958162296e-07 -0.002 0
9.55044166691297 6.50408713475118e-07 -4.81185768401805e-06 -0.002 0
9.67610537305656 -2.11038224574928e-07 -6.19218078415091e-06 -0.002 0
9.80176907920015 -9.05856059419952e-07 -2.68335390671655e-06 -0.002 0
9.92743278534374 -8.85438618200704e-07 2.94416429291024e-06 -0.002 0
10.0530964914873 -1.65906866334495e-07 6.24706354351046e-06 -0.002 0
10.1787601976309 6.84619696583383e-07 4.61747912667795e-06 -0.002 0
10.3044239037745 9.94592213863557e-07 -6.5792067500196e-07 -0.002 0
10.4300876099181 5.19266195844903e-07 -5.4138471335166e-06 -0.002 0
10.5557513160617 -3.66055976721555e-07 -5.89517123236935e-06 -0.002 0
10.6814150222053 -9.62351934976331e-07 -1.7218546960092e-06 -0.002 0
10.8070787283489 -7.98805261804082e-07 3.81098381521221e-06 -0.002 0
10.9327424344925 -4.54723443070836e-09 6.33479011562618e-06 -0.002 0
11.0584061406361 7.93301145338674e-07 3.85684662362776e-06 -0.002 0
11.1840698467797 9.64784047074218e-07 -1.66634090124085e-06 -0.002 0
11.3097335529232 3.74503998641519e-07 -5.87383838670154e-06 -0.002 0
11.4353972590668 -5.11472554848605e-07 -5.4435389767486e-06 -0.002 0
11.5610609652104 -9.9360656606913e-07 -7.15193467402645e-07 -0.002 0
11.686724671354 -6.9122027829561e-07 4.57784616942381e-06 -0.002 0
11.8123883774976 1.56931665540952e-07 6.25636335015035e-06 -0.002 0
11.9380520836412 8.81175332826053e-07 2.99505403044078e-06 -0.002 0
12.0637157897848 9.09670844671932e-07 -2.6310551644955e-06 -0.002 0
12.1893794959284 2.19919046748569e-07 -6.17976646895104e-06 -0.002 0
12.315043202072 -6.43473870508638e-07 -4.84912974623402e-06 -0.002 0
12.4407069082156 -9.98800184217235e-07 3.10226359273241e-07 -0.002 0
12.5663706143592 -5.6550548240922e-07 5.22463754951518e-06 -0.002 0
12.6920343205027 3.14294451240867e-07 6.01384027953432e-06 -0.002 0
12.8176980266463 9.45937432954572e-07 2.05470505032676e-06 -0.002 0
12.9433617327899 8.30698154552899e-07 -3.52676025949215e-06 -0.002 0
13.0690254389335 5.95659031791332e-08 -6.32360728301785e-06 -0.002 0
13.1946891450771 -7.58597700208363e-07 -4.12753412484537e-06 -0.002 0
13.3203528512207 -9.77796567545299e-07 1.32750935046424e-06 -0.002 0
13.4460165573643 -4.24958210369145e-07 5.73439345554772e-06 -0.002 0
13.5716802635079 4.63413700674068e-07 5.61358196971559e-06 -0.002 0
13.6973439696515 9.85888819741464e-07 1.06046381874953e-06 -0.002 0
13.8230076757951 7.29937328064573e-07 -4.32996300203448e-06 -0.002 0
13.9486713819387 -1.02349576859108e-07 -6.30158807070431e-06 -0.002 0
14.0743350880822 -8.53824495045326e-07 -3.29767863085663e-06 -0.002 0
14.1999987942258 -9.31146613707046e-07 2.30997349126911e-06 -0.002 0
14.3256625003694 -2.73264835032671e-07 6.09374365052881e-06 -0.002 0
14.451326206513 6.00378209121814e-07 5.06608667759949e-06 -0.002 0
14.5769899126566 9.99981620070983e-07 3.84079951078169e-08 -0.002 0
14.7026536188002 6.10031191143401e-07 -5.0195964247881e-06 -0.002 0
14.8283173249438 -2.61580560097008e-07 -6.11428636742207e-06 -0.002 0
14.9539810310874 -9.26656579563591e-07 -2.38132929874221e-06 -0.002 0
15.079644737231 -8.6007389055354e-07 3.23185002012206e-06 -0.002 0
15.2053084433746 -1.14404077106032e-07 6.29326284440615e-06 -0.002 0
15.3309721495182 7.21595574974137e-07 4.38571449538172e-06 -0.002 0
15.4566358556617 9.87846198048647e-07 -9.84655220485469e-07 -0.002 0
15.5822995618053 4.74124726414458e-07 -5.57757233654008e-06 -0.002 0
15.7079632679489 -4.13950624138551e-07 -5.76661485418641e-06 -0.002 0
15.8336269740925 -9.75183662545047e-07 -1.40252078429205e-06 -0.002 0
15.9592906802361 -7.66442543533662e-07 4.06895931002357e-06 -0.002 0
16.0849543863797 4.74573515450203e-08 6.3277179072147e-06 -0.002 0
16.2106180925233 8.2388642376988e-07 3.5903107039345e-06 -0.002 0
16.3362817986669 9.49800850071855e-07 -1.98189220533166e-06 -0.002 0
16.4619455048105 3.25782584371735e-07 -5.98925575202001e-06 -0.002 0
16.5876092109541 -5.55463299609464e-07 -5.26769250435799e-06 -0.002 0
16.7132729170977 -9.9813294147315e-07 -3.86925966728736e-07 -0.002 0
16.8389366232412 -6.52708401574114e-07 4.79934506883019e-06 -0.002 0
16.9646003293848 2.08074035349196e-07 6.19620512729581e-06 -0.002 0
17.0902640355284 9.04567799069719e-07 2.70073771420906e-06 -0.002 0
17.215927741672 8.86843456327763e-07 -2.92714672530498e-06 -0.002 0
17.3415914478156 1.68895587213915e-07 -6.24384874860307e-06 -0.002 0
17.4672551539592 -6.82406892371215e-07 -4.63060540478575e-06 -0.002 0
17.5929188601028 -9.94902486493934e-07 6.3881741765358e-07 -0.002 0
17.7185825662464 -5.2185456386836e-07 5.4038502243517e-06 -0.002 0
17.84424627239 3.63233206779894e-07 5.90217391448321e-06 -0.002 0
17.9699099785336 9.61523532927622e-07 1.740327873225e-06 -0.002 0
18.0955736846772 8.00625307688792e-07 -3.79562597898656e-06 -0.002 0
18.2212373908208 7.57867761892288e-09 -6.334673681831e-06 -0.002 0
18.3469010969643 -7.91451836449519e-07 -3.87206352470283e-06 -0.002 0
18.4725648031079 -9.65577028256232e-07 1.64780544880124e-06 -0.002 0
18.5982285092515 -3.77313157049583e-07 5.86661938953532e-06 -0.002 0
18.7238922153951 5.08865241789497e-07 5.45333632655203e-06 -0.002 0
18.8495559215387 9.93259750234433e-07 7.34271486836603e-07 -0.002 0
