0 1e-06 0 -0.002 0
0.015707963267949 9.9383149724932e-07 -7.82975798031671e-07 -0.002 0
0.0314159265358979 9.75402089849651e-07 -1.5562920193356e-06 -0.002 0
0.0471238898038469 9.44939141501469e-07 -2.31040825743526e-06 -0.002 0
0.0628318530717959 9.02818473766133e-07 -3.03602097615257e-06 -0.002 0
0.0785398163397448 8.49559729553214e-07 -3.72417828738485e-06 -0.002 0
0.0942477796076938 7.85819962283064e-07 -4.36639039059763e-06 -0.002 0
0.109955742875643 7.12385529815149e-07 -4.95473431154053e-06 -0.002 0
0.125663706143592 6.30162393146814e-07 -5.48195164802418e-06 -0.002 0
0.141371669411541 5.40164939567477e-07 -5.94153811686797e-06 -0.002 0
0.15707963267949 4.43503468157053e-07 -6.32782379727742e-06 -0.002 0
0.172787595947439 3.41370492020102e-07 -6.63604308068822e-06 -0.002 0
0.188495559215388 2.35026026245097e-07 -6.86239346410531e-06 -0.002 0
0.204203522483337 1.25782043091344e-07 -7.00408246160322e-06 -0.002 0
0.219911485751285 1.49862861799997e-08 -7.05936205524034e-06 -0.002 0
0.235619449019234 -9.59943566263921e-08 -7.02755026036585e-06 -0.002 0
0.251327412287183 -2.05790716526984e-07 -6.90903953926814e-06 -0.002 0
0.267035375555132 -3.13048235225654e-07 -6.70529195936535e-06 -0.002 0
0.282743338823081 -4.16443676124153e-07 -6.41882115567164e-06 -0.002 0
0.29845130209103 -5.14701449099302e-07 -6.05316132006816e-06 -0.002 0
0.314159265358979 -6.06609347465354e-07 -5.61282359995838e-06 -0.002 0
0.329867228626928 -6.91033502974548e-07 -5.10324044421775e-06 -0.002 0
0.345575191894877 -7.66932374355922e-07 -4.53069858304205e-06 -0.002 0
0.361283155162826 -8.33369596815694e-07 -3.90226146852237e-06 -0.002 0
0.376991118430775 -8.89525533974885e-07 -3.22568213279779e-06 -0.002 0
0.392699081698724 -9.34707389727828e-07 -2.50930753885525e-06 -0.002 0
0.408407044966673 -9.68357755271537e-07 -1.76197560400126e-06 -0.002 0
0.424115008234622 -9.90061485861176e-07 -9.92906166427459e-07 -0.002 0
0.439822971502571 -9.99550822453062e-07 -2.11587240016107e-07 -0.002 0
0.45553093477052 -9.96708695049456e-07 5.7234203933934e-07 -0.002 0
0.471238898038469 -9.81570166991771e-07 1.3492103318068e-06 -0.002 0
0.486946861306418 -9.54322002383939e-07 2.10943340898827e-06 -0.002 0
0.502654824574367 -9.15300361982627e-07 2.84363239459832e-06 -0.002 0
0.518362787842316 -8.64986655980139e-07 3.54274947171236e-06 -0.002 0
0.534070751110265 -8.0400160484422e-07 4.19815962910396e-06 -0.002 0
0.549778714378214 -7.33097581486236e-07 4.80177706805573e-06 -0.002 0
0.565486677646163 -6.53149329232422e-07 5.34615495690259e-06 -0.002 0
0.581194640914112 -5.65143170110658e-07 5.82457730263503e-06 -0.002 0
0.596902604182061 -4.70164836590181e-07 6.23114180614177e-06 -0.002 0
0.61261056745001 -3.69386076894145e-07 6.56083267890638e-06 -0.002 0
0.628318530717959 -2.6405019913534e-07 6.80958252281782e-06 -0.002 0
0.644026493985908 -1.55456732617166e-07 6.97432250968327e-06 -0.002 0
0.659734457253857 -4.4945395533471e-08 7.0530202413785e-06 -0.002 0
0.675442420521806 6.61204331421817e-08 7.04470482355462e-06 -0.002 0
0.691150383789755 1.76370533670407e-07 6.94947884356708e-06 -0.002 0
0.706858347057704 2.84444749954462e-07 6.76851710485486e-06 -0.002 0
0.722566310325653 3.89009769793496e-07 6.50405213338399e-06 -0.002 0
0.738274273593602 4.88775573962504e-07 6.15934663496242e-06 -0.002 0
0.753982236861551 5.82511351186605e-07 5.73865324322054e-06 -0.002 0
0.7696902001295 6.69060682666513e-07 5.24716205484664e-06 -0.002 0
0.785398163397449 7.47355808823619e-07 4.69093659933559e-06 -0.002 0
0.801106126665398 8.16430802255794e-07 4.07683903319201e-06 -0.002 0
0.816814089933347 8.7543348438906e-07 3.41244548146778e-06 -0.002 0
0.832522053201296 9.23635938809343e-07 2.70595257106561e-06 -0.002 0
0.848230016469245 9.60443491571281e-07 1.9660763089078e-06 -0.002 0
0.863937979737194 9.8540204769396e-07 1.2019445525109e-06 -0.002 0
0.879645943005143 9.98203693333186e-07 4.22984399557348e-07 -0.002 0
0.895353906273092 9.98690494516284e-07 -3.61194114260529e-07 -0.002 0
0.911061869541041 9.86856445574379e-07 -1.14091657430372e-06 -0.002 0
0.92676983280899 9.6284754323437e-07 -1.90656354029313e-06 -0.002 0
0.942477796076939 9.26959985456508e-07 -2.64868922139726e-06 -0.002 0
0.958185759344888 8.79636517238529e-07 -3.35813800900563e-06 -0.002 0
0.973893722612837 8.21460968468181e-07 -4.02615742952259e-06 -0.002 0
0.989601685880786 7.53151051210688e-07 -4.64450612368219e-06 -0.002 0
1.00530964914873 6.75549505291053e-07 -5.20555552024283e-06 -0.002 0
1.02101761241668 5.89613701408201e-07 -5.70238394971261e-06 -0.002 0
1.03672557568463 4.96403830047398e-07 -6.12886203702392e-06 -0.002 0
1.05243353895258 3.97069821904404e-07 -6.47972831966738e-06 -0.002 0
1.06814150222053 2.9283716118415e-07 -6.75065415838379e-06 -0.002 0
1.08384946548848 1.84991766795365e-07 -6.93829713961043e-06 -0.002 0
1.09955742875643 7.48641279619185e-08 -7.04034231085561e-06 -0.002 0
1.11526539202438 -3.61871100300488e-08 -7.0555307402803e-06 -0.002 0
1.13097335529233 -1.46791907446497e-07 -6.98367504814713e-06 -0.002 0
1.14668131856027 -2.55585732293222e-07 -6.82566171852524e-06 -0.002 0
1.16238928182822 -3.61226394554577e-07 -6.58344016273148e-06 -0.002 0
1.17809724509617 -4.62410604799075e-07 -6.25999866943222e-06 -0.002 0
1.19380520836412 -5.57890052868278e-07 -5.85932753810966e-06 -0.002 0
1.20951317163207 -6.46486808286091e-07 -5.38636985071518e-06 -0.002 0
1.22522113490002 -7.27107852393522e-07 -4.84696048884007e-06 -0.002 0
1.24092909816797 -7.98758562925891e-07 -4.24775414874927e-06 -0.002 0
1.25663706143592 -8.60554984673184e-07 -3.59614324235693e-06 -0.002 0
1.27234502470387 -9.11734734840342e-07 -2.90016669699997e-06 -0.002 0
1.28805298797181 -9.51666408567993e-07 -2.16841077914727e-06 -0.002 0
1.30376095123976 -9.79857368577682e-07 -1.40990316558303e-06 -0.002 0
1.31946891450771 -9.9595982284068e-07 -6.34001568908615e-07 -0.002 0
1.33517687777566 -9.99775115290159e-07 1.49721708609296e-07 -0.002 0
1.35088484104361 -9.91256176642181e-07 9.31597868584421e-07 -0.002 0
1.36659280431156 -9.70508105089712e-07 1.70198090052977e-06 -0.002 0
1.38230076757951 -9.37786869705636e-07 2.45136658474208e-06 -0.002 0
1.39800873084746 -8.93496152550899e-07 3.17050974591258e-06 -0.002 0
1.41371669411541 -8.38182368446698e-07 3.85053831090566e-06 -0.002 0
1.42942465738335 -7.72527923851827e-07 4.48306276357391e-06 -0.002 0
1.4451326206513 -6.97342798010441e-07 5.06027964626501e-06 -0.002 0
1.46084058391925 -6.13554550233666e-07 5.57506783112172e-06 -0.002 0
1.4765485471872 -5.22196876595273e-07 6.02107637347544e-06 -0.002 0
1.49225651045515 -4.24396857217531e-07 6.39280286348548e-06 -0.002 0
1.5079644737231 -3.21361051477535e-07 6.68566130939958e-06 -0.002 0
1.52367243699105 -2.14360612677538e-07 6.89603871495939e-06 -0.002 0
1.539380400259 -1.04715605819663e-07 7.02133965295514e-06 -0.002 0
1.55508836352695 6.22127804328779e-09 7.06001828502546e-06 -0.002 0
1.57079632679489 1.17081409964793e-07 7.0115974326737e-06 -0.002 0
1.58650429006284 2.26497107887455e-07 6.87667446422171e-06 -0.002 0
1.60221225333079 3.33118509744068e-07 6.65691392507355e-06 -0.002 0
1.61792021659874 4.35630226713362e-07 6.35502700220968e-06 -0.002 0
1.63362817986669 5.32767571179134e-07 5.97473807625824e-06 -0.002 0
1.64933614313464 6.23332159188323e-07 5.52073877379082e-06 -0.002 0
1.66504410640259 7.0620669492043e-07 4.99863008669958e-06 -0.002 0
1.68075206967054 7.80368754772206e-07 4.41485327272947e-06 -0.002 0
1.69646003293849 8.44903401003268e-07 3.776610389646e-06 -0.002 0
1.71216799620643 8.99014469328034e-07 3.09177544340899e-06 -0.002 0
1.72787595947438 9.42034391198898e-07 2.36879724651769e-06 -0.002 0
1.74358392274233 9.73432429603071e-07 1.61659518496449e-06 -0.002 0
1.75929188601028 9.92821226768029e-07 8.44449179720929e-07 -0.002 0
1.77499984927823 9.99961582996483e-07 6.18852003015316e-08 -0.002 0
1.79070781254618 9.94765407674361e-07 -7.21442257174438e-07 -0.002 0
1.80641577581413 9.77296806045198e-07 -1.49586927755474e-06 -0.002 0
1.82212373908208 9.47771288343394e-07 -2.25184175042853e-06 -0.002 0
1.83783170235003 9.06553111043267e-07 -2.98003323923911e-06 -0.002 0
1.85353966561797 8.54150783024925e-07 -3.67146004158297e-06 -0.002 0
1.86924762888592 7.91210792097412e-07 -4.3175920211958e-06 -0.002 0
1.88495559215387 7.18509629275058e-07 -4.91045784429053e-06 -0.002 0
1.90066355542182 6.36944209203557e-07 -5.44274332194605e-06 -0.002 0
1.91637151868977 5.47520804919052e-07 -5.90788164529623e-06 -0.002 0
1.93207948195772 4.51342633452151e-07 -6.30013440028702e-06 -0.002 0
1.94778744522567 3.49596245433352e-07 -6.61466236252215e-06 -0.002 0
1.96349540849362 2.43536886611386e-07 -6.84758519880121e-06 -0.002 0
1.97920337176157 1.34473011879511e-07 -6.99602933881161e-06 -0.002 0
1.99491133502951 2.3750142860294e-08 -7.05816342638141e-06 -0.002 0
2.01061929829746 -8.72657318020487e-08 -7.03322091293042e-06 -0.002 0
2.02632726156541 -1.97205008651069e-07 -6.92150951438433e-06 -0.002 0
2.04203522483336 -3.04711366223465e-07 -6.72440741488155e-06 -0.002 0
2.05774318810131 -4.08458497994435e-07 -6.44434626410798e-06 -0.002 0
2.07345115136926 -5.0716647502857e-07 -6.08478117802144e-06 -0.002 0
2.08915911463721 -5.99617536470171e-07 -5.65014811306708e-06 -0.002 0
2.10486707790516 -6.84671113065628e-07 -5.14580913975831e-06 -0.002 0
2.12057504117311 -7.61277898372571e-07 -4.5779862907834e-06 -0.002 0
2.13628300444105 -8.28492794059227e-07 -3.95368479975396e-06 -0.002 0
2.151990967709 -8.85486569587737e-07 -3.28060667759931e-06 -0.002 0
2.16769893097695 -9.31556092435863e-07 -2.56705569281534e-06 -0.002 0
2.1834068942449 -9.66133002646783e-07 -1.82183492782681e-06 -0.002 0
2.19911485751285 -9.88790724689003e-07 -1.05413817531112e-06 -0.002 0
2.2148228207808 -9.99249730121042e-07 -2.73436514327433e-07 -0.002 0
2.23053078404875 -9.97380986135346e-07 5.10638534437787e-07 -0.002 0
2.2462387473167 -9.83207547436746e-07 1.28841383279444e-06 -0.002 0
2.26194671058464 -9.56904271816441e-07 2.05029396260789e-06 -0.002 0
2.27765467385259 -9.18795662930461e-07 2.78687960452525e-06 -0.002 0
2.29336263712054 -8.69351866896283e-07 3.48908349742996e-06 -0.002 0
2.30907060038849 -8.09182872097588e-07 4.14824254803218e-06 -0.002 0
2.32477856365644 -7.39030983754218e-07 4.75622470749837e-06 -0.002 0
2.34048652692439 -6.59761666098597e-07 5.30552929658245e-06 -0.002 0
2.35619449019234 -5.7235286513873e-07 5.78937954154697e-06 -0.002 0
2.37190245346029 -4.77882943732926e-07 6.20180617925796e-06 -0.002 0
2.38761041672824 -3.77517377821284e-07 6.53772110001709e-06 -0.002 0
2.40331837999618 -2.724943779426e-07 6.79298011959893e-06 -0.002 0
2.41902634326413 -1.64109613424148e-07 6.96443410607465e-06 -0.002 0
2.43473430653208 -5.37002277020566e-08 7.04996783066986e-06 -0.002 0
2.45044226980003 5.73716580246196e-08 7.04852606335366e-06 -0.002 0
2.46615023306798 1.67735749290624e-07 6.96012659121739e-06 -0.002 0
2.48185819633593 2.76030483694855e-07 6.78585999903509e-06 -0.002 0
2.49756615960388 3.80919828503199e-07 6.52787621471323e-06 -0.002 0
2.51327412287183 4.81109763291721e-07 6.18935798561825e-06 -0.002 0
2.52898208613978 5.75364244283755e-07 5.77448161300481e-06 -0.002 0
2.54469004940772 6.62520453428774e-07 5.28836542896423e-06 -0.002 0
2.56039801267567 7.41503144095077e-07 4.73700665153332e-06 -0.002 0
2.57610597594362 8.11337906393404e-07 4.12720739698247e-06 -0.002 0
2.59181393921157 8.71163188477093e-07 3.46649076206981e-06 -0.002 0
2.60752190247952 9.20240925511958e-07 2.76300801155508e-06 -0.002 0
2.62322986574747 9.57965645186205e-07 2.02543801600151e-06 -0.002 0
2.63893782901542 9.83871937425676e-07 1.26288018050188e-06 -0.002 0
2.65464579228337 9.97640196160494e-07 4.84742185267836e-07 -0.002 0
2.67035375555132 9.99100562306901e-07 -2.99376076972594e-07 -0.002 0
2.68606171881926 9.88235019319717e-07 -1.07980093490444e-06 -0.002 0
2.70176968208721 9.6517761546255e-07 -1.846904282762e-06 -0.002 0
2.71747764535516 9.30212810053631e-07 -2.59122236232265e-06 -0.002 0
2.73318560862311 8.83771964089646e-07 -3.30357251734408e-06 -0.002 0
2.74889357189106 8.26428018542738e-07 -3.97516648004491e-06 -0.002 0
2.76460153515901 7.58888425984591e-07 -4.59771879201261e-06 -0.002 0
2.78030949842696 6.81986422740153e-07 -5.16354902194956e-06 -0.002 0
2.79601746169491 5.96670749246516e-07 -5.66567651919618e-06 -0.002 0
2.81172542496286 5.03993945436924e-07 -6.09790653405655e-06 -0.002 0
2.8274333882308 4.05099365549823e-07 -6.45490664245948e-06 -0.002 0
2.84314135149875 3.01207072561337e-07 -6.73227253210362e-06 -0.002 0
2.8588493147667 1.93598786261612e-07 -6.92658233848254e-06 -0.002 0
2.87455727803465 8.36020706707213e-08 -7.03543886044597e-06 -0.002 0
2.8902652413026 -2.74260441259597e-08 -7.05749913448358e-06 -0.002 0
2.90597320457055 -1.38115803665378e-07 -6.99249100287321e-06 -0.002 0
2.9216811678385 -2.47101627775152e-07 -6.84121647129218e-06 -0.002 0
2.93738913110645 -3.53038957743668e-07 -6.6055418144688e-06 -0.002 0
2.9530970943744 -4.54620844148306e-07 -6.28837455194086e-06 -0.002 0
2.96880505764234 -5.50594070697652e-07 -5.89362757797101e-06 -0.002 0
2.98451302091029 -6.39774615167785e-07 -5.42617088814876e-06 -0.002 0
3.00022098417824 -7.21062256690962e-07 -4.89177149822811e-06 -0.002 0
3.01592894744619 -7.93454149186519e-07 -4.29702229642243e-06 -0.002 0
3.03163691071414 -8.56057193478484e-07 -3.64926070690633e-06 -0.002 0
3.04734487398209 -9.08099055465027e-07 -2.95647816797324e-06 -0.002 0
3.06305283725004 -9.48937694408518e-07 -2.22722154161722e-06 -0.002 0
3.07876080051799 -9.78069283795643e-07 -1.47048767084953e-06 -0.002 0
3.09446876378594 -9.9513442704787e-07 -6.95612385596888e-07 -0.002 0
3.11017672705388 -9.99922591399015e-07 8.78446734836686e-08 -0.002 0
3.12588469032183 -9.92374705239137e-07 8.70217992344193e-07 -0.002 0
3.14159265358978 -9.72583886881314e-07 1.64185542704579e-06 -0.002 0
3.15730061685773 -9.40794295760501e-07 2.39323728231149e-06 -0.002 0
3.17300858012568 -8.97398120237244e-07 3.11509375605926e-06 -0.002 0
3.18871654339363 -8.42930739167709e-07 3.79851930100129e-06 -0.002 0
3.20442450666158 -7.78064116931797e-07 4.43508249242985e-06 -0.002 0
3.22013246992953 -7.03598513404886e-07 5.01693004675033e-06 -0.002 0
3.23584043319748 -6.2045261114735e-07 5.53688370748411e-06 -0.002 0
3.25154839646542 -5.29652181612755e-07 5.98852880345828e-06 -0.002 0
3.26725635973337 -4.32317430199796e-07 6.36629338663914e-06 -0.002 0
3.28296432300132 -3.29649176272127e-07 6.66551697328575e-06 -0.002 0
3.29867228626927 -2.2291403864327e-07 6.88250804036351e-06 -0.002 0
3.31438024953722 -1.1342880929334e-07 7.01458956788415e-06 -0.002 0
3.33008821280517 -2.54420809914546e-09 7.06013206531601e-06 -0.002 0
3.34579617607312 1.08371781004365e-07 7.01857367461773e-06 -0.002 0
3.36150413934107 2.17950786849432e-07 6.89042710188397e-06 -0.002 0
3.37721210260902 3.24840932638112e-07 6.67727329208755e-06 -0.002 0
3.39292006587696 4.27723514053768e-07 6.38174192495254e-06 -0.002 0
3.40862802914491 5.25329268123481e-07 6.00747897258114e-06 -0.002 0
3.42433599241286 6.16454032122329e-07 5.55910171907569e-06 -0.002 0
3.44004395568081 6.99973599335547e-07 5.0421417970794e-06 -0.002 0
3.45575191894876 7.74857588402955e-07 4.4629769439939e-06 -0.002 0
3.47145988221671 8.40182155139466e-07 3.82875231979792e-06 -0.002 0
3.48716784548466 8.95141390005876e-07 3.14729235716926e-06 -0.002 0
3.50287580875261 9.39057260619288e-07 2.42700423141582e-06 -0.002 0
3.51858377202056 9.71387976642348e-07 1.67677414110758e-06 -0.002 0
3.5342917352885 9.91734673853617e-07 9.05857678995976e-07 -0.002 0
3.54999969855645 9.99846334937665e-07 1.23765645715149e-07 -0.002 0
3.5657076618244 9.95622886287073e-07 -6.59853285017743e-07 -0.002 0
3.58141562509235 9.79116432611077e-07 -1.43533160214328e-06 -0.002 0
3.5971235883603 9.50530614119487e-07 -2.19310222539691e-06 -0.002 0
3.61283155162825 9.10218094212293e-07 -2.92381653443079e-06 -0.002 0
3.6285395148962 8.58676208669365e-07 -3.61845970279443e-06 -0.002 0
3.64424747816415 7.96540830016196e-07 -4.26846191389825e-06 -0.002 0
3.65995544143209 7.24578522761059e-07 -4.86580408688798e-06 -0.002 0
3.67566340470004 6.43677086284451e-07 -5.40311680808924e-06 -0.002 0
3.69137136796799 5.54834602053252e-07 -5.87377124750462e-06 -0.002 0
3.70707933123594 4.59147120284177e-07 -6.2719609387258e-06 -0.002 0
3.72278729450389 3.57795137966221e-07 -6.5927734133416e-06 -0.002 0
3.73849525777184 2.52029035062816e-07 -6.83225080608779e-06 -0.002 0
3.75420322103979 1.43153648567338e-07 -6.98743868305258e-06 -0.002 0
3.76991118430774 3.25121747219446e-08 -7.05642249054413e-06 -0.002 0
3.78561914757569 -7.85304020018545e-08 -7.03835117494991e-06 -0.002 0
3.80132711084363 -1.88604148724133e-07 -6.93344768218982e-06 -0.002 0
3.81703507411158 -2.96351085026022e-07 -6.74300620723114e-06 -0.002 0
3.83274303737953 -4.0044193636161e-07 -6.46937622759814e-06 -0.002 0
3.84845100064748 -4.99592533325329e-07 -6.1159335178549e-06 -0.002 0
3.86415896391543 -5.92579654456975e-07 -5.68703850265592e-06 -0.002 0
3.87986692718338 -6.78256117131591e-07 -5.18798246216324e-06 -0.002 0
3.89557489045133 -7.55564930357823e-07 -4.62492225349389e-06 -0.002 0
3.91128285371928 -8.23552334881595e-07 -4.00480435353983e-06 -0.002 0
3.92699081698723 -8.81379569719274e-07 -3.3352791602443e-06 -0.002 0
3.94269878025517 -9.28333219956541e-07 -2.62460660960027e-06 -0.002 0
3.95840674352312 -9.63834018152108e-07 -1.8815542727747e-06 -0.002 0
3.97411470679107 -9.87443990763336e-07 -1.11528919053481e-06 -0.002 0
3.98982267005902 -9.98871861428231e-07 -3.35264779415691e-07 -0.002 0
4.00553063332697 -9.97976644443533e-07 4.48895795131491e-07 -0.002 0
4.02123859659492 -9.84769384106107e-07 1.2275183397846e-06 -0.002 0
4.03694655986287 -9.59413018459393e-07 1.99099698392677e-06 -0.002 0
4.05265452313082 -9.22220369125869e-07 2.72991268732505e-06 -0.002 0
4.06836248639877 -8.73650282024973e-07 3.43514944288158e-06 -0.002 0
4.08407044966672 -8.14301966588471e-07 4.0980067408633e-06 -0.002 0
4.09977841293466 -7.44907603310397e-07 4.71030690713839e-06 -0.002 0
4.11548637620261 -6.66323310832279e-07 5.26449599118702e-06 -0.002 0
4.13119433947056 -5.79518584002737e-07 5.7537369592305e-06 -0.002 0
4.14690230273851 -4.85564333214212e-07 6.17199404275457e-06 -0.002 0
4.16261026600646 -3.8561967257556e-07 6.51410720181882e-06 -0.002 0
4.17831822927441 -2.80917619914909e-07 6.77585578449778e-06 -0.002 0
4.19402619254236 -1.72749885031938e-07 6.95401059708695e-06 -0.002 0
4.20973415581031 -6.24509338669694e-08 7.04637374268334e-06 -0.002 0
4.22544211907825 4.86184748126816e-08 7.0518057366516e-06 -0.002 0
4.2411500823462 1.59088077101101e-07 6.97023956445225e-06 -0.002 0
4.25685804561415 2.67595008907123e-07 6.80268150840044e-06 -0.002 0
4.2725660088821 3.7280061961612e-07 6.55119873315549e-06 -0.002 0
4.28827397215005 4.73406987030003e-07 6.21889378309909e-06 -0.002 0
4.303981935418 5.68172929840514e-07 5.80986630622822e-06 -0.002 0
4.31968989868595 6.55929320089858e-07 5.32916247677526e-06 -0.002 0
4.3353978619539 7.35593506708749e-07 4.78271274052868e-06 -0.002 0
4.35110582522185 8.0618267218861e-07 4.17725865089077e-06 -0.002 0
4.36681378848979 8.66825957606578e-07 3.52026969829624e-06 -0.002 0
4.38252175175774 9.16775206416832e-07 2.81985115906757e-06 -0.002 0
4.39822971502569 9.55414194462011e-07 2.08464410057647e-06 -0.002 0
4.41393767829364 9.82266232334035e-07 1.32371877634819e-06 -0.002 0
4.42964564156159 9.97000046293954e-07 5.46462726293849e-07 -0.002 0
4.44535360482954 9.99433865197889e-07 -2.3753503742106e-07 -0.002 0
4.46106156809749 9.89537663008633e-07 -1.01860233007254e-06 -0.002 0
4.47676953136544 9.67433529227036e-07 -1.78710312017422e-06 -0.002 0
4.49247749463339 9.33394162673165e-07 -2.53355640925082e-06 -0.002 0
4.50818545790133 8.87839507199459e-07 -3.2487531989685e-06 -0.002 0
4.52389342116928 8.31331570841108e-07 -3.92387010259796e-06 -0.002 0
4.53960138443723 7.64567492319835e-07 -4.55057819918504e-06 -0.002 0
4.55530934770518 6.88370940439652e-07 -5.12114578749443e-06 -0.002 0
4.57101731097313 6.03681952480287e-07 -5.62853377205023e-06 -0.002 0
4.58672527424108 5.11545336952101e-07 -6.06648250449567e-06 -0.002 0
4.60243323750903 4.13097783787741e-07 -6.42958900890923e-06 -0.002 0
4.61814120077698 3.09553840992192e-07 -6.7133736383484e-06 -0.002 0
4.63384916404493 2.02190930757354e-07 -6.91433534027856e-06 -0.002 0
4.64955712731287 9.23335898974376e-08 -7.02999484907746e-06 -0.002 0
4.66526509058082 -1.86628709690041e-08 -7.05892527274874e-06 -0.002 0
4.68097305384877 -1.2942908789363e-07 -7.00076969649642e-06 -0.002 0
4.69668101711672 -2.38598537448876e-07 -6.85624558598465e-06 -0.002 0
4.71238898038467 -3.44824395534998e-07 -6.62713593595991e-06 -0.002 0
4.72809694365262 -4.46796153156402e-07 -6.31626727343497e-06 -0.002 0
4.74380490692057 -5.43255784178328e-07 -5.92747478680959e-06 -0.002 0
4.75951287018852 -6.33013265602199e-07 -5.46555501113018e-06 -0.002 0
4.77522083345647 -7.14961258885902e-07 -4.93620665321047e-06 -0.002 0
4.79092879672441 -7.8808877118547e-07 -4.34596028665425e-06 -0.002 0
4.80663675999236 -8.51493627979362e-07 -3.70209778413291e-06 -0.002 0
4.82234472326031 -9.043936032005e-07 -3.01256248088215e-06 -0.002 0
4.83805268652826 -9.46136069563558e-07 -2.28586117773156e-06 -0.002 0
4.85376064979621 -9.76206050031376e-07 -1.53095919265597e-06 -0.002 0
4.86946861306416 -9.94232571089496e-07 -7.57169755598229e-07 -0.002 0
4.88517657633211 -9.99993239448454e-07 2.5960888899788e-08 -0.002 0
4.90088453960006 -9.93416985711013e-07 8.08771253768628e-07 -0.002 0
4.91659250286801 -9.74584941155712e-07 1.58160380323039e-06 -0.002 0
4.93230046613595 -9.43729436819831e-07 2.33492409787073e-06 -0.002 0
4.9480084294039 -9.01231137230108e-07 3.05943842107039e-06 -0.002 0
4.96371639267185 -8.4761434414238e-07 3.74620843563824e-06 -0.002 0
4.9794243559398 -7.83540528227936e-07 4.38676145612639e-06 -0.002 0
4.99513231920775 -7.09800168506205e-07 4.97319497639716e-06 -0.002 0
5.0108402824757 -6.27303000200746e-07 5.4982741628848e-06 -0.002 0
5.02654824574365 -5.3706679133079e-07 5.95552111077694e-06 -0.002 0
5.0422562090116 -4.40204786501588e-07 6.33929476196196e-06 -0.002 0
5.05796417227955 -3.37911972799591e-07 6.64486049879392e-06 -0.002 0
5.07367213554749 -2.31450337230189e-07 6.86844855509647e-06 -0.002 0
5.08938009881544 -1.22133297577086e-07 7.00730052378899e-06 -0.002 0
5.10508806208339 -1.13094987598748e-08 7.05970338736982e-06 -0.002 0
5.12079602535134 9.96538254057543e-08 7.02501065142269e-06 -0.002 0
5.13650398861929 2.09387719779121e-07 6.90365032042184e-06 -0.002 0
5.15221195188724 3.16538396701655e-07 6.69711961743846e-06 -0.002 0
5.16791991515519 4.19783937682688e-07 6.40796651289148e-06 -0.002 0
5.18362787842314 5.17850601915148e-07 6.03975829022241e-06 -0.002 0
5.19933584169109 6.09528540422896e-07 5.59703753629999e-06 -0.002 0
5.21504380495903 6.93686721974211e-07 5.08526609950092e-06 -0.002 0
5.23075176822698 7.69286886620309e-07 4.51075770685644e-06 -0.002 0
5.24645973149493 8.35396354714048e-07 3.88060007156717e-06 -0.002 0
5.26216769476288 8.91199533383864e-07 3.20256745184641e-06 -0.002 0
5.27787565803083 9.36007978507513e-07 2.48502473985376e-06 -0.002 0
5.29358362129878 9.69268888050999e-07 1.73682426397452e-06 -0.002 0
5.30929158456673 9.90571921990302e-07 9.67196577595739e-07 -0.002 0
5.32499954783468 9.99654264678518e-07 1.85636581718269e-07 -0.002 0
5.34070751110263 9.96403867203938e-07 -5.98213613689113e-07 -0.002 0
5.35641547437057 9.80860829738087e-07 -1.37468364445343e-06 -0.002 0
5.37212343763852 9.53216906819689e-07 -2.13419419553349e-06 -0.002 0
5.38783140090647 9.13813141677867e-07 -2.8673751810823e-06 -0.002 0
5.40353936417442 8.6313565877995e-07 -3.56518134324764e-06 -0.002 0
5.41924732744237 8.01809666511245e-07 -4.219003843568e-06 -0.002 0
5.43495529071032 7.30591743975747e-07 -4.82077647026002e-06 -0.002 0
5.45066325397827 6.50360507075571e-07 -5.36307515111761e-06 -0.002 0
5.46637121724622 5.62105769021736e-07 -5.83920954433167e-06 -0.002 0
5.48207918051417 4.66916329003133e-07 -6.24330557727371e-06 -0.002 0
5.49778714378211 3.65966539664944e-07 -6.57037791496225e-06 -0.002 0
5.51349510705006 2.60501819113593e-07 -6.81639146416789e-06 -0.002 0
5.52920307031801 1.51823286186724e-07 -6.97831115438065e-06 -0.002 0
5.54491103358596 4.12717085429335e-08 -7.05413938149161e-06 -0.002 0
5.56061899685391 -6.97890383962012e-08 -7.04294065224573e-06 -0.002 0
5.57632696012186 -1.79988797584707e-07 -6.94485312542733e-06 -0.002 0
5.59203492338981 -2.87968033987227e-07 -6.76108690739439e-06 -0.002 0
5.60774288665776 -3.92394607170231e-07 -6.49390912298974e-06 -0.002 0
5.6234508499257 -4.91980205925871e-07 -6.14661594600943e-06 -0.002 0
5.63915881319365 -5.85496242174442e-07 -5.72349193428846e-06 -0.002 0
5.6548667764616 -6.71789008062281e-07 -5.22975717108718e-06 -0.002 0
5.67057473972955 -7.49793909261902e-07 -4.67150286489543e-06 -0.002 0
5.6862827029975 -8.18548598878073e-07 -4.05561620215985e-06 -0.002 0
5.70199066626545 -8.77204849926754e-07 -3.38969538002683e-06 -0.002 0
5.7176986295334 -9.25039019916068e-07 -2.6819558673425e-06 -0.002 0
5.73340659280135 -9.61460978427706e-07 -1.94112905036836e-06 -0.002 0
5.7491145560693 -9.86021387559138e-07 -1.17635451362099e-06 -0.002 0
5.76482251933724 -9.98417245407795e-07 -3.97067284767531e-07 -0.002 0
5.78053048260519 -9.98495624207203e-07 3.87118565362512e-07 -0.002 0
5.79623844587314 -9.86255556997684e-07 1.166528531622e-06 -0.002 0
5.81194640914109 -9.61848049555737e-07 1.93154702896938e-06 -0.002 0
5.82765437240904 -9.2557421743495e-07 2.67273601999424e-06 -0.002 0
5.84336233567699 -8.7788157110175e-07 3.38095145203675e-06 -0.002 0
5.85907029894494 -8.19358494996326e-07 4.04745606741567e-06 -0.002 0
5.87477826221289 -7.50726988630545e-07 4.66402719502438e-06 -0.002 0
5.89048622548084 -6.7283375927601e-07 5.22305819346958e-06 -0.002 0
5.90619418874878 -5.86639776131785e-07 5.71765229424804e-06 -0.002 0
5.92190215201673 -4.93208414842105e-07 6.14170768721749e-06 -0.002 0
5.93761011528468 -3.93692338625201e-07 6.489992798662e-06 -0.002 0
5.95331807855263 -2.89319277860833e-07 6.75821083324562e-06 -0.002 0
5.96902604182058 -1.81376883573847e-07 6.94305278360013e-06 -0.002 0
5.98473400508853 -7.11968416763901e-08 7.04223825356712e-06 -0.002 0
6.00044196835648 3.9861556048508e-08 7.05454359145796e-06 -0.002 0
6.01614993162443 1.50428181537143e-07 6.97981698625138e-06 -0.002 0
6.03185789489238 2.59138973722594e-07 6.81898034048693e-06 -0.002 0
6.04756585816032 3.64652766963612e-07 6.57401789674821e-06 -0.002 0
6.06327382142827 4.65667837012514e-07 6.24795175805126e-06 -0.002 0
6.07898178469622 5.60937960394385e-07 5.84480460414301e-06 -0.002 0
6.09468974796417 6.49287789072949e-07 5.36955006367906e-06 -0.002 0
6.11039771123212 7.29627350725753e-07 4.82805135453969e-06 -0.002 0
6.12610567450007 8.0096549573871e-07 4.22698894927852e-06 -0.002 0
6.14181363776802 8.62422125024339e-07 3.57377815809592e-06 -0.002 0
6.15752160103597 9.13239047809048e-07 2.87647764611626e-06 -0.002 0
6.17322956430392 9.5278933543688e-07 2.14369001359193e-06 -0.002 0
6.18893752757186 9.8058505579179e-07 1.38445566557672e-06 -0.002 0
6.20464549083981 9.96283292918846e-07 6.08141280398909e-07 -0.002 0
6.22035345410776 9.99690377580249e-07 -1.75675747100787e-07 -0.002 0
6.23606141737571 9.90764276553789e-07 -9.57325461942047e-07 -0.002 0
6.25176938064366 9.69615111196933e-07 -1.72716464729274e-06 -0.002 0
6.26747734391161 9.3650379887904e-07 -2.47569579288803e-06 -0.002 0
6.28318530717956 8.91838834042331e-07 -3.19368426586678e-06 -0.002 0
6.29889327044751 8.36171248603716e-07 -3.87227223848794e-06 -0.002 0
6.31460123371546 7.70187813870997e-07 -4.50308796720011e-06 -0.002 0
6.3303091969834 6.94702567841471e-07 -5.07834907488784e-06 -0.002 0
6.34601716025135 6.10646772410675e-07 -5.59095856210086e-06 -0.002 0
6.3617251235193 5.19057424389261e-07 -6.03459236277536e-06 -0.002 0
6.37743308678725 4.21064462067634e-07 -6.40377736427184e-06 -0.002 0
6.3931410500552 3.17876825161051e-07 -6.69395892919581e-06 -0.002 0
6.40884901332315 2.107675401137e-07 -6.90155708598441e-06 -0.002 0
6.4245569765911 1.01058014764458e-07 -7.02401069503526e-06 -0.002 0
6.44026493985905 -9.89826386888897e-09 -7.05980904549983e-06 -0.002 0
6.455972903127 -1.20732427566432e-07 -7.00851049293151e-06 -0.002 0
6.47168086639494 -2.30077114640895e-07 -6.87074790785555e-06 -0.002 0
6.48738882966289 -3.36583339086296e-07 -6.6482208680419e-06 -0.002 0
6.50309679293084 -4.38937133025723e-07 -6.34367469080496e-06 -0.002 0
6.51880475619879 -5.3587575714026e-07 -5.96086656400871e-06 -0.002 0
6.53451271946674 -6.26203279090911e-07 -5.50451919361942e-06 -0.002 0
6.55022068273469 -7.08805327742448e-07 -4.9802625396561e-06 -0.002 0
6.56592864600264 -7.82662841166232e-07 -4.39456435934284e-06 -0.002 0
6.58163660927059 -8.46864638812838e-07 -3.7546504143523e-06 -0.002 0
6.59734457253854 -9.00618662751502e-07 -3.06841532654421e-06 -0.002 0
6.61305253580648 -9.43261749293174e-07 -2.34432518197211e-06 -0.002 0
6.62876049907443 -9.74267810444593e-07 -1.59131308473304e-06 -0.002 0
6.64446846234238 -9.9325432425876e-07 -8.18668949213245e-07 -0.002 0
6.66017642561033 -9.99987054010297e-07 -3.59248903632158e-08 -0.002 0
6.67588438887828 -9.94382937975221e-07 7.47262374056859e-07 -0.002 0
6.69159235214623 -9.76511114163886e-07 1.52123065845724e-06 -0.002 0
6.70730031541418 -9.46592067364973e-07 2.2764315118554e-06 -0.002 0
6.72300827868213 -9.04994909023434e-07 3.00354801716834e-06 -0.002 0
6.73871624195008 -8.5223282351057e-07 3.69360973406989e-06 -0.002 0
6.75442420521802 -7.88956736965617e-07 4.33810336736235e-06 -0.002 0
6.77013216848597 -7.15947286816383e-07 4.9290777955462e-06 -0.002 0
6.78584013175392 -6.34105191051012e-07 5.45924216384977e-06 -0.002 0
6.80154809502187 -5.44440136055203e-07 5.92205583154467e-06 -0.002 0
6.81725605828982 -4.48058320105718e-07 6.31180906386645e-06 -0.002 0
6.83296402155777 -3.46148806196159e-07 6.62369347304377e-06 -0.002 0
6.84867198482572 -2.39968852560269e-07 6.85386133940483e-06 -0.002 0
6.86437994809367 -1.30828401870186e-07 6.99947308071607e-06 -0.002 0
6.88008791136162 -2.00739204664973e-08 7.05873228412389e-06 -0.002 0
6.89579587462956 9.09282130044209e-08 7.03090786850984e-06 -0.002 0
6.91150383789751 2.00808564611275e-07 6.91634310384241e-06 -0.002 0
6.92721180116546 3.08211539851798e-07 6.71645137625357e-06 -0.002 0
6.94291976443341 4.11812107629587e-07 6.43369875108627e-06 -0.002 0
6.95862772770136 5.10332147170023e-07 6.07157354903273e-06 -0.002 0
6.97433569096931 6.02556216203301e-07 5.63454331070285e-06 -0.002 0
6.99004365423726 6.87346545882399e-07 5.12799968055118e-06 -0.002 0
7.00575161750521 7.63657077443605e-07 4.55819189012959e-06 -0.002 0
7.02145958077316 8.30546367439236e-07 3.93214966128322e-06 -0.002 0
7.0371675440411 8.87189202330634e-07 3.25759648043344e-06 -0.002 0
7.05287550730905 9.32886779152133e-07 2.54285431388336e-06 -0.002 0
7.068583470577 9.67075326647085e-07 1.79674093967374e-06 -0.002 0
7.08429143384495 9.89333060516963e-07 1.02846116260686e-06 -0.002 0
7.0999993971129 9.99385386976566e-07 2.47493254518966e-07 -0.002 0
7.11570736038085 9.97108290419061e-07 -5.36527979211475e-07 -0.002 0
7.1314153236488 9.82529863397205e-07 -1.31393006431075e-06 -0.002 0
7.14712328691675 9.55829960045367e-07 -2.07512218697823e-06 -0.002 0
7.16283125018469 9.17337977218085e-07 -2.81071351580898e-06 -0.002 0
7.17853921345264 8.67528790719257e-07 -3.51162905653245e-06 -0.002 0
7.19424717672059 8.07016896756737e-07 -4.16922161026675e-06 -0.002 0
7.20995513998854 7.36548830899238e-07 -4.77537845405882e-06 -0.002 0
7.22566310325649 6.56993958062915e-07 -5.32262142759209e-06 -0.002 0
7.24137106652444 5.69333747151609e-07 -5.80419919129151e-06 -0.002 0
7.25707902979239 4.74649662669583e-07 -6.21417051763697e-06 -0.002 0
7.27278699306034 3.74109822687983e-07 -6.54747758811996e-06 -0.002 0
7.28849495632829 2.68954587765768e-07 -6.80000839157827e-06 -0.002 0
7.30420291959623 1.6048125861467e-07 -6.96864745410038e-06 -0.002 0
7.31991088286418 5.00280712931781e-08 -7.05131427464421e-06 -0.002 0
7.33561884613213 -6.10423126190805e-08 -7.04698899218992e-06 -0.002 0
7.35132680940008 -1.71359617184742e-07 -6.95572496777095e-06 -0.002 0
7.36703477266803 -2.79562857210484e-07 -6.77864812615863e-06 -0.002 0
7.38274273593598 -3.84317128728843e-07 -6.5179430653221e-06 -0.002 0
7.39845069920393 -4.84330077715808e-07 -6.17682610503113e-06 -0.002 0
7.41415866247188 -5.78367843869518e-07 -5.75950560710145e-06 -0.002 0
7.42986662573983 -6.65270282751599e-07 -5.27113005681185e-06 -0.002 0
7.44557458900777 -7.43965278495483e-07 -4.71772454601298e-06 -0.002 0
7.46128255227572 -8.13481970505746e-07 -4.10611644153605e-06 -0.002 0
7.47699051554367 -8.72962730970622e-07 -3.44385115593068e-06 -0.002 0
7.49269847881162 -9.21673745421031e-07 -2.73909905966874e-06 -0.002 0
7.50840644207957 -9.59014065803722e-07 -2.00055468323891e-06 -0.002 0
7.52411440534752 -9.84523024380711e-07 -1.23732945267619e-06 -0.002 0
7.53982236861547 -9.978859169897e-07 -4.58839281848817e-07 -0.002 0
7.55553033188342 -9.98937885551058e-07 3.25311591722963e-07 -0.002 0
7.57123829515137 -9.87665951922855e-07 1.105449094398e-06 -0.002 0
7.58694625841931 -9.64209178012275e-07 1.87194866551398e-06 -0.002 0
7.60265422168726 -9.28856950168096e-07 2.61535399564526e-06 -0.002 0
7.61836218495521 -8.82045409019717e-07 3.32649368914427e-06 -0.002 0
7.63407014822316 -8.24352068807811e-07 3.99659441170008e-06 -0.002 0
7.64977811149111 -7.56488692587966e-07 4.61738912701205e-06 -0.002 0
7.66548607475906 -6.79292511205947e-07 5.18121908726216e-06 -0.002 0
7.68119403802701 -5.93715894376146e-07 5.68112831912897e-06 -0.002 0
7.69690200129496 -5.00814601291182e-07 6.11094943966876e-06 -0.002 0
7.71260996456291 -4.01734755714926e-07 6.46537974335282e-06 -0.002 0
7.72831792783085 -2.97698706247327e-07 6.74004662157475e-06 -0.002 0
7.7440258910988 -1.89989946203007e-07 6.93156150754688e-06 -0.002 0
7.75973385436675 -7.99372791471763e-08 7.03756168106738e-06 -0.002 0
7.7754418176347 3.11015745612566e-08 7.05673941741238e-06 -0.002 0
7.79114978090265 1.41756727973226e-07 6.98885812074309e-06 -0.002 0
7.8068577441706 2.50663027852335e-07 6.83475524298996e-06 -0.002 0
7.82256570743855 3.56476896577842e-07 6.5963319522036e-06 -0.002 0
7.8382736707065 4.5789290786916e-07 6.2765296778341e-06 -0.002 0
7.85398163397445 5.53659891837061e-07 5.87929382229971e-06 -0.002 0
7.86968959724239 6.42596370673486e-07 5.4095250865355e-06 -0.002 0
7.88539756051034 7.23605134549758e-07 4.87301901001896e-06 -0.002 0
7.90110552377829 7.95686777900276e-07 4.27639447116759e-06 -0.002 0
7.91681348704624 8.57952029094479e-07 3.62701203019945e-06 -0.002 0
7.93252145031419 9.0963272138584e-07 2.93288312186125e-06 -0.002 0
7.94822941358214 9.50091269789247e-07 2.20257121831381e-06 -0.002 0
7.96393737685009 9.7882853697047e-07 1.44508618152891e-06 -0.002 0
7.97964534011804 9.954899911062e-07 6.6977310857255e-07 -0.002 0
7.99535330338599 9.99870079745105e-07 -1.13802958908929e-07 -0.002 0
8.01106126665393 9.9191476570955e-07 -8.95975038660278e-07 -0.002 0
8.02676922992188 9.71722193752556e-07 -1.6670934694306e-06 -0.002 0
8.04247719318983 9.39541479745443e-07 -2.41764495889728e-06 -0.002 0
8.05818515645778 8.95769637333955e-07 -3.13836994920572e-06 -0.002 0
8.07389311972573 8.40946679978726e-07 -3.82037685218551e-06 -0.002 0
8.08960108299368 7.7574895880625e-07 -4.45525174492263e-06 -0.002 0
8.10530904626163 7.00980818461306e-07 -5.03516217237271e-06 -0.002 0
8.12101700952958 6.17564673902656e-07 -5.55295377640199e-06 -0.002 0
8.13672497279753 5.26529630564624e-07 -6.00223855914301e-06 -0.002 0
8.15243293606548 4.28998788277686e-07 -6.3774736917594e-06 -0.002 0
8.16814089933343 3.26175385579688e-07 -6.67402989635578e-06 -0.002 0
8.18384886260138 2.19327955355386e-07 -6.88824855740457e-06 -0.002 0
8.19955682586933 1.09774674939262e-07 -7.01748685810591e-06 -0.002 0
8.21526478913728 -1.13289624549858e-09 -7.06015038483307e-06 -0.002 0
8.23097275240523 -1.12026490883046e-07 -7.0157127974221e-06 -0.002 0
8.24668071567318 -2.2153801408627e-07 -6.88472232263336e-06 -0.002 0
8.26238867894113 -3.28316421590952e-07 -6.66879499067495e-06 -0.002 0
8.27809664220908 -4.31044387596278e-07 -6.37059469822913e-06 -0.002 0
8.29380460547703 -5.28454556620499e-07 -5.99380034394432e-06 -0.002 0
8.30951256874498 -6.19345178872473e-07 -5.54306044184222e-06 -0.002 0
8.32522053201293 -7.02594936245456e-07 -5.02393577257474e-06 -0.002 0
8.34092849528088 -7.77176776024751e-07 -4.44283078004253e-06 -0.002 0
8.35663645854883 -8.42170581642698e-07 -3.80691455973534e-06 -0.002 0
8.37234442181678 -8.96774524161836e-07 -3.12403241356149e-06 -0.002 0
8.38805238508473 -9.4031495444291e-07 -2.40260906231512e-06 -0.002 0
8.40376034835268 -9.72254713958011e-07 -1.65154470984936e-06 -0.002 0
8.41946831162063 -9.92199761718288e-07 -8.80105241212455e-07 -0.002 0
8.43517627488858 -9.999040355598e-07 -9.78079093729378e-08 -0.002 0
8.45088423815653 -9.95272487813778e-07 6.8569607918259e-07 -0.002 0
8.46659220142448 -9.78362257910246e-07 1.46074063143698e-06 -0.002 0
8.48230016469243 -9.49381967448553e-07 2.21776401848529e-06 -0.002 0
8.49800812796038 -9.08689146431555e-07 2.94742683863682e-06 -0.002 0
8.51371609122833 -8.56785822416005e-07 3.64072723766525e-06 -0.002 0
8.52942405449628 -7.94312326995821e-07 4.28911196473367e-06 -0.002 0
8.54513201776423 -7.22039396027691e-07 4.88458189389722e-06 -0.002 0
8.56083998103218 -6.40858661058568e-07 5.41979070936393e-06 -0.002 0
8.57654794430013 -5.51771649262371e-07 5.888135537033e-06 -0.002 0
8.59225590756808 -4.5587742759373e-07 6.28383840418894e-06 -0.002 0
8.60796387083603 -3.54359043592918e-07 6.60201752238274e-06 -0.002 0
8.62367183410398 -2.48468930121843e-07 6.83874751408283e-06 -0.002 0
8.63937979737192 -1.39513454092937e-07 6.99110784007925e-06 -0.002 0
8.65508776063987 -2.88367998133728e-08 7.05721883019201e-06 -0.002 0
8.67079572390782 8.21956142241307e-08 7.03626487277237e-06 -0.002 0
8.68650368717577 1.92213980516763e-07 6.9285044769083e-06 -0.002 0
8.70221165044372 2.99861001874322e-07 6.73526708319641e-06 -0.002 0
8.71791961371167 4.03808636402113e-07 6.45893666242599e-06 -0.002 0
8.73362757697962 5.02774481561114e-07 6.10292230451827e-06 -0.002 0
8.74933554024757 5.95537595175152e-07 5.67161616056534e-06 -0.002 0
8.76504350351552 6.80953558201247e-07 5.17033925683792e-06 -0.002 0
8.78075146678347 7.57968593433641e-07 4.605275849255e-06 -0.002 0
8.79645943005142 8.25632565958987e-07 3.98339712818454e-06 -0.002 0
8.81216739331937 8.83110704975994e-07 3.31237521482958e-06 -0.002 0
8.82787535658732 9.29693902367402e-07 2.60048851022671e-06 -0.002 0
8.84358331985527 9.64807460970723e-07 1.85651956456696e-06 -0.002 0
8.85929128312322 9.88018184620295e-07 1.08964672682577e-06 -0.002 0
8.87499924639117 9.99039722490763e-07 3.09330911421201e-07 -0.002 0
8.89070720965912 9.97736101808786e-07 -4.74801121139315e-07 -0.002 0
8.90641517292707 9.84123405349888e-07 -1.25307552965628e-06 -0.002 0
8.92212313619502 9.58369573025172e-07 -2.01589073847027e-06 -0.002 0
8.93783109946297 9.20792330005709e-07 -2.75383589215362e-06 -0.002 0
8.95353906273092 8.71855266945355e-07 -3.45780695728563e-06 -0.002 0
8.96924702599887 8.12162120660307e-07 -4.11911903896298e-06 -0.002 0
8.98495498926682 7.42449325824676e-07 -4.7296135263959e-06 -0.002 0
9.00066295253477 6.63576929571864e-07 -5.28175874573437e-06 -0.002 0
9.01637091580272 5.76517981088349e-07 -5.76874287836986e-06 -0.002 0
9.03207887907067 4.82346527100512e-07 -6.18455799837898e-06 -0.002 0
9.04778684233862 3.82224361354275e-07 -6.52407419233861e-06 -0.002 0
9.06349480560657 2.77386691559255e-07 -6.78310284709608e-06 -0.002 0
9.07920276887452 1.69126900624464e-07 -6.95844832471262e-06 -0.002 0
9.09491073214247 5.8780590186241e-08 -7.04794738706625e-06 -0.002 0
9.11061869541042 -5.2290896716483e-08 -7.05049588373233e-06 -0.002 0
9.12632665867837 -1.62717270538745e-07 -6.96606237389348e-06 -0.002 0
9.14203462194632 -2.71136200499203e-07 -6.79568851422507e-06 -0.002 0
9.15774258521427 -3.76210121662485e-07 -6.54147620797113e-06 -0.002 0
9.17345054848222 -4.76642736485149e-07 -6.20656167375244e-06 -0.002 0
9.18915851175017 -5.71195007245611e-07 -5.79507675402012e-06 -0.002 0
9.20486647501812 -6.58700442059335e-07 -5.31209794049266e-06 -0.002 0
9.22057443828607 -7.38079485895623e-07 -4.76358374544958e-06 -0.002 0
9.23628240155402 -8.08352839053976e-07 -4.15630119153272e-06 -0.002 0
9.25199036482197 -8.6865353878988e-07 -3.49774232695061e-06 -0.002 0
9.26769832808992 -9.18237655038957e-07 -2.79603179603858e-06 -0.002 0
9.28340629135787 -9.56493468286263e-07 -2.05982660547685e-06 -0.002 0
9.29911425462581 -9.82949016353306e-07 -1.29820932275152e-06 -0.002 0
9.31482221789376 -9.97277916998043e-07 -5.20576024469494e-07 -0.002 0
9.33053018116171 -9.9930339449439e-07 2.63479623090288e-07 -0.002 0
9.34623814442966 -9.89000460515332e-07 1.04428472109051e-06 -0.002 0
9.36194610769761 -9.66496222414049e-07 1.81220647274166e-06 -0.002 0
9.37765407096556 -9.32068315099801e-07 2.557771023169e-06 -0.002 0
9.39336203423351 -8.86141475854524e-07 3.27178033841229e-06 -0.002 0
9.40906999750146 -8.29282304346645e-07 3.94542568162136e-06 -0.002 0
9.42477796076941 -7.62192272487862e-07 4.57039628649107e-06 -0.002 0
9.44048592403736 -6.85699070370301e-07 5.13898188723096e-06 -0.002 0
9.45619388730531 -6.00746395049304e-07 5.64416784015669e-06 -0.002 0
9.47190185057326 -5.08382308147661e-07 6.07972166338781e-06 -0.002 0
9.48760981384121 -4.09746305913605e-07 6.44026992701098e-06 -0.002 0
9.50331777710916 -3.06055261249331e-07 6.72136454511437e-06 -0.002 0
9.51902574037711 -1.98588411143303e-07 6.91953765184802e-06 -0.002 0
9.53473370364506 -8.86715747164941e-08 7.03234438450395e-06 -0.002 0
9.55044166691301 2.23392034154071e-08 7.05839304580079e-06 -0.002 0
9.56614963018096 1.33074382671876e-07 6.99736227326081e-06 -0.002 0
9.58185759344891 2.42167822537232e-07 6.85000500386059e-06 -0.002 0
9.59756555671686 3.48273636643694e-07 6.61813918504339e-06 -0.002 0
9.61327351998481 4.50082796978903e-07 6.30462534669153e-06 -0.002 0
9.62898148325276 5.46339283371715e-07 5.91333131075353e-06 -0.002 0
9.64468944652071 6.35855579019961e-07 5.4490844739034e-06 -0.002 0
9.66039740978866 7.17527320891766e-07 4.91761225192135e-06 -0.002 0
9.67610537305661 7.90346924258353e-07 4.32547142053379e-06 -0.002 0
9.69181333632456 8.53416013272382e-07 3.67996722443515e-06 -0.002 0
9.70752129959251 9.0595650423572e-07 2.98906325244383e-06 -0.002 0
9.72322926286046 9.4732020482231e-07 2.26128319066322e-06 -0.002 0
9.73893722612841 9.76996810830457e-07 1.50560566571926e-06 -0.002 0
9.75464518939636 9.94620201808578e-07 7.31353475394456e-07 -0.002 0
9.77035315266431 9.99972957885223e-07 -5.19214267797267e-08 -0.002 0
9.78606111593226 9.92989042079227e-07 -8.3455577402609e-07 -0.002 0
9.80176907920021 9.7375461499831e-07 -1.6068942020971e-06 -0.002 0
9.81747704246816 9.42506971875184e-07 -2.35940836755675e-06 -0.002 0
9.83318500573611 8.99631615054964e-07 -3.0828144990059e-06 -0.002 0
9.84889296900406 8.45657498050613e-07 -3.76818793102116e-06 -0.002 0
9.86460093227201 7.81250499840546e-07 -4.40707320780125e-06 -0.002 0
9.88030889553996 7.07205209916005e-07 -4.99158839817182e-06 -0.002 0
9.89601685880791 6.2443512542614e-07 -5.51452233501362e-06 -0.002 0
9.91172482207586 5.33961381358649e-07 -5.96942357947099e-06 -0.002 0
9.92743278534381 4.36900152791822e-07 -6.35068001238848e-06 -0.002 0
9.94314074861176 3.34448884636457e-07 -6.65358807105575e-06 -0.002 0
9.95884871187971 2.27871518751408e-07 -6.87441077708662e-06 -0.002 0
9.97455667514765 1.18482900685919e-07 -7.01042383954195e-06 -0.002 0
9.9902646384156 7.63255842285029e-09 -7.05994926452198e-06 -0.002 0
10.0059726016836 -1.0331194675547e-07 -7.02237605658626e-06 -0.002 0
10.0216805649515 -2.12981891878312e-07 -6.89816775660781e-06 -0.002 0
10.0373885282195 -3.20024278229361e-07 -6.68885672306678e-06 -0.002 0
10.0530964914874 -4.23118523299325e-07 -6.39702522733545e-06 -0.002 0
10.0688044547554 -5.20992752819618e-07 -6.02627359618215e-06 -0.002 0
10.0845124180233 -6.12439491882205e-07 -5.58117579452004e-06 -0.002 0
10.1002203812913 -6.96330561564191e-07 -5.06722299637689e-06 -0.002 0
10.1159283445592 -7.71630997277394e-07 -4.49075584025082e-06 -0.002 0
10.1316363078272 -8.37411817132166e-07 -3.85888620461833e-06 -0.002 0
10.1473442710951 -8.92861482792074e-07 -3.17940946865034e-06 -0.002 0
10.1630522343631 -9.37295911426823e-07 -2.46070834057655e-06 -0.002 0
10.178760197631 -9.70166915245898e-07 -1.71164944016783e-06 -0.002 0
10.194468160899 -9.91068964494347e-07 -9.41473911199374e-07 -0.002 0
10.2101761241669 -9.99744190475602e-07 -1.59683413409064e-07 -0.002 0
10.2258840874349 -9.96085566879007e-07 6.24077099530948e-07 -0.002 0
10.2415920507028 -9.80138230164001e-07 1.40013836986078e-06 -0.002 0
10.2573000139708 -9.52098922711369e-07 2.15892612541898e-06 -0.002 0
10.2730079772387 -9.12313565611408e-07 2.89107919749086e-06 -0.002 0
10.2887159405067 -8.61272991033534e-07 3.58756500959844e-06 -0.002 0
10.3044239037746 -7.99606886827106e-07 4.23979101244612e-06 -0.002 0
10.3201318670425 -7.28076028058966e-07 4.83971069024866e-06 -0.002 0
10.3358398303105 -6.47562891327254e-07 5.37992283064061e-06 -0.002 0
10.3515477935784 -5.59060767642761e-07 5.85376283347406e-06 -0.002 0
10.3672557568464 -4.63661508192263e-07 6.25538493202728e-06 -0.002 0
10.3829637201143 -3.62542054164429e-07 6.57983431226096e-06 -0.002 0
10.3986716833823 -2.56949916819892e-07 6.82310824038623e-06 -0.002 0
10.4143796466502 -1.48187786937975e-07 6.98220544461347e-06 -0.002 0
10.4300876099182 -3.7597463513369e-08 7.05516314185888e-06 -0.002 0
10.4457955731861 7.34567000254386e-08 7.04108125261018e-06 -0.002 0
10.4615035364541 1.83604627851921e-07 6.94013350521248e-06 -0.002 0
10.477211499722 2.91487424374518e-07 6.7535652925808e-06 -0.002 0
10.49291946299 3.95774138939029e-07 6.48367830778075e-06 -0.002 0
10.5086274262579 4.95178185774153e-07 6.13380214802855e-06 -0.002 0
10.5243353895259 5.88473216607227e-07 5.70825323743187e-06 -0.002 0
10.5400433527938 6.74508250129614e-07 5.21228157524184e-06 -0.002 0
10.5557513160618 7.52221871659439e-07 4.65200596658341e-06 -0.002 0
10.5714592793297 8.20655327820357e-07 4.0343385347229e-06 -0.002 0
10.5871672425977 8.78964354687236e-07 3.36689944616517e-06 -0.002 0
10.6028752058656 9.26429593474838e-07 2.65792290061759e-06 -0.002 0
10.6185831691336 9.62465465271119e-07 1.91615554562291e-06 -0.002 0
10.6342911324015 9.86627395327481e-07 1.15074856912042e-06 -0.002 0
10.6499990956695 9.98617297779895e-07 3.71144801190013e-07 -0.002 0
10.6657070589374 9.98287253135847e-07 -4.13037782194472e-07 -0.002 0
10.6814150222054 9.85641333157924e-07 -1.19212471618776e-06 -0.002 0
10.6971229854733 9.60835550630464e-07 -1.95650440099913e-06 -0.002 0
10.7128309487413 9.24175934628974e-07 -2.69674668025195e-06 -0.002 0
10.7285389120092 8.76114755037742e-07 -3.40371918087474e-06 -0.002 0
10.7442468752772 8.17244942893787e-07 -4.068699979238e-06 -0.002 0
10.7599548385451 7.48292775393392e-07 -4.68348520357402e-06 -0.002 0
10.7756628018131 6.7010891580634e-07 -5.24049024518803e-06 -0.002 0
10.791370765081 5.83657918838475e-07 -5.73284332981733e-06 -0.002 0
10.807078728349 4.90006330914987e-07 -6.15447029474824e-06 -0.002 0
10.8227866916169 3.90309532191298e-07 -6.50016952579489e-06 -0.002 0
10.8384946548849 2.85797482621732e-07 -6.76567612964203e-06 -0.002 0
10.8542026181528 1.77759547936786e-07 -6.94771454985734e-06 -0.002 0
10.8699105814208 6.75285927310243e-08 -7.04403897744918e-06 -0.002 0
10.8856185446887 -4.35354630947591e-08 -7.05346105742442e-06 -0.002 0
10.9013265079567 -1.54062421672838e-07 -6.97586454953057e-06 -0.002 0
10.9170344712246 -2.62688711307186e-07 -6.81220676231242e-06 -0.002 0
10.9327424344926 -3.68074208864992e-07 -6.5645067427912e-06 -0.002 0
10.9484503977605 -4.68918772883121e-07 -6.23582036747045e-06 -0.002 0
10.9641583610285 -5.639782834205e-07 -5.83020264197072e-06 -0.002 0
10.9798663242964 -6.52079990772672e-07 -5.35265767440296e-06 -0.002 0
10.9955742875644 -7.32136983691353e-07 -4.80907693965919e-06 -0.002 0
11.0112822508323 -8.03161598614485e-07 -4.2061665962544e-06 -0.002 0
11.0269902141003 -8.64277604477029e-07 -3.55136475241198e-06 -0.002 0
11.0426981773682 -9.14731012778438e-07 -2.85274970208173e-06 -0.002 0
11.0584061406362 -9.53899379542934e-07 -2.11894026298291e-06 -0.002 0
11.0741141039041 -9.81299484414265e-07 -1.35898944620262e-06 -0.002 0
11.0898220671721 -9.96593292147896e-07 -5.8227276914825e-07 -0.002 0
11.10553003044 -9.9959212295368e-07 2.01627410262396e-07 -0.002 0
11.121237993708 -9.90258980239469e-07 9.8304011120341e-07 -0.002 0
11.1369459569759 -9.68709007038273e-07 1.75232504088446e-06 -0.002 0
11.1526539202439 -9.35208065488029e-07 2.49999152689594e-06 -0.002 0
11.1683618835118 -8.90169456888943e-07 3.21681560368677e-06 -0.002 0
11.1840698467798 -8.34148822803075e-07 3.89395380867807e-06 -0.002 0
11.1997778100477 -7.67837290101333e-07 4.52305228410967e-06 -0.002 0
11.2154857733157 -6.9205294452746e-07 5.09634983862928e-06 -0.002 0
11.2311937365836 -6.0773073796972e-07 5.60677369715288e-06 -0.002 0
11.2469016998516 -5.15910953954301e-07 6.04802675772982e-06 -0.002 0
11.2626096631195 -4.17726373661735e-07 6.41466527892427e-06 -0.002 0
11.2783176263875 -3.14388300799241e-07 6.70216603928325e-06 -0.002 0
11.2940255896554 -2.07171617740223e-07 6.90698214034456e-06 -0.002 0
11.3097335529234 -9.73990572934172e-08 7.02658676474263e-06 -0.002 0
11.3254415161913 1.35751158590445e-08 7.05950434956827e-06 -0.002 0
11.3411494794593 1.24381812732472e-07 7.00532879039641e-06 -0.002 0
11.3568574427272 2.33654010497949e-07 6.86472845139857e-06 -0.002 0
11.3725654059952 3.40043617450498e-07 6.63943791973049e-06 -0.002 0
11.3882733692631 4.42238104423857e-07 6.33223660592074e-06 -0.002 0
11.4039813325311 5.38976697470027e-07 5.94691445426783e-06 -0.002 0
11.419689295799 6.29065932034404e-07 5.4882251862765e-06 -0.002 0
11.435397259067 7.11394376734555e-07 4.96182765396939e-06 -0.002 0
11.4511052223349 7.84946345095294e-07 4.37421602659845e-06 -0.002 0
11.4668131856029 8.48814426078319e-07 3.73263967204325e-06 -0.002 0
11.4825211488708 9.02210678817182e-07 3.04501372131946e-06 -0.002 0
11.4982291121388 9.44476353448092e-07 2.31982141956405e-06 -0.002 0
11.5139370754067 9.75090018110609e-07 1.56600946819331e-06 -0.002 0
11.5296450386747 9.93673991855374e-07 7.92877649398294e-07 -0.002 0
11.5453530019426 9.99999004096061e-07 9.96409468075031e-09 -0.002 0
11.5610609652106 9.93987023121861e-07 -7.73072387127685e-07 -0.002 0
11.5767689284785 9.75712218775127e-07 -1.54657147064318e-06 -0.002 0
11.5924768917465 9.45400047417619e-07 -2.30099049341711e-06 -0.002 0
11.6081848550144 9.03424470474135e-07 -3.02702218381519e-06 -0.002 0
11.6238928182824 8.50303340868348e-07 -3.7157094848788e-06 -0.002 0
11.6396007815503 7.86692014268443e-07 -4.35855605758603e-06 -0.002 0
11.6553087448183 7.13375263960632e-07 -4.94763110023283e-06 -0.002 0
11.6710167080862 6.31257599096805e-07 -5.47566719077738e-06 -0.002 0
11.6867246713542 5.41352105760144e-07 -5.93614994506568e-06 -0.002 0
11.7024326346221 4.44767948516547e-07 -6.32339838482482e-06 -0.002 0
11.7181405978901 3.42696686645272e-07 -6.63263502392308e-06 -0.002 0
11.733848561158 2.36397573865556e-07 -6.86004480824268e-06 -0.002 0
11.749556524426 1.27182022916552e-07 -7.0028221820234e-06 -0.002 0
11.7652644876939 1.63974266511518e-08 -7.05920570001945e-06 -0.002 0
11.7809724509619 -9.45894647570514e-08 -7.02849975845911e-06 -0.002 0
11.7966804142298 -2.04409405418176e-07 -6.91108317671234e-06 -0.002 0
11.8123883774978 -3.11707546120126e-07 -6.70840452379411e-06 -0.002 0
11.8280963407657 -4.15160149110777e-07 -6.42296424736047e-06 -0.002 0
11.8438043040337 -5.13490919057902e-07 -6.05828382567211e-06 -0.002 0
11.8595122673016 -6.05486748711711e-07 -5.61886232309762e-06 -0.002 0
11.8752202305696 -6.90012685015662e-07 -5.1101208851317e-06 -0.002 0
11.8909281938375 -7.66025931028566e-07 -4.5383358576933e-06 -0.002 0
11.9066361571055 -8.32588710916186e-07 -3.91056135581153e-06 -0.002 0
11.9223441203734 -8.88879839296862e-07 -3.23454223696972e-06 -0.002 0
11.9380520836414 -9.34204852210086e-07 -2.51861855275604e-06 -0.002 0
11.9537600469093 -9.68004574722196e-07 -1.77162265760119e-06 -0.002 0
11.9694680101773 -9.89862019470617e-07 -1.00277024397318e-06 -0.002 0
11.9851759734452 -9.99507531039242e-07 -2.21546648328686e-07 -0.002 0
12.0008839367132 -9.96822112698785e-07 5.62410169535048e-07 -0.002 0
12.0165918999811 -9.81838894470086e-07 1.33942853004321e-06 -0.002 0
12.0322998632491 -9.54742724398862e-07 2.09992235340756e-06 -0.002 0
12.048007826517 -9.15867888084345e-07 2.83450942314549e-06 -0.002 0
12.063715789785 -8.65693984596013e-07 3.53412713453644e-06 -0.002 0
12.0794237530529 -8.04840009657225e-07 4.19014430002611e-06 -0.002 0
12.0951317163209 -7.34056719091581e-07 4.79446763223487e-06 -0.002 0
12.1108396795888 -6.54217366744194e-07 5.33964159088867e-06 -0.002 0
12.1265476428568 -5.66306931144197e-07 5.81894036186039e-06 -0.002 0
12.1422556061247 -4.71409963819216e-07 6.22645083357576e-06 -0.002 0
12.1579635693927 -3.70697209177201e-07 6.55714554710335e-06 -0.002 0
12.1736715326606 -2.65411161026227e-07 6.80694471994311e-06 -0.002 0
12.1893794959286 -1.5685073392155e-07 6.97276657832546e-06 -0.002 0
12.2050874591965 -4.63552384495899e-08 7.0525653770713e-06 -0.002 0
12.2207954224645 6.47121418541395e-08 7.0453566379615e-06 -0.002 0
12.2365033857324 1.7498116810781e-07 6.95122929525012e-06 -0.002 0
12.2522113490004 2.83091450727899e-07 6.77134459848201e-06 -0.002 0
12.2679193122683 3.8770923256297e-07 6.50792178615081e-06 -0.002 0
12.2836272755363 4.87543843462982e-07 6.16421070694145e-06 -0.002 0
12.2993352388042 5.81363623284038e-07 5.744451726329e-06 -0.002 0
12.3150432020722 6.68011116886346e-07 5.25382341316654e-06 -0.002 0
12.3307511653401 7.46417353664658e-07 4.69837865165268e-06 -0.002 0
12.3464591286081 8.15615035444498e-07 4.08496996686591e-06 -0.002 0
12.362167091876 8.74750470045067e-07 3.42116498512504e-06 -0.002 0
12.377875055144 9.23094103284373e-07 2.71515307214163e-06 -0.002 0
12.3935830184119 9.60049519493186e-07 1.97564430077018e-06 -0.002 0
12.4092909816799 9.85160799498434e-07 1.21176199479141e-06 -0.002 0
12.4249989449478 9.98118145300546e-07 4.32930174416566e-07 -0.002 0
12.4407069082158 9.98761702053079e-07 -3.51242707901761e-07 -0.002 0
12.4564148714837 9.87083530192835e-07 -1.13108230700039e-06 -0.002 0
12.4721228347517 9.632277033903e-07 -1.89696773745508e-06 -0.002 0
12.4878307980196 9.27488531111978e-07 -2.63945026649688e-06 -0.002 0
12.5035387612876 8.80306927722878e-07 -3.34936988308035e-06 -0.002 0
12.5192467245555 8.22264972923576e-07 -4.01796830499019e-06 -0.002 0
12.5349546878235 7.5407873062974e-07 -4.63699702981708e-06 -0.002 0
12.5506626510914 6.76589414887666e-07 -5.19881909677733e-06 -0.002 0
12.5663706143594 5.9075301181196e-07 -5.69650330394007e-06 -0.002 0
12.5820785776273 4.97628485579585e-07 -6.12390971850359e-06 -0.002 0
12.5977865408953 3.9836471398298e-07 -6.4757654251801e-06 -0.002 0
12.6134945041632 2.94186314718419e-07 -6.74772957818064e-06 -0.002 0
12.6292024674312 1.86378537270752e-07 -6.93644695425347e-06 -0.002 0
12.6449104306991 7.6271406783439e-08 -7.03958934609177e-06 -0.002 0
12.6606183939671 -3.47766844689574e-08 -7.05588428544001e-06 -0.002 0
12.676326357235 -1.45395735573741e-07 -6.98513074154181e-06 -0.002 0
12.692034320503 -2.54221038688877e-07 -6.82820160125747e-06 -0.002 0
12.7077422837709 -3.59910015451147e-07 -6.58703290025402e-06 -0.002 0
12.7234502470389 -4.611587803728e-07 -6.26459993812249e-06 -0.002 0
12.7391582103068 -5.56718226883993e-07 -5.86488057209052e-06 -0.002 0
12.7548661735748 -6.45409437567411e-07 -5.39280614217585e-06 -0.002 0
12.7705741368427 -7.26138228468929e-07 -4.85420063321739e-06 -0.002 0
12.7862821001107 -7.97908648051078e-07 -4.25570882434224e-06 -0.002 0
12.8019900633786 -8.59835264252637e-07 -3.60471431228899e-06 -0.002 0
12.8176980266466 -9.11154088068848e-07 -2.90924841993422e-06 -0.002 0
12.8334059899145 -9.51231998887968e-07 -2.1778911138179e-06 -0.002 0
12.8491139531825 -9.79574555303737e-07 -1.41966515304906e-06 -0.002 0
12.8648219164504 -9.95832095041731e-07 -6.43924775476966e-07 -0.002 0
12.8805298797184 -9.99804048744766e-07 1.39759705592645e-07 -0.002 0
12.8962378429863 -9.91441414398154e-07 9.21719970405491e-07 -0.002 0
12.9119458062543 -9.70847361867837e-07 1.69230897087274e-06 -0.002 0
12.9276537695222 -9.38275960093175e-07 2.44201994625633e-06 -0.002 0
12.9433617327902 -8.9412904263705e-07 3.16160370812854e-06 -0.002 0
12.9590696960581 -8.38951250262987e-07 3.84218274766045e-06 -0.002 0
12.9747776593261 -7.73423311699055e-07 4.47536075749726e-06 -0.002 0
12.990485622594 -6.98353645483812e-07 5.05332621704826e-06 -0.002 0
13.006193585862 -6.1466838650234e-07 5.56894876325938e-06 -0.002 0
13.0219015491299 -5.23399960255076e-07 6.01586715794138e-06 -0.002 0
13.0376095123979 -4.25674345818733e-07 6.3885677664004e-06 -0.002 0
13.0533174756658 -3.22697184636236e-07 6.68245257917953e-06 -0.002 0
13.0690254389338 -2.15738906511607e-07 6.89389593772673e-06 -0.002 0
13.0847334022017 -1.06119056310487e-07 7.02028926416439e-06 -0.002 0
13.1004413654697 4.80998527213426e-09 7.0600732433289e-06 -0.002 0
13.1161493287376 1.15679686039992e-07 7.01275706005045e-06 -0.002 0
13.1318572920056 2.25122245884779e-07 6.87892445434244e-06 -0.002 0
13.1475652552735 3.31787471343606e-07 6.66022651979776e-06 -0.002 0
13.1632732185415 4.34359432943184e-07 6.35936133403803e-06 -0.002 0
13.1789811818094 5.31572699828975e-07 5.98004067251513e-06 -0.002 0
13.1946891450774 6.22227951392601e-07 5.52694421631705e-06 -0.002 0
13.2103971083453 7.05206773296797e-07 5.00566181891656e-06 -0.002 0
13.2261050716133 7.79485455359233e-07 4.42262454411816e-06 -0.002 0
13.2418130348812 8.44147621070672e-07 3.78502532598853e-06 -0.002 0
13.2575209981492 8.98395532937002e-07 3.10073022958941e-06 -0.002 0
13.2732289614171 9.41559934171091e-07 2.37818140728961e-06 -0.002 0
13.2889369246851 9.73108305317451e-07 1.62629294788486e-06 -0.002 0
13.304644887953 9.92651433947691e-07 8.54340903435243e-07 -0.002 0
13.320352851221 9.99948216376385e-07 7.1848850559909e-08 -0.002 0
13.3360608144889 9.9490863215857e-07 -7.11529601980049e-07 -0.002 0
13.3517687777569 9.77594854672463e-07 -1.486129909906e-06 -0.002 0
13.3674767410248 9.48220484086162e-07 -2.24239582495771e-06 -0.002 0
13.3831847042928 9.07147912171188e-07 -2.97099729038071e-06 -0.002 0
13.3988926675607 8.5488385147321e-07 -3.66294554588775e-06 -0.002 0
13.4146006308287 7.92073083996583e-07 -4.30970402204401e-06 -0.002 0
13.4303085940966 7.19490506525211e-07 -4.90329365597109e-06 -0.002 0
13.4460165573646 6.38031570716661e-07 -5.43639132908968e-06 -0.002 0
13.4617245206325 5.48701235910138e-07 -5.90242021247375e-06 -0.002 0
13.4774324839005 4.52601570937587e-07 -6.29563090522518e-06 -0.002 0
13.4931404471684 3.50918157894454e-07 -6.61117236486433e-06 -0.002 0
13.5088484104364 2.44905465606851e-07 -6.84515175466769e-06 -0.002 0
13.5245563737043 1.35871373242741e-07 -6.99468246961607e-06 -0.002 0
13.5402643369723 2.5161034999459e-08 -7.05791974845651e-06 -0.002 0
13.5559723002402 -8.58597150710316e-08 -7.03408343253208e-06 -0.002 0
13.5716802635082 -1.95821213364346e-07 -6.92346759060347e-06 -0.002 0
13.5873882267761 -3.033668642711e-07 -6.72743689092108e-06 -0.002 0
13.6030961900441 -4.07169876504412e-07 -6.44840976530534e-06 -0.002 0
13.618804153312 -5.059496317313e-07 -6.08982857293999e-06 -0.002 0
13.63451211658 -5.98487483568107e-07 -5.65611713196795e-06 -0.002 0
13.6502200798479 -6.83641792027638e-07 -5.15262614282249e-06 -0.002 0
13.6659280431158 -7.60362007937965e-07 -4.58556717660658e-06 -0.002 0
13.6816360063838 -8.27701633573336e-07 -3.96193604290602e-06 -0.002 0
13.6973439696517 -8.84829899601827e-07 -3.28942648244811e-06 -0.002 0
13.7130519329197 -9.31042014291163e-07 -2.57633524937993e-06 -0.002 0
13.7287598961876 -9.65767858528191e-07 -1.8314597541668e-06 -0.002 0
13.7444678594556 -9.88579019381521e-07 -1.06398952989101e-06 -0.002 0
13.7601758227235 -9.99194075434211e-07 -2.83392860931573e-07 -0.002 0
13.7758837859915 -9.97482068681345e-07 5.00700027312225e-07 -0.002 0
13.7915917492594 -9.83464120159648e-07 1.27861577656454e-06 -0.002 0
13.8072997125274 -9.57313169377153e-07 2.04075723594726e-06 -0.002 0
13.8230076757953 -9.19351840757527e-07 2.77772186208317e-06 -0.002 0
13.8387156390633 -8.7004846342079e-07 3.48041771832532e-06 -0.002 0
13.8544236023312 -8.10011293404381e-07 4.14017564202947e-06 -0.002 0
13.8701315655992 -7.39981009605078e-07 4.74885619606131e-06 -0.002 0
13.8858395288671 -6.60821576019375e-07 5.29895008507719e-06 -0.002 0
13.9015474921351 -5.73509583014903e-07 5.78367079774204e-06 -0.002 0
13.917255455403 -4.79122199129693e-07 6.1970383319571e-06 -0.002 0
13.932963418671 -3.78823882037995e-07 6.53395297017866e-06 -0.002 0
13.9486713819389 -2.73852012629548e-07 6.79025819466149e-06 -0.002 0
13.9643793452069 -1.65501629434731e-07 6.96279196644112e-06 -0.002 0
13.9800873084748 -5.51094517270933e-08 7.04942573542593e-06 -0.002 0
13.9957952717428 5.59626115896784e-08 7.04909070033135e-06 -0.002 0
14.0115032350107 1.66344263859398e-07 6.96179099448719e-06 -0.002 0
14.0272111982787 2.74673726030764e-07 6.7886036348447e-06 -0.002 0
14.0429191615466 3.79614536933009e-07 6.53166523481258e-06 -0.002 0
14.0586271248146 4.79872041204714e-07 6.19414564484553e-06 -0.002 0
14.0743350880825 5.74209361464128e-07 5.78020884598179e-06 -0.002 0
14.0900430513505 6.61462657672226e-07 5.29496157878617e-06 -0.002 0
14.1057510146184 7.40555485433676e-07 4.74439034146358e-06 -0.002 0
14.1214589778864 8.10512076097269e-07 4.13528753439776e-06 -0.002 0
14.1371669411543 8.70469374819131e-07 3.47516766227038e-06 -0.002 0
14.1528749044223 9.19687688075084e-07 2.77217462757543e-06 -0.002 0
14.1685828676902 9.57559809263721e-07 2.03498125924936e-06 -0.002 0
14.1842908309582 9.8361850981759e-07 1.27268231593277e-06 -0.002 0
14.1999987942261 9.97542303404601e-07 4.94682283883049e-07 -0.002 0
14.2157067574941 9.9915941210667e-07 -2.89420646224364e-07 -0.002 0
14.231414720762 9.88449885644844e-07 -1.0699529922271e-06 -0.002 0
14.24712268403 9.65545847505999e-07 -1.83728532227854e-06 -0.002 0
14.2628306472979 9.30729864934658e-07 -2.58195105320147e-06 -0.002 0
14.2785386105659 8.84431462899338e-07 -3.29476323977682e-06 -0.002 0
14.2942465738338 8.27221825040652e-07 -3.96692791413737e-06 -0.002 0
14.3099545371018 7.59806746975595e-07 -4.59015257699772e-06 -0.002 0
14.3256625003697 6.83017928893129e-07 -5.15674850226358e-06 -0.002 0
14.3413704636377 5.97802714864381e-07 -5.65972559288789e-06 -0.002 0
14.3570784269056 5.05212405453622e-07 -6.09287861773655e-06 -0.002 0
14.3727863901736 4.06389287817426e-07 -6.45086376555908e-06 -0.002 0
14.3884943534415 3.02552543301732e-07 -6.72926457161738e-06 -0.002 0
14.4042023167095 1.94983206394873e-07 -6.92464640363552e-06 -0.002 0
14.4199102799774 8.50083605980481e-08 -7.03459883487703e-06 -0.002 0
14.4356182432454 -2.60152338111368e-08 -7.05776538159279e-06 -0.002 0
14.4513262065133 -1.36717878137675e-07 -6.99386023796851e-06 -0.002 0
14.4670341697813 -2.45733833249493e-07 -6.84367180211267e-06 -0.002 0
14.4827421330492 -3.51718168708642e-07 -6.60905294958465e-06 -0.002 0
14.4984500963172 -4.53363355185504e-07 -6.29289817445882e-06 -0.002 0
14.5141580595851 -5.49415395455327e-07 -5.89910787993518e-06 -0.002 0
14.5298660228531 -6.38689294968885e-07 -5.43254025904368e-06 -0.002 0
14.545573986121 -7.20083681136751e-07 -4.89895135908999e-06 -0.002 0
14.561281949389 -7.92594390968993e-07 -4.30492406926833e-06 -0.002 0
14.5769899126569 -8.55326859439504e-07 -3.65778690752117e-06 -0.002 0
14.5926978759249 -9.07507155739648e-07 -2.96552360857313e-06 -0.002 0
14.6084058391928 -9.48491531266908e-07 -2.23667462855173e-06 -0.002 0
14.6241138024608 -9.77774361554935e-07 -1.48023178133313e-06 -0.002 0
14.6398217657287 -9.94994384165371e-07 -7.05527306484949e-07 -0.002 0
14.6555297289967 -9.99939155584536e-07 7.78812626246948e-08 -0.002 0
14.6712376922646 -9.9254767214023e-07 8.60329010168885e-07 -0.002 0
14.6869456555326 -9.72911122604369e-07 1.63216287398165e-06 -0.002 0
14.7026536188005 -9.41271763196603e-07 2.38386073543899e-06 -0.002 0
14.7183615820685 -8.98019928868006e-07 3.10614889388875e-06 -0.002 0
14.7340695453364 -8.43689217736634e-07 3.79011647634657e-06 -0.002 0
14.7497775086044 -7.78949908084606e-07 4.42732537098493e-06 -0.002 0
14.7654854718723 -7.04600689131254e-07 5.00991432816513e-06 -0.002 0
14.7811934351403 -6.21558807599827e-07 5.53069594471743e-06 -0.002 0
14.7969013984082 -5.30848751639623e-07 5.98324533497341e-06 -0.002 0
14.8126093616762 -4.33589611710049e-07 6.36197939461583e-06 -0.002 0
14.8283173249441 -3.30981274355475e-07 6.66222567946733e-06 -0.002 0
14.8440252882121 -2.24289619198331e-07 6.88028004945994e-06 -0.002 0
14.85973325148 -1.14830901775238e-07 7.01345236663145e-06 -0.002 0
14.875441214748 -3.95551488521737e-09 7.06009968337229e-06 -0.002 0
14.8911491780159 1.06968671213703e-07 7.01964651147921e-06 -0.002 0
14.9068571412839 2.16573184227386e-07 6.89259192195639e-06 -0.002 0
14.9225651045518 3.23505832675808e-07 6.68050338797376e-06 -0.002 0
14.9382730678198 4.26447387886787e-07 6.38599744694184e-06 -0.002 0
14.9539810310877 5.24127859327365e-07 6.01270742027532e-06 -0.002 0
14.9696889943557 6.15342162484004e-07 5.56523858908679e-06 -0.002 0
14.9853969576236 6.9896498599686e-07 5.04911137880833e-06 -0.002 0
15.0011049208916 7.73964674632213e-07 4.47069325367253e-06 -0.002 0
15.0168128841595 8.3941595681877e-07 3.83712016127129e-06 -0.002 0
15.0325208474275 8.94511359728125e-07 3.15620849633107e-06 -0.002 0
15.0482288106954 9.38571171071484e-07 2.4363586698082e-06 -0.002 0
15.0639367739634 9.71051824713917e-07 1.68645147297262e-06 -0.002 0
15.0796447372313 9.91552606652749e-07 9.15738515037203e-07 -0.002 0
15.0953527004993 9.99820598628418e-07 1.33728086003973e-07 -0.002 0
15.1110606637672 9.95753798378436e-07 -6.49932147161974e-07 -0.002 0
15.1267686270352 9.79402378039859e-07 -1.42557416385288e-06 -0.002 0
15.1424765903031 9.5096806517536e-07 -2.18362886424173e-06 -0.002 0
15.1581845535711 9.10801654059175e-07 -2.91474412331952e-06 -0.002 0
15.173892516839 8.59398677926214e-07 -3.60990016811287e-06 -0.002 0
15.189600480107 7.97393295575815e-07 -4.26052085467286e-06 -0.002 0
15.2053084433749 7.2555046775115e-07 -4.8585794720101e-06 -0.002 0
15.2210164066429 6.44756519814324e-07 -5.39669776767236e-06 -0.002 0
15.2367243699108 5.56008207145511e-07 -5.86823697328568e-06 -0.002 0
15.2524323331788 4.60400418166341e-07 -6.26737970707629e-06 -0.002 0
15.2681402964467 3.59112666695424e-07 -6.58920174294159e-06 -0.002 0
15.2838482597147 2.53394540279878e-07 -6.82973276065463e-06 -0.002 0
15.2995562229826 1.44550284026883e-07 -6.98600532772666e-06 -0.002 0
15.3152641862506 3.39227101246254e-08 -7.05609150863798e-06 -0.002 0
15.3309721495185 -7.71233684390609e-08 -7.03912664978912e-06 -0.002 0
15.3466801127865 -1.87217975582031e-07 -6.93532004673703e-06 -0.002 0
15.3623880760544 -2.95002873530292e-07 -6.74595236211464e-06 -0.002 0
15.3780960393224 -3.99148319404892e-07 -6.47335982608893e-06 -0.002 0
15.3938040025903 -4.98369470267134e-07 -6.12090541427647e-06 -0.002 0
15.4095119658583 -5.91442234232981e-07 -5.69293735869477e-06 -0.002 0
15.4252199291262 -6.77218372101358e-07 -5.19473550359996e-06 -0.002 0
15.4409278923942 -7.54639663187498e-07 -4.63244616801914e-06 -0.002 0
15.4566358556621 -8.22750960597349e-07 -4.01300631857872e-06 -0.002 0
15.4723438189301 -8.80711974880061e-07 -3.344057988109e-06 -0.002 0
15.488051782198 -9.27807640683564e-07 -2.63385399584314e-06 -0.002 0
15.503759745466 -9.6345693851975e-07 -1.89115613234078e-06 -0.002 0
15.5194677087339 -9.87220062805095e-07 -1.12512706522981e-06 -0.002 0
15.5351756720019 -9.98803847744561e-07 -3.45217299325384e-07 -0.002 0
15.5508836352698 -9.98065384119622e-07 4.38951414299987e-07 -0.002 0
15.5665915985378 -9.85013782360084e-07 1.21770478191231e-06 -0.002 0
15.5822995618057 -9.59810060148653e-07 1.98143531893116e-06 -0.002 0
15.5980075250737 -9.22765155944909e-07 2.72072087751977e-06 -0.002 0
15.6137154883416 -8.74336092935809e-07 3.42644088767476e-06 -0.002 0
15.6294234516096 -8.15120340738122e-07 4.08988887774843e-06 -0.002 0
15.6451314148775 -7.45848444412478e-07 4.70287988623739e-06 -0.002 0
15.6608393781455 -6.67375011724936e-07 5.2578514396976e-06 -0.002 0
15.6765473414134 -5.80668169846273e-07 5.74795685102093e-06 -0.002 0
15.6922553046814 -4.86797621561751e-07 6.16714968705165e-06 -0.002 0
15.7079632679493 -3.86921448341972e-07 6.51025836346549e-06 -0.002 0
15.7236712312173 -2.82271823085404e-07 6.77304994663398e-06 -0.002 0
15.7393791944852 -1.74139808794552e-07 6.95228237534985e-06 -0.002 0
15.7550871577532 -6.38594307245952e-08 7.04574445815402e-06 -0.002 0
15.7707951210211 4.72087814935247e-08 7.05228315281675e-06 -0.002 0
15.7865030842891 1.57694578714646e-07 6.97181779142601e-06 -0.002 0
15.802211047557 2.66234897050631e-07 6.80534107558797e-06 -0.002 0
15.817919010825 3.71490673997047e-07 6.55490682946176e-06 -0.002 0
15.8336269740929 4.72163368454657e-07 6.22360466171957e-06 -0.002 0
15.8493349373609 5.67010980838101e-07 5.81552184902745e-06 -0.002 0
15.8650429006288 6.54863375631612e-07 5.33569291129061e-06 -0.002 0
15.8807508638968 7.34636717357317e-07 4.79003750075361e-06 -0.002 0
15.8964588271647 8.05346841859484e-07 4.18528737121809e-06 -0.002 0
15.9121667904327 8.66121397943127e-07 3.5289033283591e-06 -0.002 0
15.9278747537006 9.16210609575499e-07 2.82898318572439e-06 -0.002 0
15.9435827169686 9.54996525877135e-07 2.09416186196415e-06 -0.002 0
15.9592906802365 9.82000644785244e-07 1.33350485179212e-06 -0.002 0
15.9749986435045 9.96889816336299e-07 5.56396384927453e-07 -0.002 0
15.9907066067724 9.99480352738964e-07 -2.27576347198999e-07 -0.002 0
16.0064145700404 9.89740294531387e-07 -1.00874146867808e-06 -0.002 0
16.0221225333083 9.6778980486526e-07 -1.77746174110863e-06 -0.002 0
16.0378304965763 9.33899687052349e-07 -2.52425345826068e-06 -0.002 0
16.0535384598442 8.88488043662556e-07 -3.23990344661134e-06 -0.002 0
16.0692464231122 8.32115118390205e-07 -3.9155827283173e-06 -0.002 0
16.0849543863801 7.65476384324509e-07 -4.54295544436299e-06 -0.002 0
16.1006623496481 6.8939396389424e-07 -5.11428169409914e-06 -0.002 0
16.116370312916 6.04806486338802e-07 -5.6225130224397e-06 -0.002 0
16.132078276184 5.12757507834145e-07 -6.06137937669095e-06 -0.002 0
16.1477862394519 4.14382637134473e-07 -6.42546646022613e-06 -0.002 0
16.1634942027199 3.10895525560804e-07 -6.7102825286927e-06 -0.002 0
16.1792021659878 2.03572894177943e-07 -6.9123138046871e-06 -0.002 0
16.1949101292558 9.37387828796813e-08 -7.02906782724593e-06 -0.002 0
16.2106180925237 -1.72517842986585e-08 -7.05910420135059e-06 -0.002 0
16.2263260557917 -1.28029516119197e-07 -7.0020523680885e-06 -0.002 0
16.2420340190596 -2.37227747095037e-07 -6.85861617624049e-06 -0.002 0
16.2577419823276 -3.4349929804989e-07 -6.63056519889446e-06 -0.002 0
16.2734499455955 -4.45533096274987e-07 -6.32071290221255e-06 -0.002 0
16.2891579088635 -5.42070350240301e-07 -5.93288193568351e-06 -0.002 0
16.3048658721314 -6.31920079312576e-07 -5.47185697207503e-06 -0.002 0
16.3205738353994 -7.13973806889951e-07 -4.94332567889942e-06 -0.002 0
16.3362817986673 -7.87219235683898e-07 -4.35380854962821e-06 -0.002 0
16.3519897619353 -8.50752736436436e-07 -3.71057846032838e-06 -0.002 0
16.3676977252032 -9.03790495999259e-07 -3.02157094415025e-06 -0.002 0
16.3834056884712 -9.45678187240864e-07 -2.29528629061141e-06 -0.002 0
16.3991136517391 -9.75899041483961e-07 -1.54068467747811e-06 -0.002 0
16.4148216150071 -9.940802238835e-07 -7.67075629002907e-07 -0.002 0
16.430529578275 -9.99997433092194e-07 1.59968357272615e-08 -0.002 0
16.446237541543 -9.93577668467485e-07 7.98871947407059e-07 -0.002 0
16.4619455048109 -9.74900130680864e-07 1.57189137147682e-06 -0.002 0
16.4776534680789 -9.44195244618757e-07 2.32551836304913e-06 -0.002 0
16.4933614313468 -9.01841816629431e-07 3.050455421783e-06 -0.002 0
16.5090693946148 -8.48362361186991e-07 3.73775899519669e-06 -0.002 0
16.5247773578827 -7.8441665462744e-07 4.3789498153239e-06 -0.002 0
16.5404853211507 -7.10793595484392e-07 4.96611750748928e-06 -0.002 0
16.5561932844186 -6.28401471843521e-07 5.49201818064437e-06 -0.002 0
16.5719012476866 -5.38256755787452e-07 5.95016379529129e-06 -0.002 0
16.5876092109545 -4.4147156317409e-07 6.3349022064617e-06 -0.002 0
16.6033171742225 -3.39239933457154e-07 6.64148689426042e-06 -0.002 0
16.6190251374904 -2.32823098814875e-07 6.86613552170743e-06 -0.002 0
16.6347331007584 -1.23533924321674e-07 7.00607659745005e-06 -0.002 0
16.6504410640263 -1.2720711124511e-08 7.05958366766696e-06 -0.002 0
16.6661490272943 9.82494375557761e-08 7.02599661533854e-06 -0.002 0
16.6818569905622 2.08007482384432e-07 6.90572980411414e-06 -0.002 0
16.6975649538302 3.15199337758587e-07 6.70026696630547e-06 -0.002 0
16.7132729170981 4.18502577168788e-07 6.4121428980729e-06 -0.002 0
16.7289808803661 5.16642747982125e-07 6.0449121876313e-06 -0.002 0
16.744688843634 6.08409094371367e-07 5.60310536227565e-06 -0.002 0
16.760396806902 6.92669494416272e-07 5.0921729952409e-06 -0.002 0
16.7761047701699 7.68384427097939e-07 4.51841846195e-06 -0.002 0
16.7918127334379 8.34619796875338e-07 3.88892017523659e-06 -0.002 0
16.8075206967058 8.90558457627143e-07 3.21144425892694e-06 -0.002 0
16.8232286599738 9.35510293787918e-07 2.49434873712761e-06 -0.002 0
16.8389366232417 9.68920734307654e-07 1.74648042123604e-06 -0.002 0
16.8546445865097 9.90377594397854e-07 9.77065766779661e-07 -0.002 0
16.8703525497776 9.99616160657544e-07 1.95597046583339e-07 -0.002 0
16.8860605130455 9.96522456843955e-07 -5.88284755452731e-07 -0.002 0
16.9017684763135 9.81134649998053e-07 -1.36490888522442e-06 -0.002 0
16.9174764395814 9.5364257957755e-07 -2.12469412657024e-06 -0.002 0
16.9331844028494 9.14385415406468e-07 -2.85826700478786e-06 -0.002 0
16.9488923661173 8.63847473335153e-07 -3.55657742724308e-06 -0.002 0
16.9646003293853 8.02652240232967e-07 -4.21101033441239e-06 -0.002 0
16.9803082926532 7.31554682027347e-07 -4.81349198391978e-06 -0.002 0
16.9960162559212 6.51431929685009e-07 -5.35658955634081e-06 -0.002 0
17.0117242191891 5.63272458042386e-07 -5.83360285393674e-06 -0.002 0
17.0274321824571 4.68163890986128e-07 -6.2386469610309e-06 -0.002 0
17.043140145725 3.67279583431236e-07 -6.56672484624578e-06 -0.002 0
17.058848108993 2.61864145635015e-07 -6.81378901090661e-06 -0.002 0
17.0745560722609 1.53218088433485e-07 -6.97679142305476e-06 -0.002 0
17.0902640355289 4.26817788320439e-08 -7.05372112103484e-06 -0.002 0
17.1059719987968 -6.83810961096565e-08 -7.04362902273963e-06 -0.002 0
17.1216799620648 -1.78600353092463e-07 -6.94663963444134e-06 -0.002 0
17.1373879253327 -2.86616216536623e-07 -6.76394951475697e-06 -0.002 0
17.1530958886007 -3.9109609414059e-07 -6.49781251269811e-06 -0.002 0
17.1688038518686 -4.90751017079585e-07 -6.15151196192329e-06 -0.002 0
17.1845118151366 -5.8435154202107e-07 -5.72932017423253e-06 -0.002 0
17.2002197784045 -6.70742918773912e-07 -5.23644573203322e-06 -0.002 0
17.2159277416725 -7.48859336447842e-07 -4.67896923003025e-06 -0.002 0
17.2316357049404 -8.17737072368269e-07 -4.06376825889571e-06 -0.002 0
17.2473436682084 -8.76526381528223e-07 -3.39843255639492e-06 -0.002 0
17.2630516314763 -9.24501979897176e-07 -2.69117037274991e-06 -0.002 0
17.2787595947443 -9.61071992254119e-07 -1.95070720541119e-06 -0.002 0
17.2944675580122 -9.85785254155421e-07 -1.18617815254778e-06 -0.002 0
17.3101755212802 -9.98336877953047e-07 -4.07015213290794e-07 -0.002 0
17.3258834845481 -9.98572014195157e-07 3.77169074891693e-07 -0.002 0
17.3415914478161 -9.86487762004637e-07 1.1567002261223e-06 -0.002 0
17.357299411084 -9.62233204867242e-07 1.92196116029981e-06 -0.002 0
17.373007374352 -9.26107571387809e-07 2.66351084906932e-06 -0.002 0
17.3887153376199 -8.78556543705313e-07 3.37220078984093e-06 -0.002 0
17.4044233008879 -8.20166759109869e-07 4.0392878709166e-06 -0.002 0
17.4201312641558 -7.51658572695254e-07 4.6565422353072e-06 -0.002 0
17.4358392274238 -6.73877170334152e-07 5.21634881252351e-06 -0.002 0
17.4515471906917 -5.87782141615397e-07 5.71180126574271e-06 -0.002 0
17.4672551539597 -4.94435641381931e-07 6.13678719532376e-06 -0.002 0
17.4829631172276 -3.94989285920666e-07 6.48606354751544e-06 -0.002 0
17.4986710804956 -2.9066994546602e-07 6.75532129803924e-06 -0.002 0
17.5143790437635 -1.82764608295079e-07 6.94123861254566e-06 -0.002 0
17.5300870070315 -7.26045031461474e-08 7.04152182810285e-06 -0.002 0
17.5457949702994 3.84513241575219e-08 7.05493375012878e-06 -0.002 0
17.5615029335674 1.49032777263525e-07 6.98130891566762e-06 -0.002 0
17.5772108968353 2.57775612176545e-07 6.82155563470717e-06 -0.002 0
17.5929188601033 3.63338267944026e-07 6.57764478435349e-06 -0.002 0
17.6086268233712 4.64418417501027e-07 6.25258549410925e-06 -0.002 0
17.6243347866392 5.59769034486384e-07 5.85038802222646e-06 -0.002 0
17.6400427499071 6.4821377781379e-07 5.37601428112837e-06 -0.002 0
17.6557507131751 7.2866150419825e-07 4.83531662226861e-06 -0.002 0
17.671458676443 8.00119729596787e-07 4.23496563563911e-06 -0.002 0
17.687166639711 8.61706873489541e-07 3.58236785466468e-06 -0.002 0
17.7028746029789 9.12663134943495e-07 2.88557438175936e-06 -0.002 0
17.7185825662469 9.52359866280762e-07 2.1531815618317e-06 -0.002 0
17.7342905295148 9.80307328708449e-07 1.39422492913031e-06 -0.002 0
17.7499984927828 9.96160734228837e-07 6.18067735808104e-07 -0.002 0
17.7657064560507 9.99724499290806e-07 -1.65714562570973e-07 -0.002 0
17.7814144193187 9.90954657705179e-07 -9.47452439479958e-07 -0.002 0
17.7971223825866 9.69959403055846e-07 -1.71750159043081e-06 -0.002 0
17.8128303458546 9.36997753914917e-07 -2.46636191481192e-06 -0.002 0
17.8285383091225 8.92476358329178e-07 -3.18479471868167e-06 -0.002 0
17.8442462723905 8.36944477000898e-07 -3.86393669258634e-06 -0.002 0
17.8599542356584 7.71087207055525e-07 -4.49540925825768e-06 -0.002 0
17.8756621989264 6.95717029994679e-07 -5.07142193517905e-06 -0.002 0
17.8913701621943 6.11763788107399e-07 -5.58486845178639e-06 -0.002 0
17.9070781254623 5.20263213000704e-07 -6.02941441557968e-06 -0.002 0
17.9227860887302 4.22344147773064e-07 -6.39957546055798e-06 -0.002 0
17.9384940519982 3.19214620470879e-07 -6.69078490787301e-06 -0.002 0
17.9542020152661 2.1214694063983e-07 -6.89945010497118e-06 -0.002 0
17.9699099785341 1.02462002835011e-07 -7.02299674816796e-06 -0.002 0
17.985617941802 -8.48700926246422e-09 -7.05990064184654e-06 -0.002 0
18.00132590507 -1.19331317079978e-07 -7.0097065024676e-06 -0.002 0
18.0170338683379 -2.28703433782192e-07 -6.87303357540478e-06 -0.002 0
18.0327418316059 -3.35254034963655e-07 -6.65156799531115e-06 -0.002 0
18.0484497948738 -4.37668605271417e-07 -6.34804198426669e-06 -0.002 0
18.0641577581418 -5.34683655588173e-07 -5.96620014433947e-06 -0.002 0
18.0798657214097 -6.2510231070445e-07 -5.51075326040931e-06 -0.002 0
18.0955736846777 -7.07809075174652e-07 -4.98732018318886e-06 -0.002 0
18.1112816479456 -7.81783595190512e-07 -4.40235850943136e-06 -0.002 0
18.1269896112136 -8.46113246691633e-07 -3.76308491452406e-06 -0.002 0
18.1426975744815 -9.00004394413545e-07 -3.0773861203242e-06 -0.002 0
18.1584055377495 -9.4279218297033e-07 -2.3537215966281e-06 -0.002 0
18.1741135010174 -9.7394873917917e-07 -1.60101919664574e-06 -0.002 0
18.1898214642854 -9.93089684434715e-07 -8.28565014026589e-07 -0.002 0
18.2055294275533 -9.99978876790045e-07 -4.58888202711582e-08 -0.002 0
18.2212373908213 -9.94531324241172e-07 7.37353504112409e-07 -0.002 0
18.2369453540892 -9.76814233273862e-07 1.5114990942593e-06 -0.002 0
18.2526533173572 -9.47046179736846e-07 2.26699731176501e-06 -0.002 0
18.2683612806251 -9.05594412270375e-07 2.99452757096393e-06 -0.002 0
18.2840692438931 -8.52970321557723e-07 3.68511432704589e-06 -0.002 0
18.299777207161 -7.89823131295516e-07 4.33023780740196e-06 -0.002 0
18.315485170429 -7.16931888717415e-07 4.92193912010593e-06 -0.002 0
18.3311931336969 -6.35195853484106e-07 5.45291844280779e-06 -0.002 0
18.3469010969649 -5.45623403511922e-07 5.91662508068227e-06 -0.002 0
18.3626090602328 -4.49319594608941e-07 6.3073382823869e-06 -0.002 0
18.3783170235008 -3.47472527395399e-07 6.62023781700277e-06 -0.002 0
18.3940249867687 -2.41338689699808e-07 6.85146344124996e-06 -0.002 0
18.4097329500367 -1.322274552617e-07 6.99816252333008e-06 -0.002 0
18.4254409133046 -2.14849299805964e-08 7.05852523586045e-06 -0.002 0
18.4411488765726 8.95226549998738e-08 7.03180688372451e-06 -0.002 0
18.4568568398405 1.99425798493114e-07 6.91833709137954e-06 -0.002 0
18.4725648031085 3.06868624813231e-07 6.71951573627796e-06 -0.002 0
18.4882727663764 4.10525611220833e-07 6.43779567857143e-06 -0.002 0
18.5039807296444 5.09117940904353e-07 6.07665250016173e-06 -0.002 0
18.5196886929123 6.01429279750094e-07 5.64054162642768e-06 -0.002 0
18.5353966561803 6.86320782262879e-07 5.13484335961775e-06 -0.002 0
18.5511046194482 7.62745141509188e-07 4.56579650203159e-06 -0.002 0
18.5668125827162 8.29759509748563e-07 3.94042138788179e-06 -0.002 0
18.5825205459841 8.86537130351364e-07 3.26643327339203e-06 -0.002 0
18.5982285092521 9.3237753749986e-07 2.55214715363861e-06 -0.002 0
18.61393647252 9.66715197838876e-07 1.80637518041048e-06 -0.002 0
18.629644435788 9.89126487463905e-07 1.03831794664412e-06 -0.002 0
18.6453523990559 9.99334918171551e-07 2.57450978657851e-07 -0.002 0
18.6610603623239 9.97214548496015e-07 -5.2659216346845e-07 -0.002 0
18.6767683255918 9.82791537449647e-07 -1.30413873517707e-06 -0.002 0
18.6924762888598 9.56243821799073e-07 -2.06559614013528e-06 -0.002 0
18.7081842521277 9.17898920858323e-07 -2.80157027414906e-06 -0.002 0
18.7238922153957 8.68229895881251e-07 -3.50298142027823e-06 -0.002 0
18.7396001786636 8.07849513902247e-07 -4.16117626535427e-06 -0.002 0
18.7553081419316 7.37502688025959e-07 -4.76803465595251e-06 -0.002 0
18.7710161051995 6.58057287430227e-07 -5.31606977676961e-06 -0.002 0
18.7867240684675 5.70493430459258e-07 -5.79852051550509e-06 -0.002 0
18.8024320317354 4.75891392898223e-07 -6.20943487474103e-06 -0.002 0
18.8181399950034 3.75418280604951e-07 -6.54374340176696e-06 -0.002 0
18.8338479582713 2.70313630918545e-07 -6.79732173044579e-06 -0.002 0
18.8495559215393 1.61874120480404e-07 -6.96704146354159e-06 -0.002 0
