0 1e-06 0 -0.002 0
0.0628318530717959 9.01303955989123e-07 -2.98656127018787e-06 -0.002 0
0.125663706143592 6.2469764216328e-07 -5.38359897524855e-06 -0.002 0
0.188495559215388 2.24780956368548e-07 -6.71795683751315e-06 -0.002 0
0.251327412287183 -2.19505711751306e-07 -6.72624317238086e-06 -0.002 0
0.314159265358979 -6.20463689095861e-07 -5.40682232291009e-06 -0.002 0
0.376991118430775 -8.98947043308091e-07 -3.02013752555747e-06 -0.002 0
0.439822971502571 -9.99985363620749e-07 -3.73014759223045e-08 -0.002 0
0.502654824574367 -9.03634485017114e-07 2.95289758993145e-06 -0.002 0
0.565486677646163 -6.28913308607482e-07 5.36021803479433e-06 -0.002 0
0.628318530717959 -2.30049621027138e-07 6.70947384951731e-06 -0.002 0
0.691150383789754 2.14224041596374e-07 6.73433261155655e-06 -0.002 0
0.75398223686155 6.16211573344712e-07 5.4298873979675e-06 -0.002 0
0.816814089933346 8.96563815967354e-07 3.05362537317064e-06 -0.002 0
0.879645943005142 9.99941454911442e-07 7.46018599275123e-08 -0.002 0
0.942477796076938 9.0593856217105e-07 -2.91914747021701e-06 -0.002 0
1.00530964914873 6.33110565024283e-07 -5.33668018597207e-06 -0.002 0
1.06814150222053 2.35311551498728e-07 -6.70079445671379e-06 -0.002 0
1.13097335529233 -2.08936100512807e-07 -6.74222491824003e-06 -0.002 0
1.19380520836412 -6.1194141938099e-07 -5.45279352524242e-06 -0.002 0
1.25663706143592 -8.9415434373055e-07 -3.0870238327457e-06 -0.002 0
1.31946891450771 -9.9986827515741e-07 -1.1190006013049e-07 -0.002 0
1.38230076757951 -9.08216120004238e-07 2.88531189900363e-06 -0.002 0
1.44513262065131 -6.37289288548409e-07 5.31298611779951e-06 -0.002 0
1.5079644737231 -2.40566593752098e-07 6.69191891317237e-06 -0.002 0
1.5707963267949 2.03642043293228e-07 6.74991986140171e-06 -0.002 0
1.63362817986669 6.0765335220388e-07 5.4755400342093e-06 -0.002 0
1.69646003293849 8.91718697129578e-07 3.12033192661761e-06 -0.002 0
1.75929188601029 9.99765826500824e-07 1.49194984710032e-07 -0.002 0
1.82212373908208 9.10467091846277e-07 -2.85139186675183e-06 -0.002 0
1.88495559215388 6.41449356857094e-07 -5.2891365238674e-06 -0.002 0
1.94778744522567 2.45814593957666e-07 -6.68284747870468e-06 -0.002 0
2.01061929829747 -1.98342024909294e-07 -6.75741721578938e-06 -0.002 0
2.07345115136926 -6.03347497336939e-07 -5.4981262590151e-06 -0.002 0
2.13628300444106 -8.89256947462533e-07 -3.1535486797666e-06 -0.002 0
2.19911485751286 -9.9963411194064e-07 -1.86485541940816e-07 -0.002 0
2.26194671058465 -9.12691411805012e-07 2.81738836639452e-06 -0.002 0
2.32477856365645 -6.45590648173665e-07 5.26513210231914e-06 -0.002 0
2.38761041672824 -2.51055398491988e-07 6.67358041885664e-06 -0.002 0
2.45044226980004 1.93036200507164e-07 6.76471676193479e-06 -0.002 0
2.51327412287184 5.99023980824414e-07 5.5205515384987e-06 -0.002 0
2.57610597594363 8.86769166791618e-07 3.18667311984665e-06 -0.002 0
2.63893782901543 9.99473135332506e-07 2.23770640225368e-07 -0.002 0
2.70176968208722 9.14889014768462e-07 -2.78330239330795e-06 -0.002 0
2.76460153515902 6.497130412711e-07 -5.24097355583037e-06 -0.002 0
2.82743338823082 2.5628885394226e-07 -6.66411800490065e-06 -0.002 0
2.89026524130261 -1.87724725402954e-07 -6.77181828616008e-06 -0.002 0
2.95309709437441 -5.94682929227562e-07 -5.54281521621031e-06 -0.002 0
3.0159289474462 -8.84255427941036e-07 -3.21970427721404e-06 -0.002 0
3.078760800518 -9.99282901388652e-07 -2.61049188126009e-07 -0.002 0
3.1415926535898 -9.17059836406726e-07 2.74913494528258e-06 -0.002 0
3.20442450666159 -6.53816415475583e-07 5.21666159158837e-06 -0.002 0
3.26725635973339 -2.61514807110803e-07 6.65446051382767e-06 -0.002 0
3.33008821280518 1.82407755078193e-07 6.77872158058407e-06 -0.002 0
3.39292006587698 5.90324469620937e-07 5.56491664043068e-06 -0.002 0
3.45575191894878 8.81715804494858e-07 3.25264118495567e-06 -0.002 0
3.51858377202057 9.99063415677751e-07 2.98320094396807e-07 -0.002 0
3.58141562509237 9.19203813173867e-07 -2.71488702249387e-06 -0.002 0
3.64424747816416 6.5790065067003e-07 -5.19219692127142e-06 -0.002 0
3.70707933123596 2.66733105019553e-07 -6.64460822833911e-06 -0.002 0
3.76991118430776 -1.77085445175268e-07 -6.78542644312827e-06 -0.002 0
3.83274303737955 -5.85948729588675e-07 -5.58685516419015e-06 -0.002 0
3.89557489045135 -8.79150370794866e-07 -3.2854828789174e-06 -0.002 0
3.95840674352314 -9.98814684624753e-07 -3.35582268015527e-07 -0.002 0
4.02123859659494 -9.2132088230977e-07 2.68055962747299e-06 -0.002 0
4.08407044966673 -6.61965627297611e-07 5.1675802610279e-06 -0.002 0
4.14690230273853 -2.71943594914535e-07 6.63456143683854e-06 -0.002 0
4.20973415581033 1.71757951492872e-07 6.79193267752286e-06 -0.002 0
4.27256600888212 5.81555837220757e-07 5.6086301452876e-06 -0.002 0
4.33539786195392 8.76559201938384e-07 3.31822839773225e-06 -0.002 0
4.39822971502571 9.98536715510704e-07 3.72834618215555e-07 -0.002 0
4.46106156809751 9.23410981841981e-07 -2.64615376507749e-06 -0.002 0
4.5238934211693 6.66011226365248e-07 -5.14281233145535e-06 -0.002 0
4.5867252742411 2.77146124270336e-07 -6.62432043342325e-06 -0.002 0
4.64955712731289 -1.66425429981442e-07 -6.79824009331242e-06 -0.002 0
4.71238898038469 -5.7714592110926e-07 -5.63024094630928e-06 -0.002 0
4.77522083345649 -8.73942373776069e-07 -3.35087678284856e-06 -0.002 0
4.83805268652828 -9.98229516472525e-07 -4.10076054517845e-07 -0.002 0
4.90088453960008 -9.25474050587523e-07 2.61167044246185e-06 -0.002 0
4.96371639267187 -6.70037329447095e-07 5.1178938575794e-06 -0.002 0
5.02654824574367 -2.82340540794572e-07 6.61388551787568e-06 -0.002 0
5.08938009881546 1.61088036738591e-07 6.80434850586149e-06 -0.002 0
5.15221195188726 5.72719110344593e-07 5.65168693464743e-06 -0.002 0
5.21504380495905 8.71299962909702e-07 3.38342707855803e-06 -0.002 0
5.27787565803085 9.97893096502781e-07 4.47305486762823e-07 -0.002 0
5.34070751110264 9.27510028154682e-07 -2.57711066904807e-06 -0.002 0
5.40353936417444 6.7404381868801e-07 -5.09282556883252e-06 -0.002 0
5.46637121724624 2.87526692432342e-07 -6.60325699565457e-06 -0.002 0
5.52920307031803 -1.55745928004543e-07 -6.81025773635998e-06 -0.002 0
5.59203492338983 -5.6827553451172e-07 -5.67296748251881e-06 -0.002 0
5.65486677646162 -8.68632046689938e-07 -3.41587833202373e-06 -0.002 0
5.71769862953342 -9.97527465449412e-07 -4.84521825142309e-07 -0.002 0
5.78053048260521 -9.29518854944778e-07 2.54247545649604e-06 -0.002 0
5.84336233567701 -6.78030576807e-07 5.06760819903266e-06 -0.002 0
5.9061941887488 -2.92704427370681e-07 6.5924351778861e-06 -0.002 0
5.9690260418206 1.50399260157556e-07 6.81596761182841e-06 -0.002 0
6.0318578948924 5.63815323686362e-07 5.69408196698308e-06 -0.002 0
6.09468974796419 8.65938703214043e-07 3.44822959330793e-06 -0.002 0
6.15752160103599 9.97132634015447e-07 5.21723980231419e-07 -0.002 0
6.22035345410778 9.31500472153909e-07 -2.50776581867397e-06 -0.002 0
6.28318530717958 6.81997487100658e-07 -5.04224248636181e-06 -0.002 0
6.34601716025137 2.97873594043006e-07 -6.58142038135473e-06 -0.002 0
6.40884901332317 -1.45048189709349e-07 -6.82147796512298e-06 -0.002 0
6.47168086639496 -5.59338608431194e-07 -5.71502976996104e-06 -0.002 0
6.53451271946676 -8.63220011323611e-07 -3.48047991539999e-06 -0.002 0
6.59734457253855 -9.96708613758691e-07 -5.5891086302045e-07 -0.002 0
6.66017642561035 -9.33454821774674e-07 2.47298277162871e-06 -0.002 0
6.72300827868215 -6.85944433446576e-07 5.01672917334434e-06 -0.002 0
6.78584013175394 -3.03034041133547e-07 6.57021292849393e-06 -0.002 0
6.84867198482574 1.39692873300512e-07 6.82678863494044e-06 -0.002 0
6.91150383789753 5.5484551979202e-07 5.73581027825271e-06 -0.002 0
6.97433569096933 8.60476050602253e-07 3.51262835424401e-06 -0.002 0
7.03716754404112 9.96255417091388e-07 5.96081384946764e-07 -0.002 0
7.09999939711292 9.35381846597869e-07 -2.43812733355599e-06 -0.002 0
7.16283125018471 6.89871300306749e-07 -4.99106900682531e-06 -0.002 0
7.22566310325651 3.08185617581785e-07 -6.55881314737676e-06 -0.002 0
7.28849495632831 -1.34333467695931e-07 -6.83189946582285e-06 -0.002 0
7.3513268094001 -5.5033618929394e-07 -5.75642288355529e-06 -0.002 0
7.4141586624719 -8.5770690137327e-07 -3.54467396876651e-06 -0.002 0
7.47699051554369 -9.95773057279853e-07 -6.33234457926649e-07 -0.002 0
7.53982236861549 -9.3728149021416e-07 2.40320052477065e-06 -0.002 0
7.60265422168728 -6.93777972730949e-07 4.96526273794858e-06 -0.002 0
7.66548607475908 -3.13328172586865e-07 6.54722137170627e-06 -0.002 0
7.72831792783087 1.28970129780191e-07 6.83681030816208e-06 -0.002 0
7.79114978090267 5.45810748937495e-07 5.77686698248095e-06 -0.002 0
7.85398163397447 8.54912644697296e-07 3.57661582090395e-06 -0.002 0
7.91681348704626 9.9526154844409e-07 6.7036899438717e-07 -0.002 0
7.97964534011806 9.3915369701574e-07 -2.3682033676767e-06 -0.002 0
8.04247719318985 6.976643363601e-07 -4.93931112213481e-06 -0.002 0
8.10530904626165 3.18461555612016e-07 -6.5354379408057e-06 -0.002 0
8.16814089933344 -1.23603016552989e-07 -6.84152101820424e-06 -0.002 0
8.23097275240524 -5.41269331194808e-07 -5.79714197657454e-06 -0.002 0
8.29380460547703 -8.52093362369932e-07 -3.60845297563021e-06 -0.002 0
8.35663645854883 -9.94720905557371e-07 -7.07483907298012e-07 -0.002 0
8.41946831162062 -9.4099841219795e-07 2.33313688673749e-06 -0.002 0
8.48230016469242 -7.01530277429616e-07 4.9132149190594e-06 -0.002 0
8.54513201776422 -3.23585616388958e-07 6.52346319960859e-06 -0.002 0
8.60796387083601 1.18232285124532e-07 6.84603145805384e-06 -0.002 0
8.67079572390781 5.36712069005704e-07 5.81724727233105e-06 -0.002 0
8.7336275769796 8.49249136919351e-07 3.64018450098394e-06 -0.002 0
8.7964594300514 9.94151144445807e-07 7.44578110203291e-07 -0.002 0
8.85929128312319 9.42815581760888e-07 -2.29800210844565e-06 -0.002 0
8.92212313619499 7.05375682772739e-07 -4.8869748926302e-06 -0.002 0
8.98495498926678 3.28700204922297e-07 -6.51129749864863e-06 -0.002 0
9.04778684233858 -1.12858092710946e-07 -6.85034149567786e-06 -0.002 0
9.11061869541038 -5.32139095773819e-07 -5.837182281213e-06 -0.002 0
9.17345054848217 -8.46380051603877e-07 -3.67180946809588e-06 -0.002 0
9.23628240155397 -9.93552281787877e-07 -7.81650517253363e-07 -0.002 0
9.29911425462576 -9.4460515251099e-07 2.26280006129304e-06 -0.002 0
9.36194610769756 -7.09200439823847e-07 4.86059181096515e-06 -0.002 0
9.42477796076935 -3.33805171493917e-07 6.49894119404945e-06 -0.002 0
9.48760981384115 1.07480596629667e-07 6.85445100490962e-06 -0.002 0
9.55044166691294 5.27550545362693e-07 5.8569464196677e-06 -0.002 0
9.61327351998474 8.4348619040955e-07 3.70332695121599e-06 -0.002 0
9.67610537305653 9.92924335113942e-07 8.1870004323661e-07 -0.002 0
9.73893722612833 9.46367072062581e-07 -2.2275317757407e-06 -0.002 0
9.80176907920013 7.1300443662175e-07 -4.83406644636984e-06 -0.002 0
9.86460093227192 3.38900366667365e-07 -6.48639464751418e-06 -0.002 0
9.92743278534372 -1.02099954294839e-07 -6.85835986545246e-06 -0.002 0
9.99026463841551 -5.22946552091856e-07 -5.87653910914429e-06 -0.002 0
10.0530964914873 -8.40567638047672e-07 -3.73473602774059e-06 -0.002 0
10.1159283445591 -9.92267322805735e-07 -8.55725603611206e-07 -0.002 0
10.1787601976309 -9.48101288839418e-07 2.19219828418864e-06 -0.002 0
10.2415920507027 -7.16787561812968e-07 4.80739957531486e-06 -0.002 0
10.3044239037745 -3.43985641292223e-07 6.47365822631485e-06 -0.002 0
10.3672557568463 9.67163232127058e-08 6.86206796288322e-06 -0.002 0
10.4300876099181 5.18327250732889e-07 5.89595977611071e-06 -0.002 0
10.4929194629899 8.37624479952319e-07 3.76603577823939e-06 -0.002 0
10.5557513160617 9.91581264095817e-07 8.92726114536864e-07 -0.002 0
10.6185831691335 9.4980775207619e-07 -2.1568006209456e-06 -0.002 0
10.6814150222053 7.20549704654993e-07 -4.78059197841309e-06 -0.002 0
10.7442468752771 3.49060846508476e-07 -6.46073230328162e-06 -0.002 0
10.8070787283489 -9.13298609769999e-08 -6.86557518865568e-06 -0.002 0
10.8699105814206 -5.13692776505486e-07 -5.91520785207047e-06 -0.002 0
10.9327424344924 -8.3465680227785e-07 -3.79722528648235e-06 -0.002 0
10.9955742875642 -9.9086617906702e-07 -9.29700492906562e-07 -0.002 0
11.058406140636 -9.51486411820012e-07 2.12133982219886e-06 -0.002 0
11.1212379937078 -7.24290755019523e-07 4.75364444039684e-06 -0.002 0
11.1840698467796 -3.54125833750866e-07 6.44761725679193e-06 -0.002 0
11.2469016998514 8.59407252643296e-08 6.86888144010366e-06 -0.002 0
11.3097335529232 5.09043265073492e-07 5.93428277357928e-06 -0.002 0
11.372565405995 8.31664691896375e-07 3.82830363946651e-06 -0.002 0
11.4353972590668 9.90122088651854e-07 9.66647656378251e-07 -0.002 0
11.4982291121386 9.53137218931883e-07 -2.0858169259838e-06 -0.002 0
11.5610609652104 7.28010603395696e-07 -4.72655775009487e-06 -0.002 0
11.6238928182822 3.59180454753245e-07 -6.43431347075937e-06 -0.002 0
11.686724671354 -8.05490738295632e-08 -6.87198662044407e-06 -0.002 0
11.7495565244258 -5.04378852540933e-07 -5.95318398226157e-06 -0.002 0
11.8123883774976 -8.28648236395219e-07 -3.85926992744275e-06 -0.002 0
11.8752202305694 -9.89349014631899e-07 -1.00356652340654e-06 -0.002 0
11.9380520836412 -9.54760125088124e-07 2.05023297215358e-06 -0.002 0
12.000883936713 -7.31709140893289e-07 4.69933270040934e-06 -0.002 0
12.0637157897848 -3.64224561552913e-07 6.42082133462245e-06 -0.002 0
12.1265476428566 7.51550645012108e-08 6.8748906387797e-06 -0.002 0
12.1893794959284 4.99699675448029e-07 5.97191092482683e-06 -0.002 0
12.2522113490002 8.25607524074355e-07 3.89012324394242e-06 -0.002 0
12.3150432020719 9.88546979637165e-07 1.04045601327435e-06 -0.002 0
12.3778750551437 9.56355082781795e-07 -2.01458900234869e-06 -0.002 0
12.4407069082155 7.35386259245907e-07 -4.67197008829255e-06 -0.002 0
12.5035387612873 3.6925800649495e-07 -6.40714124333321e-06 -0.002 0
12.5663706143591 -6.97588551768051e-08 -6.87759341010193e-06 -0.002 0
12.6292024674309 -4.95005870767202e-07 -5.99046305308579e-06 -0.002 0
12.6920343205027 -8.22542643943821e-07 -3.92086268580382e-06 -0.002 0
12.7548661735745 -9.87716007145427e-07 -1.07731504612454e-06 -0.002 0
12.8176980266463 -9.57922045324086e-07 1.97888605996646e-06 -0.002 0
12.8805298797181 -7.39041850814151e-07 4.64447071472363e-06 -0.002 0
12.9433617327899 -3.74280642236539e-07 6.39327359734567e-06 -0.002 0
13.0061935858617 6.43606038182784e-08 6.88009485529319e-06 -0.002 0
13.0690254389335 4.90297575899062e-07 6.00883982396648e-06 -0.002 0
13.1318572920053 8.19453685721114e-07 3.9514873531987e-06 -0.002 0
13.1946891450771 9.86856121481543e-07 1.11414254299156e-06 -0.002 0
13.2575209981489 9.5946096684568e-07 -1.94312519013049e-06 -0.002 0
13.3203528512207 7.42675808588774e-07 -4.61683538468511e-06 -0.002 0
13.3831847042925 3.79292321751274e-07 -6.37921880260407e-06 -0.002 0
13.4460165573643 -5.89604684473391e-08 -6.88239490112928e-06 -0.002 0
13.5088484104361 -4.8557492866839e-07 -6.02704069953012e-06 -0.002 0
13.5716802635079 -8.1634073982856e-07 -3.98199634965856e-06 -0.002 0
13.6345121165797 -9.85967347816738e-07 -1.15093742583299e-06 -0.002 0
13.6973439696514 -9.60971802298098e-07 1.90730743966009e-06 -0.002 0
13.7601758227232 -7.46288026193806e-07 4.58906490713932e-06 -0.002 0
13.823007675795 -3.84292898333473e-07 6.36497727053103e-06 -0.002 0
13.8858395288668 5.35586071408458e-08 6.88449348028151e-06 -0.002 0
13.9486713819386 4.80838067320095e-07 6.04506514698688e-06 -0.002 0
14.0115032350104 8.13203897390673e-07 4.01238878210092e-06 -0.002 0
14.0743350880822 9.85049712167869e-07 1.18769861756109e-06 -0.002 0
14.137166941154 9.62454507455021e-07 -1.87143385703962e-06 -0.002 0
14.1999987942258 7.49878397889674e-07 -4.56116009500476e-06 -0.002 0
14.2628306472976 3.89282225602466e-07 -6.35054941801547e-06 -0.002 0
14.3256625003694 -4.81551780261798e-08 -6.88639053131867e-06 -0.002 0
14.3884943534412 -4.76087130515177e-07 -6.06291263871146e-06 -0.002 0
14.451326206513 -8.10043250231485e-07 -4.04266376085545e-06 -0.002 0
14.5141580595848 -9.84103241396663e-07 -1.22442504207439e-06 -0.002 0
14.5769899126566 -9.63909038913577e-07 1.8355054923878e-06 -0.002 0
14.6398217657284 -7.53446818576294e-07 4.53312176513224e-06 -0.002 0
14.7026536188002 -3.94260157506879e-07 6.33593566740044e-06 -0.002 0
14.765485471872 4.27503392766166e-08 6.88808599870886e-06 -0.002 0
14.8283173249438 4.71322257326661e-07 6.08058265225855e-06 -0.002 0
14.8911491780156 8.06858890871857e-07 4.07282039969e-06 -0.002 0
14.9539810310874 9.8312796320893e-07 1.26111562428913e-06 -0.002 0
15.0168128841592 9.65335354095618e-07 -1.79952339742697e-06 -0.002 0
15.0796447372309 7.5699318379615e-07 -4.50495073828104e-06 -0.002 0
15.1424765903027 3.99226548328914e-07 -6.32113644647073e-06 -0.002 0
15.2053084433745 -3.73442491066961e-08 -6.88957983282107e-06 -0.002 0
15.2681402964463 -4.66543587235529e-07 -6.0980746703781e-06 -0.002 0
15.3309721495181 -8.0365091252677e-07 -4.10285781583656e-06 -0.002 0
15.3938040025899 -9.82123906153754e-07 -1.29776929017076e-06 -0.002 0
15.4566358556617 -9.66733411248965e-07 1.76348862545231e-06 -0.002 0
15.5194677087335 -7.60517389737348e-07 4.4766478390948e-06 -0.002 0
15.5822995618053 -4.04181252688611e-07 6.30615218844037e-06 -0.002 0
15.6451314148771 3.19370657675902e-08 6.89087198992665e-06 -0.002 0
15.7079632679489 4.61751260126638e-07 6.1153881810305e-06 -0.002 0
15.7707951210207 8.004194091026e-07 4.13277513001711e-06 -0.002 0
15.8336269740925 9.81091099622652e-07 1.33438496676536e-06 -0.002 0
15.8964588271643 9.68103169448629e-07 -1.72740223130099e-06 -0.002 0
15.9592906802361 7.6401933323666e-07 -4.44821389607747e-06 -0.002 0
16.0221225333079 4.09124125548108e-07 -6.29098333193991e-06 -0.002 0
16.0849543863797 -2.65289475424707e-08 -6.89196243220059e-06 -0.002 0
16.1477862394515 -4.5694541628462e-07 -6.13252267740152e-06 -0.002 0
16.2106180925233 -7.97164475194367e-07 -4.16257146646933e-06 -0.002 0
16.2734499455951 -9.80029573848723e-07 -1.37096158223108e-06 -0.002 0
16.3362817986669 -9.69444588598007e-07 1.69126527132132e-06 -0.002 0
16.3991136517387 -7.67498911782539e-07 4.41964974156899e-06 -0.002 0
16.4619455048105 -4.1405502221588e-07 6.27563032100363e-06 -0.002 0
16.5247773578822 2.11200527418763e-08 6.89285112772265e-06 -0.002 0
16.587609210954 4.52126196389783e-07 6.1494776579172e-06 -0.002 0
16.6504410640258 7.93886206082965e-07 4.19224595297227e-06 -0.002 0
16.7132729170976 9.78939359905753e-07 1.40749806586949e-06 -0.002 0
16.7761047701694 9.70757629430062e-07 -1.6550788033418e-06 -0.002 0
16.8389366232412 7.70956023518122e-07 -4.39095621172097e-06 -0.002 0
16.901768476313 4.1897379835098e-07 -6.26009360505652e-06 -0.002 0
16.9646003293848 -1.57105396990784e-08 -6.89353805047825e-06 -0.002 0
17.0274321824566 -4.47293741513987e-07 -6.16625262625848e-06 -0.002 0
17.0902640355284 -7.90584697732374e-07 -4.22179772087184e-06 -0.002 0
17.1530958886002 -9.77820489707312e-07 -1.44399334815692e-06 -0.002 0
17.215927741672 -9.72042253508467e-07 1.61884388664016e-06 -0.002 0
17.2787595947438 -7.74390567244212e-07 4.36213414647216e-06 -0.002 0
17.3415914478156 -4.23880309967262e-07 6.2443736389011e-06 -0.002 0
17.4044233008874 1.0300566765446e-08 6.89402318035927e-06 -0.002 0
17.4672551539592 4.42448193116515e-07 6.18284709137576e-06 -0.002 0
17.530087007031 7.87260046786851e-07 4.25122590510629e-06 -0.002 0
17.5929188601028 9.76672996005816e-07 1.48044636077579e-06 -0.002 0
17.6557507131746 9.7329842322873e-07 -1.58256158191238e-06 -0.002 0
17.7185825662464 7.77802442422241e-07 -4.33318438952392e-06 -0.002 0
17.7814144193182 4.28774413437597e-07 -6.22847088270415e-06 -0.002 0
17.84424627239 -4.89029230581015e-09 -6.89430650316462e-06 -0.002 0
17.9070781254617 -4.37589693039936e-07 -6.19926056750329e-06 -0.002 0
17.9699099785335 -7.83912350568099e-07 -4.28052964423147e-06 -0.002 0
18.0327418316053 -9.75496912391573e-07 -1.51685603664587e-06 -0.002 0
18.0955736846771 -9.74526101819299e-07 1.54623295124159e-06 -0.002 0
18.1584055377489 -7.81191549177211e-07 4.30410778831551e-06 -0.002 0
18.2212373908207 -4.33655965498074e-07 6.21238580198321e-06 -0.002 0
18.2840692438925 -5.20125306171207e-10 6.89438801060067e-06 -0.002 0
18.3469010969643 4.3271838350595e-07 6.21549257417332e-06 -0.002 0
18.4097329500361 7.80541707072422e-07 4.30970808044612e-06 -0.002 0
18.4725648031079 9.74292273291794e-07 1.55322130995551e-06 -0.002 0
18.5353966561797 9.75725253342635e-07 -1.50985905806704e-06 -0.002 0
18.5982285092515 7.84557788300617e-07 -4.27490519399924e-06 -0.002 0
18.6610603623233 4.38524823252201e-07 -6.19611886759297e-06 -0.002 0
18.7238922153951 5.93052769265021e-09 -6.89426770028145e-06 -0.002 0
18.7867240684669 -4.27834407111224e-07 -6.23154263623026e-06 -0.002 0
18.8495559215387 -7.77148214967852e-07 -4.33876035961691e-06 -0.002 0
